[ 2017-05-25T00:01:14+08:00 ] 127.0.0.1 /favicon.ico
INFO: [ app_init ] --START--
INFO: Run Behavior\BuildLiteBehavior [ RunTime:0.000000s ]
INFO: [ app_init ] --END-- [ RunTime:0.000000s ]

[ 2017-05-25T13:29:50+08:00 ] 127.0.0.1 /
INFO: [ app_init ] --START--
INFO: Run Behavior\BuildLiteBehavior [ RunTime:0.000000s ]
INFO: [ app_init ] --END-- [ RunTime:0.001000s ]
INFO: [ app_begin ] --START--
INFO: Run Behavior\ReadHtmlCacheBehavior [ RunTime:0.012000s ]
INFO: Run Behavior\CheckLangBehavior [ RunTime:0.001000s ]
INFO: [ app_begin ] --END-- [ RunTime:0.014000s ]
SQL: SHOW COLUMNS FROM `admin` [ RunTime:0.0050s ]
SQL: SELECT * FROM `admin` WHERE ( adminuser='admin' ) LIMIT 1   [ RunTime:0.0010s ]
SQL: SHOW COLUMNS FROM `article` [ RunTime:0.0050s ]
SQL: SELECT * FROM `article` INNER JOIN category ON article.catid = category.catid  WHERE ( auditing = 1 and admin_id='1' ) ORDER BY hit desc,addtime desc LIMIT 10   [ RunTime:0.0070s ]
SQL: SELECT * FROM `article` INNER JOIN category ON article.catid = category.catid  WHERE ( auditing = 1 and admin_id='1' ) ORDER BY comment desc LIMIT 10   [ RunTime:0.0060s ]
SQL: SHOW COLUMNS FROM `category` [ RunTime:0.0040s ]
SQL: SELECT * FROM `category`  [ RunTime:0.0010s ]
SQL: SELECT * FROM `article` INNER JOIN category ON article.catid = category.catid  WHERE ( admin_id='1' ) ORDER BY tag desc,uptime desc LIMIT 10   [ RunTime:0.0080s ]
INFO: [ view_parse ] --START--
INFO: [ template_filter ] --START--
INFO: Run Behavior\ContentReplaceBehavior [ RunTime:0.000000s ]
INFO: [ template_filter ] --END-- [ RunTime:0.001000s ]
NOTIC: [2] Missing argument 3 for format_datetime(), called in E:\xampp\htdocs\think\app\Runtime\Cache\Home\0b3445db061f7b092197228f7d7f5bd5.php on line 96 and defined E:\xampp\htdocs\think\app\Home\Common\function.php 第 88 行.
NOTIC: [2] Missing argument 3 for format_datetime(), called in E:\xampp\htdocs\think\app\Runtime\Cache\Home\0b3445db061f7b092197228f7d7f5bd5.php on line 96 and defined E:\xampp\htdocs\think\app\Home\Common\function.php 第 88 行.
NOTIC: [2] Missing argument 3 for format_datetime(), called in E:\xampp\htdocs\think\app\Runtime\Cache\Home\0b3445db061f7b092197228f7d7f5bd5.php on line 96 and defined E:\xampp\htdocs\think\app\Home\Common\function.php 第 88 行.
NOTIC: [2] Missing argument 3 for format_datetime(), called in E:\xampp\htdocs\think\app\Runtime\Cache\Home\0b3445db061f7b092197228f7d7f5bd5.php on line 96 and defined E:\xampp\htdocs\think\app\Home\Common\function.php 第 88 行.
NOTIC: [2] Missing argument 3 for format_datetime(), called in E:\xampp\htdocs\think\app\Runtime\Cache\Home\0b3445db061f7b092197228f7d7f5bd5.php on line 96 and defined E:\xampp\htdocs\think\app\Home\Common\function.php 第 88 行.
NOTIC: [2] Missing argument 3 for format_datetime(), called in E:\xampp\htdocs\think\app\Runtime\Cache\Home\0b3445db061f7b092197228f7d7f5bd5.php on line 96 and defined E:\xampp\htdocs\think\app\Home\Common\function.php 第 88 行.
NOTIC: [2] Missing argument 3 for format_datetime(), called in E:\xampp\htdocs\think\app\Runtime\Cache\Home\0b3445db061f7b092197228f7d7f5bd5.php on line 96 and defined E:\xampp\htdocs\think\app\Home\Common\function.php 第 88 行.
NOTIC: [2] Missing argument 3 for format_datetime(), called in E:\xampp\htdocs\think\app\Runtime\Cache\Home\0b3445db061f7b092197228f7d7f5bd5.php on line 96 and defined E:\xampp\htdocs\think\app\Home\Common\function.php 第 88 行.
NOTIC: [2] Missing argument 3 for format_datetime(), called in E:\xampp\htdocs\think\app\Runtime\Cache\Home\0b3445db061f7b092197228f7d7f5bd5.php on line 96 and defined E:\xampp\htdocs\think\app\Home\Common\function.php 第 88 行.
NOTIC: [2] Missing argument 3 for format_datetime(), called in E:\xampp\htdocs\think\app\Runtime\Cache\Home\0b3445db061f7b092197228f7d7f5bd5.php on line 96 and defined E:\xampp\htdocs\think\app\Home\Common\function.php 第 88 行.
INFO: Run Behavior\ParseTemplateBehavior [ RunTime:0.128007s ]
INFO: [ view_parse ] --END-- [ RunTime:0.128007s ]
INFO: [ view_filter ] --START--
INFO: Run Behavior\WriteHtmlCacheBehavior [ RunTime:0.035002s ]
INFO: [ view_filter ] --END-- [ RunTime:0.035002s ]
INFO: [ app_end ] --START--
INFO: Run Behavior\ShowPageTraceBehavior [ RunTime:0.014001s ]
INFO: [ app_end ] --END-- [ RunTime:0.015001s ]

