[ 2017-05-03T08:59:50+08:00 ] 127.0.0.1 /
INFO: [ app_init ] --START--
INFO: Run Behavior\BuildLiteBehavior [ RunTime:0.000977s ]
INFO: [ app_init ] --END-- [ RunTime:0.000977s ]
INFO: [ app_begin ] --START--
INFO: Run Behavior\ReadHtmlCacheBehavior [ RunTime:0.000977s ]
INFO: Run Behavior\CheckLangBehavior [ RunTime:0.000000s ]
INFO: [ app_begin ] --END-- [ RunTime:0.000977s ]
SQL: SHOW COLUMNS FROM `article` [ RunTime:0.0039s ]
SQL: SELECT * FROM `article` WHERE ( auditing = 1 and admin_id='4' ) ORDER BY hit desc,addtime desc LIMIT 10   [ RunTime:0.0176s ]
SQL: SELECT * FROM `article` WHERE ( auditing = 1 and admin_id='4' ) ORDER BY addtime desc LIMIT 10   [ RunTime:0.0010s ]
SQL: SHOW COLUMNS FROM `category` [ RunTime:0.0410s ]
SQL: SELECT * FROM `category`  [ RunTime:0.0010s ]
SQL: SELECT * FROM `article` INNER JOIN category ON article.catid = category.catid  WHERE ( admin_id='4' ) ORDER BY uptime desc,tag desc LIMIT 10   [ RunTime:0.0068s ]
INFO: [ view_parse ] --START--
INFO: [ template_filter ] --START--
INFO: Run Behavior\ContentReplaceBehavior [ RunTime:0.000977s ]
INFO: [ template_filter ] --END-- [ RunTime:0.000977s ]
NOTIC: [2] Missing argument 3 for format_datetime(), called in C:\Program\www\thinkphp\app\Runtime\Cache\Home\0b3445db061f7b092197228f7d7f5bd5.php on line 83 and defined C:\Program\www\thinkphp\app\Home\Common\function.php 第 88 行.
NOTIC: [2] Missing argument 3 for format_datetime(), called in C:\Program\www\thinkphp\app\Runtime\Cache\Home\0b3445db061f7b092197228f7d7f5bd5.php on line 83 and defined C:\Program\www\thinkphp\app\Home\Common\function.php 第 88 行.
NOTIC: [2] Missing argument 3 for format_datetime(), called in C:\Program\www\thinkphp\app\Runtime\Cache\Home\0b3445db061f7b092197228f7d7f5bd5.php on line 83 and defined C:\Program\www\thinkphp\app\Home\Common\function.php 第 88 行.
NOTIC: [2] Missing argument 3 for format_datetime(), called in C:\Program\www\thinkphp\app\Runtime\Cache\Home\0b3445db061f7b092197228f7d7f5bd5.php on line 83 and defined C:\Program\www\thinkphp\app\Home\Common\function.php 第 88 行.
NOTIC: [2] Missing argument 3 for format_datetime(), called in C:\Program\www\thinkphp\app\Runtime\Cache\Home\0b3445db061f7b092197228f7d7f5bd5.php on line 83 and defined C:\Program\www\thinkphp\app\Home\Common\function.php 第 88 行.
NOTIC: [2] Missing argument 3 for format_datetime(), called in C:\Program\www\thinkphp\app\Runtime\Cache\Home\0b3445db061f7b092197228f7d7f5bd5.php on line 83 and defined C:\Program\www\thinkphp\app\Home\Common\function.php 第 88 行.
INFO: Run Behavior\ParseTemplateBehavior [ RunTime:0.074219s ]
INFO: [ view_parse ] --END-- [ RunTime:0.075195s ]
INFO: [ view_filter ] --START--
INFO: Run Behavior\WriteHtmlCacheBehavior [ RunTime:0.000976s ]
INFO: [ view_filter ] --END-- [ RunTime:0.000976s ]
INFO: [ app_end ] --START--
INFO: Run Behavior\ShowPageTraceBehavior [ RunTime:0.000000s ]
INFO: [ app_end ] --END-- [ RunTime:0.000977s ]

[ 2017-05-03T08:59:52+08:00 ] 127.0.0.1 /article/index.html
INFO: [ app_init ] --START--
INFO: Run Behavior\BuildLiteBehavior [ RunTime:0.000000s ]
INFO: [ app_init ] --END-- [ RunTime:0.000976s ]
INFO: [ app_begin ] --START--
INFO: Run Behavior\ReadHtmlCacheBehavior [ RunTime:0.000976s ]
INFO: Run Behavior\CheckLangBehavior [ RunTime:0.000000s ]
INFO: [ app_begin ] --END-- [ RunTime:0.000976s ]
SQL: SHOW COLUMNS FROM `article` [ RunTime:0.0068s ]
SQL: SELECT * FROM `article` WHERE ( auditing = 1 and admin_id='4' ) ORDER BY hit desc,addtime desc LIMIT 10   [ RunTime:0.0020s ]
SQL: SELECT * FROM `article` WHERE ( auditing = 1 and admin_id='4' ) ORDER BY addtime desc LIMIT 10   [ RunTime:0.0020s ]
SQL: SHOW COLUMNS FROM `category` [ RunTime:0.0049s ]
SQL: SELECT * FROM `category`  [ RunTime:0.0010s ]
INFO: [ view_parse ] --START--
INFO: [ template_filter ] --START--
INFO: Run Behavior\ContentReplaceBehavior [ RunTime:0.000977s ]
INFO: [ template_filter ] --END-- [ RunTime:0.000977s ]
INFO: Run Behavior\ParseTemplateBehavior [ RunTime:0.055664s ]
INFO: [ view_parse ] --END-- [ RunTime:0.055664s ]
INFO: [ view_filter ] --START--
INFO: Run Behavior\WriteHtmlCacheBehavior [ RunTime:0.000977s ]
INFO: [ view_filter ] --END-- [ RunTime:0.000977s ]
INFO: [ app_end ] --START--
INFO: Run Behavior\ShowPageTraceBehavior [ RunTime:0.000977s ]
INFO: [ app_end ] --END-- [ RunTime:0.001953s ]

[ 2017-05-03T08:59:52+08:00 ] 127.0.0.1 /article/page.html
INFO: [ app_init ] --START--
INFO: Run Behavior\BuildLiteBehavior [ RunTime:0.000000s ]
INFO: [ app_init ] --END-- [ RunTime:0.000000s ]
INFO: [ app_begin ] --START--
INFO: Run Behavior\ReadHtmlCacheBehavior [ RunTime:0.001953s ]
INFO: Run Behavior\CheckLangBehavior [ RunTime:0.000977s ]
INFO: [ app_begin ] --END-- [ RunTime:0.002930s ]
SQL: SHOW COLUMNS FROM `article` [ RunTime:0.0029s ]
SQL: SELECT * FROM `article` WHERE ( auditing = 1 and admin_id='4' ) ORDER BY hit desc,addtime desc LIMIT 10   [ RunTime:0.0020s ]
SQL: SELECT * FROM `article` WHERE ( auditing = 1 and admin_id='4' ) ORDER BY addtime desc LIMIT 10   [ RunTime:0.0010s ]
SQL: SHOW COLUMNS FROM `category` [ RunTime:0.0039s ]
SQL: SELECT * FROM `category`  [ RunTime:0.0000s ]
SQL: SELECT COUNT(*) AS tp_count FROM `article` WHERE ( auditing=1 and admin_id='4' ) LIMIT 1   [ RunTime:0.0010s ]
SQL: SELECT * FROM `article` INNER JOIN category ON article.catid = category.catid  WHERE ( auditing=1 and admin_id='4' ) ORDER BY addtime desc,tag desc LIMIT 0,4   [ RunTime:0.0039s ]

[ 2017-05-03T08:59:56+08:00 ] 127.0.0.1 /article/php.html
INFO: [ app_init ] --START--
INFO: Run Behavior\BuildLiteBehavior [ RunTime:0.000000s ]
INFO: [ app_init ] --END-- [ RunTime:0.000976s ]
INFO: [ app_begin ] --START--
INFO: Run Behavior\ReadHtmlCacheBehavior [ RunTime:0.000976s ]
INFO: Run Behavior\CheckLangBehavior [ RunTime:0.000977s ]
INFO: [ app_begin ] --END-- [ RunTime:0.001953s ]
SQL: SHOW COLUMNS FROM `article` [ RunTime:0.0039s ]
SQL: SELECT * FROM `article` WHERE ( auditing = 1 and admin_id='4' ) ORDER BY hit desc,addtime desc LIMIT 10   [ RunTime:0.0020s ]
SQL: SELECT * FROM `article` WHERE ( auditing = 1 and admin_id='4' ) ORDER BY addtime desc LIMIT 10   [ RunTime:0.0020s ]
SQL: SHOW COLUMNS FROM `category` [ RunTime:0.0039s ]
SQL: SELECT * FROM `category`  [ RunTime:0.0010s ]
SQL: SELECT * FROM `article` INNER JOIN category ON article.catid = category.catid  WHERE `auditing` = 1 AND `name` = 'PHP' AND `admin_id` = '4' ORDER BY addtime desc,tag desc  [ RunTime:0.0049s ]
INFO: [ view_parse ] --START--
INFO: [ template_filter ] --START--
INFO: Run Behavior\ContentReplaceBehavior [ RunTime:0.000977s ]
INFO: [ template_filter ] --END-- [ RunTime:0.000977s ]
NOTIC: [2] Missing argument 3 for format_datetime(), called in C:\Program\www\thinkphp\app\Runtime\Cache\Home\2aa92a1edf1fa3631c4805feffff55e7.php on line 100 and defined C:\Program\www\thinkphp\app\Home\Common\function.php 第 88 行.
NOTIC: [2] Missing argument 3 for format_datetime(), called in C:\Program\www\thinkphp\app\Runtime\Cache\Home\2aa92a1edf1fa3631c4805feffff55e7.php on line 100 and defined C:\Program\www\thinkphp\app\Home\Common\function.php 第 88 行.
NOTIC: [2] Missing argument 3 for format_datetime(), called in C:\Program\www\thinkphp\app\Runtime\Cache\Home\2aa92a1edf1fa3631c4805feffff55e7.php on line 100 and defined C:\Program\www\thinkphp\app\Home\Common\function.php 第 88 行.
NOTIC: [2] Missing argument 3 for format_datetime(), called in C:\Program\www\thinkphp\app\Runtime\Cache\Home\2aa92a1edf1fa3631c4805feffff55e7.php on line 100 and defined C:\Program\www\thinkphp\app\Home\Common\function.php 第 88 行.
INFO: Run Behavior\ParseTemplateBehavior [ RunTime:0.048828s ]
INFO: [ view_parse ] --END-- [ RunTime:0.048828s ]
INFO: [ view_filter ] --START--
INFO: Run Behavior\WriteHtmlCacheBehavior [ RunTime:0.000000s ]
INFO: [ view_filter ] --END-- [ RunTime:0.000000s ]
INFO: [ app_end ] --START--
INFO: Run Behavior\ShowPageTraceBehavior [ RunTime:0.000977s ]
INFO: [ app_end ] --END-- [ RunTime:0.000977s ]

[ 2017-05-03T08:59:59+08:00 ] 127.0.0.1 /article/webfrontend.html
INFO: [ app_init ] --START--
INFO: Run Behavior\BuildLiteBehavior [ RunTime:0.000000s ]
INFO: [ app_init ] --END-- [ RunTime:0.000976s ]
INFO: [ app_begin ] --START--
INFO: Run Behavior\ReadHtmlCacheBehavior [ RunTime:0.000976s ]
INFO: Run Behavior\CheckLangBehavior [ RunTime:0.000977s ]
INFO: [ app_begin ] --END-- [ RunTime:0.001953s ]
SQL: SHOW COLUMNS FROM `article` [ RunTime:0.0029s ]
SQL: SELECT * FROM `article` WHERE ( auditing = 1 and admin_id='4' ) ORDER BY hit desc,addtime desc LIMIT 10   [ RunTime:0.0010s ]
SQL: SELECT * FROM `article` WHERE ( auditing = 1 and admin_id='4' ) ORDER BY addtime desc LIMIT 10   [ RunTime:0.0010s ]
SQL: SHOW COLUMNS FROM `category` [ RunTime:0.0049s ]
SQL: SELECT * FROM `category`  [ RunTime:0.0010s ]
SQL: SELECT * FROM `article` INNER JOIN category ON article.catid = category.catid  WHERE `auditing` = 1 AND `name` = '前端' AND `admin_id` = '4' ORDER BY addtime desc,tag desc  [ RunTime:0.0039s ]
INFO: [ view_parse ] --START--
INFO: [ template_filter ] --START--
INFO: Run Behavior\ContentReplaceBehavior [ RunTime:0.000000s ]
INFO: [ template_filter ] --END-- [ RunTime:0.000000s ]
NOTIC: [2] Missing argument 3 for format_datetime(), called in C:\Program\www\thinkphp\app\Runtime\Cache\Home\defd883ca8bd6c5b3bd1d63ca91e9cd3.php on line 100 and defined C:\Program\www\thinkphp\app\Home\Common\function.php 第 88 行.
INFO: Run Behavior\ParseTemplateBehavior [ RunTime:0.062500s ]
INFO: [ view_parse ] --END-- [ RunTime:0.062500s ]
INFO: [ view_filter ] --START--
INFO: Run Behavior\WriteHtmlCacheBehavior [ RunTime:0.000000s ]
INFO: [ view_filter ] --END-- [ RunTime:0.000000s ]
INFO: [ app_end ] --START--
INFO: Run Behavior\ShowPageTraceBehavior [ RunTime:0.000976s ]
INFO: [ app_end ] --END-- [ RunTime:0.000976s ]

[ 2017-05-03T09:00:02+08:00 ] 127.0.0.1 /article/talk.html
INFO: [ app_init ] --START--
INFO: Run Behavior\BuildLiteBehavior [ RunTime:0.000000s ]
INFO: [ app_init ] --END-- [ RunTime:0.000000s ]
INFO: [ app_begin ] --START--
INFO: Run Behavior\ReadHtmlCacheBehavior [ RunTime:0.000000s ]
INFO: Run Behavior\CheckLangBehavior [ RunTime:0.000976s ]
INFO: [ app_begin ] --END-- [ RunTime:0.000976s ]
SQL: SHOW COLUMNS FROM `article` [ RunTime:0.0029s ]
SQL: SELECT * FROM `article` WHERE ( auditing = 1 and admin_id='4' ) ORDER BY hit desc,addtime desc LIMIT 10   [ RunTime:0.0020s ]
SQL: SELECT * FROM `article` WHERE ( auditing = 1 and admin_id='4' ) ORDER BY addtime desc LIMIT 10   [ RunTime:0.0020s ]
SQL: SHOW COLUMNS FROM `category` [ RunTime:0.0039s ]
SQL: SELECT * FROM `category`  [ RunTime:0.0010s ]
SQL: SELECT * FROM `article` INNER JOIN category ON article.catid = category.catid  WHERE `auditing` = 1 AND `name` = '杂谈' AND `admin_id` = '4' ORDER BY addtime desc,tag desc  [ RunTime:0.0039s ]
INFO: [ view_parse ] --START--
INFO: [ template_filter ] --START--
INFO: Run Behavior\ContentReplaceBehavior [ RunTime:0.000000s ]
INFO: [ template_filter ] --END-- [ RunTime:0.000976s ]
NOTIC: [2] Missing argument 3 for format_datetime(), called in C:\Program\www\thinkphp\app\Runtime\Cache\Home\42c1e88c8f9048d988f4910ff344a844.php on line 78 and defined C:\Program\www\thinkphp\app\Home\Common\function.php 第 88 行.
NOTIC: [8] Undefined index: name C:\Program\www\thinkphp\app\Runtime\Cache\Home\42c1e88c8f9048d988f4910ff344a844.php 第 80 行.
NOTIC: [2] Missing argument 3 for format_datetime(), called in C:\Program\www\thinkphp\app\Runtime\Cache\Home\42c1e88c8f9048d988f4910ff344a844.php on line 78 and defined C:\Program\www\thinkphp\app\Home\Common\function.php 第 88 行.
NOTIC: [8] Undefined index: name C:\Program\www\thinkphp\app\Runtime\Cache\Home\42c1e88c8f9048d988f4910ff344a844.php 第 80 行.
NOTIC: [2] Missing argument 3 for format_datetime(), called in C:\Program\www\thinkphp\app\Runtime\Cache\Home\42c1e88c8f9048d988f4910ff344a844.php on line 78 and defined C:\Program\www\thinkphp\app\Home\Common\function.php 第 88 行.
NOTIC: [8] Undefined index: name C:\Program\www\thinkphp\app\Runtime\Cache\Home\42c1e88c8f9048d988f4910ff344a844.php 第 80 行.
NOTIC: [2] Missing argument 3 for format_datetime(), called in C:\Program\www\thinkphp\app\Runtime\Cache\Home\42c1e88c8f9048d988f4910ff344a844.php on line 78 and defined C:\Program\www\thinkphp\app\Home\Common\function.php 第 88 行.
NOTIC: [8] Undefined index: name C:\Program\www\thinkphp\app\Runtime\Cache\Home\42c1e88c8f9048d988f4910ff344a844.php 第 80 行.
NOTIC: [2] Missing argument 3 for format_datetime(), called in C:\Program\www\thinkphp\app\Runtime\Cache\Home\42c1e88c8f9048d988f4910ff344a844.php on line 78 and defined C:\Program\www\thinkphp\app\Home\Common\function.php 第 88 行.
NOTIC: [8] Undefined index: name C:\Program\www\thinkphp\app\Runtime\Cache\Home\42c1e88c8f9048d988f4910ff344a844.php 第 80 行.
NOTIC: [2] Missing argument 3 for format_datetime(), called in C:\Program\www\thinkphp\app\Runtime\Cache\Home\42c1e88c8f9048d988f4910ff344a844.php on line 78 and defined C:\Program\www\thinkphp\app\Home\Common\function.php 第 88 行.
NOTIC: [8] Undefined index: name C:\Program\www\thinkphp\app\Runtime\Cache\Home\42c1e88c8f9048d988f4910ff344a844.php 第 80 行.
INFO: Run Behavior\ParseTemplateBehavior [ RunTime:0.050781s ]
INFO: [ view_parse ] --END-- [ RunTime:0.051757s ]
INFO: [ view_filter ] --START--
INFO: Run Behavior\WriteHtmlCacheBehavior [ RunTime:0.000977s ]
INFO: [ view_filter ] --END-- [ RunTime:0.000977s ]
INFO: [ app_end ] --START--
INFO: Run Behavior\ShowPageTraceBehavior [ RunTime:0.000977s ]
INFO: [ app_end ] --END-- [ RunTime:0.001954s ]

[ 2017-05-03T09:00:04+08:00 ] 127.0.0.1 /article/life.html
INFO: [ app_init ] --START--
INFO: Run Behavior\BuildLiteBehavior [ RunTime:0.000000s ]
INFO: [ app_init ] --END-- [ RunTime:0.000976s ]
INFO: [ app_begin ] --START--
INFO: Run Behavior\ReadHtmlCacheBehavior [ RunTime:0.000976s ]
INFO: Run Behavior\CheckLangBehavior [ RunTime:0.000000s ]
INFO: [ app_begin ] --END-- [ RunTime:0.000976s ]
SQL: SHOW COLUMNS FROM `article` [ RunTime:0.0029s ]
SQL: SELECT * FROM `article` WHERE ( auditing = 1 and admin_id='4' ) ORDER BY hit desc,addtime desc LIMIT 10   [ RunTime:0.0020s ]
SQL: SELECT * FROM `article` WHERE ( auditing = 1 and admin_id='4' ) ORDER BY addtime desc LIMIT 10   [ RunTime:0.0010s ]
SQL: SHOW COLUMNS FROM `category` [ RunTime:0.0039s ]
SQL: SELECT * FROM `category`  [ RunTime:0.0010s ]
SQL: SELECT * FROM `article` INNER JOIN category ON article.catid = category.catid  WHERE `auditing` = 1 AND `name` = '生活百科' AND `admin_id` = '4' ORDER BY addtime desc,tag desc  [ RunTime:0.0029s ]
INFO: [ view_parse ] --START--
INFO: [ template_filter ] --START--
INFO: Run Behavior\ContentReplaceBehavior [ RunTime:0.000976s ]
INFO: [ template_filter ] --END-- [ RunTime:0.000976s ]
NOTIC: [2] Missing argument 3 for format_datetime(), called in C:\Program\www\thinkphp\app\Runtime\Cache\Home\c8a09095859a54bb2e5b468b330aba8d.php on line 100 and defined C:\Program\www\thinkphp\app\Home\Common\function.php 第 88 行.
INFO: Run Behavior\ParseTemplateBehavior [ RunTime:0.040039s ]
INFO: [ view_parse ] --END-- [ RunTime:0.040039s ]
INFO: [ view_filter ] --START--
INFO: Run Behavior\WriteHtmlCacheBehavior [ RunTime:0.000977s ]
INFO: [ view_filter ] --END-- [ RunTime:0.000977s ]
INFO: [ app_end ] --START--
INFO: Run Behavior\ShowPageTraceBehavior [ RunTime:0.001953s ]
INFO: [ app_end ] --END-- [ RunTime:0.001953s ]

[ 2017-05-03T09:01:05+08:00 ] 127.0.0.1 /article/php.html
INFO: [ app_init ] --START--
INFO: Run Behavior\BuildLiteBehavior [ RunTime:0.000000s ]
INFO: [ app_init ] --END-- [ RunTime:0.000977s ]
INFO: [ app_begin ] --START--
INFO: Run Behavior\ReadHtmlCacheBehavior [ RunTime:0.000976s ]
INFO: Run Behavior\CheckLangBehavior [ RunTime:0.000977s ]
INFO: [ app_begin ] --END-- [ RunTime:0.002930s ]
SQL: SHOW COLUMNS FROM `article` [ RunTime:0.0059s ]
SQL: SELECT * FROM `article` WHERE ( auditing = 1 and admin_id='4' ) ORDER BY hit desc,addtime desc LIMIT 10   [ RunTime:0.0010s ]
SQL: SELECT * FROM `article` WHERE ( auditing = 1 and admin_id='4' ) ORDER BY addtime desc LIMIT 10   [ RunTime:0.0010s ]
SQL: SHOW COLUMNS FROM `category` [ RunTime:0.0020s ]
SQL: SELECT * FROM `category`  [ RunTime:0.0010s ]
SQL: SELECT * FROM `article` INNER JOIN category ON article.catid = category.catid  WHERE `auditing` = 1 AND `name` = 'PHP' AND `admin_id` = '4' ORDER BY addtime desc,tag desc  [ RunTime:0.0078s ]
INFO: [ view_parse ] --START--
INFO: [ template_filter ] --START--
INFO: Run Behavior\ContentReplaceBehavior [ RunTime:0.000000s ]
INFO: [ template_filter ] --END-- [ RunTime:0.000000s ]
NOTIC: [2] Missing argument 3 for format_datetime(), called in C:\Program\www\thinkphp\app\Runtime\Cache\Home\2aa92a1edf1fa3631c4805feffff55e7.php on line 100 and defined C:\Program\www\thinkphp\app\Home\Common\function.php 第 88 行.
NOTIC: [2] Missing argument 3 for format_datetime(), called in C:\Program\www\thinkphp\app\Runtime\Cache\Home\2aa92a1edf1fa3631c4805feffff55e7.php on line 100 and defined C:\Program\www\thinkphp\app\Home\Common\function.php 第 88 行.
NOTIC: [2] Missing argument 3 for format_datetime(), called in C:\Program\www\thinkphp\app\Runtime\Cache\Home\2aa92a1edf1fa3631c4805feffff55e7.php on line 100 and defined C:\Program\www\thinkphp\app\Home\Common\function.php 第 88 行.
INFO: Run Behavior\ParseTemplateBehavior [ RunTime:0.041016s ]
INFO: [ view_parse ] --END-- [ RunTime:0.041016s ]
INFO: [ view_filter ] --START--
INFO: Run Behavior\WriteHtmlCacheBehavior [ RunTime:0.000977s ]
INFO: [ view_filter ] --END-- [ RunTime:0.000977s ]
INFO: [ app_end ] --START--
INFO: Run Behavior\ShowPageTraceBehavior [ RunTime:0.001954s ]
INFO: [ app_end ] --END-- [ RunTime:0.001954s ]

[ 2017-05-03T09:02:38+08:00 ] 127.0.0.1 /article/php.html
INFO: [ app_init ] --START--
INFO: Run Behavior\BuildLiteBehavior [ RunTime:0.000977s ]
INFO: [ app_init ] --END-- [ RunTime:0.000977s ]
INFO: [ app_begin ] --START--
INFO: Run Behavior\ReadHtmlCacheBehavior [ RunTime:0.000977s ]
INFO: Run Behavior\CheckLangBehavior [ RunTime:0.000977s ]
INFO: [ app_begin ] --END-- [ RunTime:0.002930s ]
SQL: SHOW COLUMNS FROM `article` [ RunTime:0.0029s ]
SQL: SELECT * FROM `article` WHERE ( auditing = 1 and admin_id='2' ) ORDER BY hit desc,addtime desc LIMIT 10   [ RunTime:0.0010s ]
SQL: SELECT * FROM `article` WHERE ( auditing = 1 and admin_id='2' ) ORDER BY addtime desc LIMIT 10   [ RunTime:0.0010s ]
SQL: SHOW COLUMNS FROM `category` [ RunTime:0.0029s ]
SQL: SELECT * FROM `category`  [ RunTime:0.0010s ]
SQL: SELECT * FROM `article` INNER JOIN category ON article.catid = category.catid  WHERE `auditing` = 1 AND `name` = 'PHP' AND `admin_id` = '2' ORDER BY addtime desc,tag desc  [ RunTime:0.0039s ]
INFO: [ view_parse ] --START--
INFO: [ template_filter ] --START--
INFO: Run Behavior\ContentReplaceBehavior [ RunTime:0.000000s ]
INFO: [ template_filter ] --END-- [ RunTime:0.000976s ]
NOTIC: [2] Missing argument 3 for format_datetime(), called in C:\Program\www\thinkphp\app\Runtime\Cache\Home\2aa92a1edf1fa3631c4805feffff55e7.php on line 100 and defined C:\Program\www\thinkphp\app\Home\Common\function.php 第 88 行.
INFO: Run Behavior\ParseTemplateBehavior [ RunTime:0.038086s ]
INFO: [ view_parse ] --END-- [ RunTime:0.039063s ]
INFO: [ view_filter ] --START--
INFO: Run Behavior\WriteHtmlCacheBehavior [ RunTime:0.000976s ]
INFO: [ view_filter ] --END-- [ RunTime:0.000976s ]
INFO: [ app_end ] --START--
INFO: Run Behavior\ShowPageTraceBehavior [ RunTime:0.000976s ]
INFO: [ app_end ] --END-- [ RunTime:0.000976s ]

[ 2017-05-03T09:02:42+08:00 ] 127.0.0.1 /article/webfrontend.html
INFO: [ app_init ] --START--
INFO: Run Behavior\BuildLiteBehavior [ RunTime:0.000000s ]
INFO: [ app_init ] --END-- [ RunTime:0.000977s ]
INFO: [ app_begin ] --START--
INFO: Run Behavior\ReadHtmlCacheBehavior [ RunTime:0.000976s ]
INFO: Run Behavior\CheckLangBehavior [ RunTime:0.000977s ]
INFO: [ app_begin ] --END-- [ RunTime:0.001953s ]
SQL: SHOW COLUMNS FROM `article` [ RunTime:0.0029s ]
SQL: SELECT * FROM `article` WHERE ( auditing = 1 and admin_id='2' ) ORDER BY hit desc,addtime desc LIMIT 10   [ RunTime:0.0010s ]
SQL: SELECT * FROM `article` WHERE ( auditing = 1 and admin_id='2' ) ORDER BY addtime desc LIMIT 10   [ RunTime:0.0010s ]
SQL: SHOW COLUMNS FROM `category` [ RunTime:0.0039s ]
SQL: SELECT * FROM `category`  [ RunTime:0.0010s ]
SQL: SELECT * FROM `article` INNER JOIN category ON article.catid = category.catid  WHERE `auditing` = 1 AND `name` = '前端' AND `admin_id` = '2' ORDER BY addtime desc,tag desc  [ RunTime:0.0029s ]
INFO: [ view_parse ] --START--
INFO: [ template_filter ] --START--
INFO: Run Behavior\ContentReplaceBehavior [ RunTime:0.000000s ]
INFO: [ template_filter ] --END-- [ RunTime:0.000000s ]
NOTIC: [2] Missing argument 3 for format_datetime(), called in C:\Program\www\thinkphp\app\Runtime\Cache\Home\defd883ca8bd6c5b3bd1d63ca91e9cd3.php on line 78 and defined C:\Program\www\thinkphp\app\Home\Common\function.php 第 88 行.
NOTIC: [8] Undefined index: name C:\Program\www\thinkphp\app\Runtime\Cache\Home\defd883ca8bd6c5b3bd1d63ca91e9cd3.php 第 80 行.
INFO: Run Behavior\ParseTemplateBehavior [ RunTime:0.037109s ]
INFO: [ view_parse ] --END-- [ RunTime:0.038085s ]
INFO: [ view_filter ] --START--
INFO: Run Behavior\WriteHtmlCacheBehavior [ RunTime:0.000000s ]
INFO: [ view_filter ] --END-- [ RunTime:0.000000s ]
INFO: [ app_end ] --START--
INFO: Run Behavior\ShowPageTraceBehavior [ RunTime:0.000977s ]
INFO: [ app_end ] --END-- [ RunTime:0.001953s ]

[ 2017-05-03T09:02:43+08:00 ] 127.0.0.1 /article/talk.html
INFO: [ app_init ] --START--
INFO: Run Behavior\BuildLiteBehavior [ RunTime:0.000000s ]
INFO: [ app_init ] --END-- [ RunTime:0.001953s ]
INFO: [ app_begin ] --START--
INFO: Run Behavior\ReadHtmlCacheBehavior [ RunTime:0.000977s ]
INFO: Run Behavior\CheckLangBehavior [ RunTime:0.000976s ]
INFO: [ app_begin ] --END-- [ RunTime:0.001953s ]
SQL: SHOW COLUMNS FROM `article` [ RunTime:0.0029s ]
SQL: SELECT * FROM `article` WHERE ( auditing = 1 and admin_id='2' ) ORDER BY hit desc,addtime desc LIMIT 10   [ RunTime:0.0000s ]
SQL: SELECT * FROM `article` WHERE ( auditing = 1 and admin_id='2' ) ORDER BY addtime desc LIMIT 10   [ RunTime:0.0010s ]
SQL: SHOW COLUMNS FROM `category` [ RunTime:0.0039s ]
SQL: SELECT * FROM `category`  [ RunTime:0.0010s ]
SQL: SELECT * FROM `article` INNER JOIN category ON article.catid = category.catid  WHERE `auditing` = 1 AND `name` = '杂谈' AND `admin_id` = '2' ORDER BY addtime desc,tag desc  [ RunTime:0.0039s ]
INFO: [ view_parse ] --START--
INFO: [ template_filter ] --START--
INFO: Run Behavior\ContentReplaceBehavior [ RunTime:0.000000s ]
INFO: [ template_filter ] --END-- [ RunTime:0.000976s ]
NOTIC: [2] Missing argument 3 for format_datetime(), called in C:\Program\www\thinkphp\app\Runtime\Cache\Home\42c1e88c8f9048d988f4910ff344a844.php on line 78 and defined C:\Program\www\thinkphp\app\Home\Common\function.php 第 88 行.
NOTIC: [8] Undefined index: name C:\Program\www\thinkphp\app\Runtime\Cache\Home\42c1e88c8f9048d988f4910ff344a844.php 第 80 行.
INFO: Run Behavior\ParseTemplateBehavior [ RunTime:0.034180s ]
INFO: [ view_parse ] --END-- [ RunTime:0.035157s ]
INFO: [ view_filter ] --START--
INFO: Run Behavior\WriteHtmlCacheBehavior [ RunTime:0.000000s ]
INFO: [ view_filter ] --END-- [ RunTime:0.000000s ]
INFO: [ app_end ] --START--
INFO: Run Behavior\ShowPageTraceBehavior [ RunTime:0.000977s ]
INFO: [ app_end ] --END-- [ RunTime:0.000977s ]

[ 2017-05-03T09:02:44+08:00 ] 127.0.0.1 /article/life.html
INFO: [ app_init ] --START--
INFO: Run Behavior\BuildLiteBehavior [ RunTime:0.000000s ]
INFO: [ app_init ] --END-- [ RunTime:0.000977s ]
INFO: [ app_begin ] --START--
INFO: Run Behavior\ReadHtmlCacheBehavior [ RunTime:0.001953s ]
INFO: Run Behavior\CheckLangBehavior [ RunTime:0.000977s ]
INFO: [ app_begin ] --END-- [ RunTime:0.002930s ]
SQL: SHOW COLUMNS FROM `article` [ RunTime:0.0039s ]
SQL: SELECT * FROM `article` WHERE ( auditing = 1 and admin_id='2' ) ORDER BY hit desc,addtime desc LIMIT 10   [ RunTime:0.0010s ]
SQL: SELECT * FROM `article` WHERE ( auditing = 1 and admin_id='2' ) ORDER BY addtime desc LIMIT 10   [ RunTime:0.0010s ]
SQL: SHOW COLUMNS FROM `category` [ RunTime:0.0039s ]
SQL: SELECT * FROM `category`  [ RunTime:0.0000s ]
SQL: SELECT * FROM `article` INNER JOIN category ON article.catid = category.catid  WHERE `auditing` = 1 AND `name` = '生活百科' AND `admin_id` = '2' ORDER BY addtime desc,tag desc  [ RunTime:0.0029s ]
INFO: [ view_parse ] --START--
INFO: [ template_filter ] --START--
INFO: Run Behavior\ContentReplaceBehavior [ RunTime:0.000000s ]
INFO: [ template_filter ] --END-- [ RunTime:0.000000s ]
NOTIC: [2] Missing argument 3 for format_datetime(), called in C:\Program\www\thinkphp\app\Runtime\Cache\Home\c8a09095859a54bb2e5b468b330aba8d.php on line 78 and defined C:\Program\www\thinkphp\app\Home\Common\function.php 第 88 行.
NOTIC: [8] Undefined index: name C:\Program\www\thinkphp\app\Runtime\Cache\Home\c8a09095859a54bb2e5b468b330aba8d.php 第 80 行.
INFO: Run Behavior\ParseTemplateBehavior [ RunTime:0.034179s ]
INFO: [ view_parse ] --END-- [ RunTime:0.034179s ]
INFO: [ view_filter ] --START--
INFO: Run Behavior\WriteHtmlCacheBehavior [ RunTime:0.000977s ]
INFO: [ view_filter ] --END-- [ RunTime:0.000977s ]
INFO: [ app_end ] --START--
INFO: Run Behavior\ShowPageTraceBehavior [ RunTime:0.000977s ]
INFO: [ app_end ] --END-- [ RunTime:0.000977s ]

[ 2017-05-03T09:02:45+08:00 ] 127.0.0.1 /
INFO: [ app_init ] --START--
INFO: Run Behavior\BuildLiteBehavior [ RunTime:0.000000s ]
INFO: [ app_init ] --END-- [ RunTime:0.001953s ]
INFO: [ app_begin ] --START--
INFO: Run Behavior\ReadHtmlCacheBehavior [ RunTime:0.001953s ]
INFO: Run Behavior\CheckLangBehavior [ RunTime:0.000977s ]
INFO: [ app_begin ] --END-- [ RunTime:0.002930s ]
SQL: SHOW COLUMNS FROM `article` [ RunTime:0.0039s ]
SQL: SELECT * FROM `article` WHERE ( auditing = 1 and admin_id='2' ) ORDER BY hit desc,addtime desc LIMIT 10   [ RunTime:0.0000s ]
SQL: SELECT * FROM `article` WHERE ( auditing = 1 and admin_id='2' ) ORDER BY addtime desc LIMIT 10   [ RunTime:0.0010s ]
SQL: SHOW COLUMNS FROM `category` [ RunTime:0.0029s ]
SQL: SELECT * FROM `category`  [ RunTime:0.0010s ]
SQL: SELECT * FROM `article` INNER JOIN category ON article.catid = category.catid  WHERE ( admin_id='2' ) ORDER BY uptime desc,tag desc LIMIT 10   [ RunTime:0.0029s ]
INFO: [ view_parse ] --START--
INFO: [ template_filter ] --START--
INFO: Run Behavior\ContentReplaceBehavior [ RunTime:0.000000s ]
INFO: [ template_filter ] --END-- [ RunTime:0.000000s ]
NOTIC: [2] Missing argument 3 for format_datetime(), called in C:\Program\www\thinkphp\app\Runtime\Cache\Home\0b3445db061f7b092197228f7d7f5bd5.php on line 83 and defined C:\Program\www\thinkphp\app\Home\Common\function.php 第 88 行.
INFO: Run Behavior\ParseTemplateBehavior [ RunTime:0.028321s ]
INFO: [ view_parse ] --END-- [ RunTime:0.028321s ]
INFO: [ view_filter ] --START--
INFO: Run Behavior\WriteHtmlCacheBehavior [ RunTime:0.000976s ]
INFO: [ view_filter ] --END-- [ RunTime:0.000976s ]
INFO: [ app_end ] --START--
INFO: Run Behavior\ShowPageTraceBehavior [ RunTime:0.000977s ]
INFO: [ app_end ] --END-- [ RunTime:0.001953s ]

[ 2017-05-03T09:23:37+08:00 ] 127.0.0.1 /
INFO: [ app_init ] --START--
INFO: Run Behavior\BuildLiteBehavior [ RunTime:0.000000s ]
INFO: [ app_init ] --END-- [ RunTime:0.001953s ]
INFO: [ app_begin ] --START--
INFO: Run Behavior\ReadHtmlCacheBehavior [ RunTime:0.000000s ]
INFO: Run Behavior\CheckLangBehavior [ RunTime:0.000000s ]
INFO: [ app_begin ] --END-- [ RunTime:0.001953s ]
SQL: SHOW COLUMNS FROM `article` [ RunTime:0.0029s ]
SQL: SELECT * FROM `article` WHERE ( auditing = 1 and admin_id='4' ) ORDER BY hit desc,addtime desc LIMIT 10   [ RunTime:0.0010s ]
SQL: SELECT * FROM `article` WHERE ( auditing = 1 and admin_id='4' ) ORDER BY addtime desc LIMIT 10   [ RunTime:0.0010s ]
SQL: SHOW COLUMNS FROM `category` [ RunTime:0.0039s ]
SQL: SELECT * FROM `category`  [ RunTime:0.0010s ]
SQL: SELECT * FROM `article` INNER JOIN category ON article.catid = category.catid  WHERE ( admin_id='4' ) ORDER BY uptime desc,tag desc LIMIT 10   [ RunTime:0.0039s ]
INFO: [ view_parse ] --START--
INFO: [ template_filter ] --START--
INFO: Run Behavior\ContentReplaceBehavior [ RunTime:0.000976s ]
INFO: [ template_filter ] --END-- [ RunTime:0.000976s ]
NOTIC: [2] Missing argument 3 for format_datetime(), called in C:\Program\www\thinkphp\app\Runtime\Cache\Home\0b3445db061f7b092197228f7d7f5bd5.php on line 83 and defined C:\Program\www\thinkphp\app\Home\Common\function.php 第 88 行.
NOTIC: [2] Missing argument 3 for format_datetime(), called in C:\Program\www\thinkphp\app\Runtime\Cache\Home\0b3445db061f7b092197228f7d7f5bd5.php on line 83 and defined C:\Program\www\thinkphp\app\Home\Common\function.php 第 88 行.
NOTIC: [2] Missing argument 3 for format_datetime(), called in C:\Program\www\thinkphp\app\Runtime\Cache\Home\0b3445db061f7b092197228f7d7f5bd5.php on line 83 and defined C:\Program\www\thinkphp\app\Home\Common\function.php 第 88 行.
NOTIC: [2] Missing argument 3 for format_datetime(), called in C:\Program\www\thinkphp\app\Runtime\Cache\Home\0b3445db061f7b092197228f7d7f5bd5.php on line 83 and defined C:\Program\www\thinkphp\app\Home\Common\function.php 第 88 行.
NOTIC: [2] Missing argument 3 for format_datetime(), called in C:\Program\www\thinkphp\app\Runtime\Cache\Home\0b3445db061f7b092197228f7d7f5bd5.php on line 83 and defined C:\Program\www\thinkphp\app\Home\Common\function.php 第 88 行.
INFO: Run Behavior\ParseTemplateBehavior [ RunTime:0.032226s ]
INFO: [ view_parse ] --END-- [ RunTime:0.032226s ]
INFO: [ view_filter ] --START--
INFO: Run Behavior\WriteHtmlCacheBehavior [ RunTime:0.000977s ]
INFO: [ view_filter ] --END-- [ RunTime:0.000977s ]
INFO: [ app_end ] --START--
INFO: Run Behavior\ShowPageTraceBehavior [ RunTime:0.000976s ]
INFO: [ app_end ] --END-- [ RunTime:0.001953s ]

[ 2017-05-03T11:30:48+08:00 ] 127.0.0.1 /article/page
INFO: [ app_init ] --START--
INFO: Run Behavior\BuildLiteBehavior [ RunTime:0.000000s ]
INFO: [ app_init ] --END-- [ RunTime:0.000977s ]
INFO: [ app_begin ] --START--
INFO: Run Behavior\ReadHtmlCacheBehavior [ RunTime:0.000000s ]
INFO: Run Behavior\CheckLangBehavior [ RunTime:0.000977s ]
INFO: [ app_begin ] --END-- [ RunTime:0.000977s ]
SQL: SHOW COLUMNS FROM `article` [ RunTime:0.0039s ]
SQL: SELECT * FROM `article` WHERE ( auditing = 1 and admin_id='4' ) ORDER BY hit desc,addtime desc LIMIT 10   [ RunTime:0.0020s ]
SQL: SELECT * FROM `article` WHERE ( auditing = 1 and admin_id='4' ) ORDER BY addtime desc LIMIT 10   [ RunTime:0.0010s ]
SQL: SHOW COLUMNS FROM `category` [ RunTime:0.0039s ]
SQL: SELECT * FROM `category`  [ RunTime:0.0010s ]
INFO: [ view_parse ] --START--
INFO: [ template_filter ] --START--
INFO: Run Behavior\ContentReplaceBehavior [ RunTime:0.000000s ]
INFO: [ template_filter ] --END-- [ RunTime:0.000000s ]
INFO: Run Behavior\ParseTemplateBehavior [ RunTime:0.032227s ]
INFO: [ view_parse ] --END-- [ RunTime:0.032227s ]
INFO: [ view_filter ] --START--
INFO: Run Behavior\WriteHtmlCacheBehavior [ RunTime:0.001953s ]
INFO: [ view_filter ] --END-- [ RunTime:0.002930s ]

[ 2017-05-03T11:30:48+08:00 ] 127.0.0.1 /favicon.ico
INFO: [ app_init ] --START--
INFO: Run Behavior\BuildLiteBehavior [ RunTime:0.000000s ]
INFO: [ app_init ] --END-- [ RunTime:0.001953s ]

[ 2017-05-03T11:30:57+08:00 ] 127.0.0.1 /article/findoen
INFO: [ app_init ] --START--
INFO: Run Behavior\BuildLiteBehavior [ RunTime:0.000000s ]
INFO: [ app_init ] --END-- [ RunTime:0.000000s ]
INFO: [ app_begin ] --START--
INFO: Run Behavior\ReadHtmlCacheBehavior [ RunTime:0.000977s ]
INFO: Run Behavior\CheckLangBehavior [ RunTime:0.000976s ]
INFO: [ app_begin ] --END-- [ RunTime:0.001953s ]
SQL: SHOW COLUMNS FROM `article` [ RunTime:0.0039s ]
SQL: SELECT * FROM `article` WHERE ( auditing = 1 and admin_id='4' ) ORDER BY hit desc,addtime desc LIMIT 10   [ RunTime:0.0010s ]
SQL: SELECT * FROM `article` WHERE ( auditing = 1 and admin_id='4' ) ORDER BY addtime desc LIMIT 10   [ RunTime:0.0010s ]
SQL: SHOW COLUMNS FROM `category` [ RunTime:0.0029s ]
SQL: SELECT * FROM `category`  [ RunTime:0.0010s ]
ERR: 非法操作:findoen

[ 2017-05-03T11:31:02+08:00 ] 127.0.0.1 /article/findone
INFO: [ app_init ] --START--
INFO: Run Behavior\BuildLiteBehavior [ RunTime:0.000000s ]
INFO: [ app_init ] --END-- [ RunTime:0.000000s ]
INFO: [ app_begin ] --START--
INFO: Run Behavior\ReadHtmlCacheBehavior [ RunTime:0.000976s ]
INFO: Run Behavior\CheckLangBehavior [ RunTime:0.000977s ]
INFO: [ app_begin ] --END-- [ RunTime:0.001953s ]
SQL: SHOW COLUMNS FROM `article` [ RunTime:0.0039s ]
SQL: SELECT * FROM `article` WHERE ( auditing = 1 and admin_id='4' ) ORDER BY hit desc,addtime desc LIMIT 10   [ RunTime:0.0010s ]
SQL: SELECT * FROM `article` WHERE ( auditing = 1 and admin_id='4' ) ORDER BY addtime desc LIMIT 10   [ RunTime:0.0010s ]
SQL: SHOW COLUMNS FROM `category` [ RunTime:0.0039s ]
SQL: SELECT * FROM `category`  [ RunTime:0.0000s ]
ERR: 非法操作:findone

[ 2017-05-03T11:31:22+08:00 ] 127.0.0.1 /article/addArticle
INFO: [ app_init ] --START--
INFO: Run Behavior\BuildLiteBehavior [ RunTime:0.000000s ]
INFO: [ app_init ] --END-- [ RunTime:0.000976s ]
INFO: [ app_begin ] --START--
INFO: Run Behavior\ReadHtmlCacheBehavior [ RunTime:0.000976s ]
INFO: Run Behavior\CheckLangBehavior [ RunTime:0.000000s ]
INFO: [ app_begin ] --END-- [ RunTime:0.000976s ]
SQL: SHOW COLUMNS FROM `article` [ RunTime:0.0029s ]
SQL: SELECT * FROM `article` WHERE ( auditing = 1 and admin_id='4' ) ORDER BY hit desc,addtime desc LIMIT 10   [ RunTime:0.0010s ]
SQL: SELECT * FROM `article` WHERE ( auditing = 1 and admin_id='4' ) ORDER BY addtime desc LIMIT 10   [ RunTime:0.0010s ]
SQL: SHOW COLUMNS FROM `category` [ RunTime:0.0049s ]
SQL: SELECT * FROM `category`  [ RunTime:0.0010s ]
ERR: 非法操作:addarticle

[ 2017-05-03T14:00:05+08:00 ] 127.0.0.1 /article
INFO: [ app_init ] --START--
INFO: Run Behavior\BuildLiteBehavior [ RunTime:0.000000s ]
INFO: [ app_init ] --END-- [ RunTime:0.000976s ]
INFO: [ app_begin ] --START--
INFO: Run Behavior\ReadHtmlCacheBehavior [ RunTime:0.000977s ]
INFO: Run Behavior\CheckLangBehavior [ RunTime:0.000976s ]
INFO: [ app_begin ] --END-- [ RunTime:0.001953s ]
SQL: SHOW COLUMNS FROM `article` [ RunTime:0.0029s ]
SQL: SELECT * FROM `article` WHERE ( auditing = 1 and admin_id='4' ) ORDER BY hit desc,addtime desc LIMIT 10   [ RunTime:0.0020s ]
SQL: SELECT * FROM `article` WHERE ( auditing = 1 and admin_id='4' ) ORDER BY addtime desc LIMIT 10   [ RunTime:0.0010s ]
SQL: SHOW COLUMNS FROM `category` [ RunTime:0.0039s ]
SQL: SELECT * FROM `category`  [ RunTime:0.0010s ]
INFO: [ view_parse ] --START--
INFO: [ template_filter ] --START--
INFO: Run Behavior\ContentReplaceBehavior [ RunTime:0.000000s ]
INFO: [ template_filter ] --END-- [ RunTime:0.000000s ]
INFO: Run Behavior\ParseTemplateBehavior [ RunTime:0.027344s ]
INFO: [ view_parse ] --END-- [ RunTime:0.027344s ]
INFO: [ view_filter ] --START--
INFO: Run Behavior\WriteHtmlCacheBehavior [ RunTime:0.000976s ]
INFO: [ view_filter ] --END-- [ RunTime:0.000976s ]
INFO: [ app_end ] --START--
INFO: Run Behavior\ShowPageTraceBehavior [ RunTime:0.000977s ]
INFO: [ app_end ] --END-- [ RunTime:0.001954s ]

[ 2017-05-03T14:00:05+08:00 ] 127.0.0.1 /article/page.html
INFO: [ app_init ] --START--
INFO: Run Behavior\BuildLiteBehavior [ RunTime:0.000000s ]
INFO: [ app_init ] --END-- [ RunTime:0.002929s ]
INFO: [ app_begin ] --START--
INFO: Run Behavior\ReadHtmlCacheBehavior [ RunTime:0.000977s ]
INFO: Run Behavior\CheckLangBehavior [ RunTime:0.000976s ]
INFO: [ app_begin ] --END-- [ RunTime:0.001953s ]
SQL: SHOW COLUMNS FROM `article` [ RunTime:0.0029s ]
SQL: SELECT * FROM `article` WHERE ( auditing = 1 and admin_id='4' ) ORDER BY hit desc,addtime desc LIMIT 10   [ RunTime:0.0010s ]
SQL: SELECT * FROM `article` WHERE ( auditing = 1 and admin_id='4' ) ORDER BY addtime desc LIMIT 10   [ RunTime:0.0020s ]
SQL: SHOW COLUMNS FROM `category` [ RunTime:0.0049s ]
SQL: SELECT * FROM `category`  [ RunTime:0.0010s ]
SQL: SELECT COUNT(*) AS tp_count FROM `article` WHERE ( auditing=1 and admin_id='4' ) LIMIT 1   [ RunTime:0.0000s ]
SQL: SELECT * FROM `article` INNER JOIN category ON article.catid = category.catid  WHERE ( auditing=1 and admin_id='4' ) ORDER BY addtime desc,tag desc LIMIT 0,4   [ RunTime:0.0049s ]

[ 2017-05-03T14:02:15+08:00 ] 127.0.0.1 /article
INFO: [ app_init ] --START--
INFO: Run Behavior\BuildLiteBehavior [ RunTime:0.000000s ]
INFO: [ app_init ] --END-- [ RunTime:0.000977s ]
INFO: [ app_begin ] --START--
INFO: Run Behavior\ReadHtmlCacheBehavior [ RunTime:0.000977s ]
INFO: Run Behavior\CheckLangBehavior [ RunTime:0.000976s ]
INFO: [ app_begin ] --END-- [ RunTime:0.001953s ]
SQL: SHOW COLUMNS FROM `article` [ RunTime:0.0029s ]
SQL: SELECT * FROM `article` WHERE ( auditing = 1 and admin_id='2' ) ORDER BY hit desc,addtime desc LIMIT 10   [ RunTime:0.0010s ]
SQL: SELECT * FROM `article` WHERE ( auditing = 1 and admin_id='2' ) ORDER BY addtime desc LIMIT 10   [ RunTime:0.0010s ]
SQL: SHOW COLUMNS FROM `category` [ RunTime:0.0039s ]
SQL: SELECT * FROM `category`  [ RunTime:0.0000s ]
INFO: [ view_parse ] --START--
INFO: [ template_filter ] --START--
INFO: Run Behavior\ContentReplaceBehavior [ RunTime:0.000000s ]
INFO: [ template_filter ] --END-- [ RunTime:0.000000s ]
INFO: Run Behavior\ParseTemplateBehavior [ RunTime:0.033203s ]
INFO: [ view_parse ] --END-- [ RunTime:0.033203s ]
INFO: [ view_filter ] --START--
INFO: Run Behavior\WriteHtmlCacheBehavior [ RunTime:0.000976s ]
INFO: [ view_filter ] --END-- [ RunTime:0.000976s ]
INFO: [ app_end ] --START--
INFO: Run Behavior\ShowPageTraceBehavior [ RunTime:0.000000s ]
INFO: [ app_end ] --END-- [ RunTime:0.000000s ]

[ 2017-05-03T14:02:15+08:00 ] 127.0.0.1 /article/page.html
INFO: [ app_init ] --START--
INFO: Run Behavior\BuildLiteBehavior [ RunTime:0.000000s ]
INFO: [ app_init ] --END-- [ RunTime:0.000976s ]
INFO: [ app_begin ] --START--
INFO: Run Behavior\ReadHtmlCacheBehavior [ RunTime:0.000977s ]
INFO: Run Behavior\CheckLangBehavior [ RunTime:0.000976s ]
INFO: [ app_begin ] --END-- [ RunTime:0.001953s ]
SQL: SHOW COLUMNS FROM `article` [ RunTime:0.0039s ]
SQL: SELECT * FROM `article` WHERE ( auditing = 1 and admin_id='2' ) ORDER BY hit desc,addtime desc LIMIT 10   [ RunTime:0.0010s ]
SQL: SELECT * FROM `article` WHERE ( auditing = 1 and admin_id='2' ) ORDER BY addtime desc LIMIT 10   [ RunTime:0.0000s ]
SQL: SHOW COLUMNS FROM `category` [ RunTime:0.0029s ]
SQL: SELECT * FROM `category`  [ RunTime:0.0010s ]
SQL: SELECT COUNT(*) AS tp_count FROM `article` WHERE ( auditing=1 and admin_id='2' ) LIMIT 1   [ RunTime:0.0010s ]
SQL: SELECT * FROM `article` INNER JOIN category ON article.catid = category.catid  WHERE ( auditing=1 and admin_id='2' ) ORDER BY addtime desc,tag desc LIMIT 0,4   [ RunTime:0.0039s ]

[ 2017-05-03T14:25:07+08:00 ] 127.0.0.1 /article
INFO: [ app_init ] --START--
INFO: Run Behavior\BuildLiteBehavior [ RunTime:0.000000s ]
INFO: [ app_init ] --END-- [ RunTime:0.000977s ]
INFO: [ app_begin ] --START--
INFO: Run Behavior\ReadHtmlCacheBehavior [ RunTime:0.000000s ]
INFO: Run Behavior\CheckLangBehavior [ RunTime:0.000976s ]
INFO: [ app_begin ] --END-- [ RunTime:0.000976s ]
SQL: SHOW COLUMNS FROM `article` [ RunTime:0.0029s ]
SQL: SELECT * FROM `article` WHERE ( auditing = 1 and admin_id='4' ) ORDER BY hit desc,addtime desc LIMIT 10   [ RunTime:0.0020s ]
SQL: SELECT * FROM `article` WHERE ( auditing = 1 and admin_id='4' ) ORDER BY addtime desc LIMIT 10   [ RunTime:0.0010s ]
SQL: SHOW COLUMNS FROM `category` [ RunTime:0.0039s ]
SQL: SELECT * FROM `category`  [ RunTime:0.0000s ]
INFO: [ view_parse ] --START--
INFO: [ template_filter ] --START--
INFO: Run Behavior\ContentReplaceBehavior [ RunTime:0.000977s ]
INFO: [ template_filter ] --END-- [ RunTime:0.000977s ]
INFO: Run Behavior\ParseTemplateBehavior [ RunTime:0.032227s ]
INFO: [ view_parse ] --END-- [ RunTime:0.032227s ]
INFO: [ view_filter ] --START--
INFO: Run Behavior\WriteHtmlCacheBehavior [ RunTime:0.000976s ]
INFO: [ view_filter ] --END-- [ RunTime:0.000976s ]
INFO: [ app_end ] --START--
INFO: Run Behavior\ShowPageTraceBehavior [ RunTime:0.002930s ]
INFO: [ app_end ] --END-- [ RunTime:0.002930s ]

[ 2017-05-03T14:25:07+08:00 ] 127.0.0.1 /article/page.html
INFO: [ app_init ] --START--
INFO: Run Behavior\BuildLiteBehavior [ RunTime:0.000000s ]
INFO: [ app_init ] --END-- [ RunTime:0.000977s ]
INFO: [ app_begin ] --START--
INFO: Run Behavior\ReadHtmlCacheBehavior [ RunTime:0.000976s ]
INFO: Run Behavior\CheckLangBehavior [ RunTime:0.000977s ]
INFO: [ app_begin ] --END-- [ RunTime:0.001953s ]
SQL: SHOW COLUMNS FROM `article` [ RunTime:0.0049s ]
SQL: SELECT * FROM `article` WHERE ( auditing = 1 and admin_id='4' ) ORDER BY hit desc,addtime desc LIMIT 10   [ RunTime:0.0010s ]
SQL: SELECT * FROM `article` WHERE ( auditing = 1 and admin_id='4' ) ORDER BY addtime desc LIMIT 10   [ RunTime:0.0010s ]
SQL: SHOW COLUMNS FROM `category` [ RunTime:0.0039s ]
SQL: SELECT * FROM `category`  [ RunTime:0.0010s ]
SQL: SELECT COUNT(*) AS tp_count FROM `article` WHERE ( auditing=1 and admin_id='4' ) LIMIT 1   [ RunTime:0.0000s ]
SQL: SELECT * FROM `article` INNER JOIN category ON article.catid = category.catid  WHERE ( auditing=1 and admin_id='4' ) ORDER BY addtime desc,tag desc LIMIT 0,4   [ RunTime:0.0049s ]

[ 2017-05-03T14:25:10+08:00 ] 127.0.0.1 /article/page.html
INFO: [ app_init ] --START--
INFO: Run Behavior\BuildLiteBehavior [ RunTime:0.000000s ]
INFO: [ app_init ] --END-- [ RunTime:0.000000s ]
INFO: [ app_begin ] --START--
INFO: Run Behavior\ReadHtmlCacheBehavior [ RunTime:0.000000s ]
INFO: Run Behavior\CheckLangBehavior [ RunTime:0.001953s ]
INFO: [ app_begin ] --END-- [ RunTime:0.001953s ]
SQL: SHOW COLUMNS FROM `article` [ RunTime:0.0068s ]
SQL: SELECT * FROM `article` WHERE ( auditing = 1 and admin_id='4' ) ORDER BY hit desc,addtime desc LIMIT 10   [ RunTime:0.0039s ]
SQL: SELECT * FROM `article` WHERE ( auditing = 1 and admin_id='4' ) ORDER BY addtime desc LIMIT 10   [ RunTime:0.0010s ]
SQL: SHOW COLUMNS FROM `category` [ RunTime:0.0029s ]
SQL: SELECT * FROM `category`  [ RunTime:0.0010s ]
SQL: SELECT COUNT(*) AS tp_count FROM `article` WHERE ( auditing=1 and admin_id='4' ) LIMIT 1   [ RunTime:0.0000s ]
SQL: SELECT * FROM `article` INNER JOIN category ON article.catid = category.catid  WHERE ( auditing=1 and admin_id='4' ) ORDER BY addtime desc,tag desc LIMIT 4,4   [ RunTime:0.0059s ]

[ 2017-05-03T14:25:13+08:00 ] 127.0.0.1 /article/php.html
INFO: [ app_init ] --START--
INFO: Run Behavior\BuildLiteBehavior [ RunTime:0.000000s ]
INFO: [ app_init ] --END-- [ RunTime:0.000976s ]
INFO: [ app_begin ] --START--
INFO: Run Behavior\ReadHtmlCacheBehavior [ RunTime:0.000976s ]
INFO: Run Behavior\CheckLangBehavior [ RunTime:0.000977s ]
INFO: [ app_begin ] --END-- [ RunTime:0.002929s ]
SQL: SHOW COLUMNS FROM `article` [ RunTime:0.0059s ]
SQL: SELECT * FROM `article` WHERE ( auditing = 1 and admin_id='4' ) ORDER BY hit desc,addtime desc LIMIT 10   [ RunTime:0.0010s ]
SQL: SELECT * FROM `article` WHERE ( auditing = 1 and admin_id='4' ) ORDER BY addtime desc LIMIT 10   [ RunTime:0.0010s ]
SQL: SHOW COLUMNS FROM `category` [ RunTime:0.0029s ]
SQL: SELECT * FROM `category`  [ RunTime:0.0000s ]
SQL: SELECT * FROM `article` INNER JOIN category ON article.catid = category.catid  WHERE `auditing` = 1 AND `name` = 'PHP' AND `admin_id` = '4' ORDER BY addtime desc,tag desc  [ RunTime:0.0039s ]
INFO: [ view_parse ] --START--
INFO: [ template_filter ] --START--
INFO: Run Behavior\ContentReplaceBehavior [ RunTime:0.000000s ]
INFO: [ template_filter ] --END-- [ RunTime:0.000976s ]
NOTIC: [2] Missing argument 3 for format_datetime(), called in C:\Program\www\thinkphp\app\Runtime\Cache\Home\2aa92a1edf1fa3631c4805feffff55e7.php on line 100 and defined C:\Program\www\thinkphp\app\Home\Common\function.php 第 88 行.
NOTIC: [2] Missing argument 3 for format_datetime(), called in C:\Program\www\thinkphp\app\Runtime\Cache\Home\2aa92a1edf1fa3631c4805feffff55e7.php on line 100 and defined C:\Program\www\thinkphp\app\Home\Common\function.php 第 88 行.
NOTIC: [2] Missing argument 3 for format_datetime(), called in C:\Program\www\thinkphp\app\Runtime\Cache\Home\2aa92a1edf1fa3631c4805feffff55e7.php on line 100 and defined C:\Program\www\thinkphp\app\Home\Common\function.php 第 88 行.
INFO: Run Behavior\ParseTemplateBehavior [ RunTime:0.041992s ]
INFO: [ view_parse ] --END-- [ RunTime:0.041992s ]
INFO: [ view_filter ] --START--
INFO: Run Behavior\WriteHtmlCacheBehavior [ RunTime:0.000977s ]
INFO: [ view_filter ] --END-- [ RunTime:0.000977s ]
INFO: [ app_end ] --START--
INFO: Run Behavior\ShowPageTraceBehavior [ RunTime:0.000977s ]
INFO: [ app_end ] --END-- [ RunTime:0.000977s ]

