[ 2017-05-14T09:25:49+08:00 ] 127.0.0.1 /
INFO: [ app_init ] --START--
INFO: Run Behavior\BuildLiteBehavior [ RunTime:0.000000s ]
INFO: [ app_init ] --END-- [ RunTime:0.001000s ]
INFO: [ app_begin ] --START--
INFO: Run Behavior\ReadHtmlCacheBehavior [ RunTime:0.001000s ]
INFO: Run Behavior\CheckLangBehavior [ RunTime:0.000000s ]
INFO: [ app_begin ] --END-- [ RunTime:0.001000s ]
SQL: SHOW COLUMNS FROM `admin` [ RunTime:0.0440s ]
SQL: SELECT * FROM `admin` WHERE ( adminuser='admin' ) LIMIT 1   [ RunTime:0.0010s ]
SQL: SHOW COLUMNS FROM `article` [ RunTime:0.1080s ]
SQL: SELECT * FROM `article` INNER JOIN category ON article.catid = category.catid  WHERE ( auditing = 1 and admin_id='1' ) ORDER BY hit desc,addtime desc LIMIT 10   [ RunTime:0.1320s ]
SQL: SELECT * FROM `article` INNER JOIN category ON article.catid = category.catid  WHERE ( auditing = 1 and admin_id='1' ) ORDER BY comment desc LIMIT 10   [ RunTime:0.0060s ]
SQL: SHOW COLUMNS FROM `category` [ RunTime:0.0090s ]
SQL: SELECT * FROM `category`  [ RunTime:0.0010s ]
SQL: SELECT * FROM `article` INNER JOIN category ON article.catid = category.catid  WHERE ( admin_id='1' ) ORDER BY uptime desc,tag desc LIMIT 10   [ RunTime:0.0080s ]
INFO: [ view_parse ] --START--
INFO: [ template_filter ] --START--
INFO: Run Behavior\ContentReplaceBehavior [ RunTime:0.001000s ]
INFO: [ template_filter ] --END-- [ RunTime:0.001000s ]
NOTIC: [2] Missing argument 3 for format_datetime(), called in E:\xampp\htdocs\think\app\Runtime\Cache\Home\0b3445db061f7b092197228f7d7f5bd5.php on line 83 and defined E:\xampp\htdocs\think\app\Home\Common\function.php 第 88 行.
NOTIC: [2] Missing argument 3 for format_datetime(), called in E:\xampp\htdocs\think\app\Runtime\Cache\Home\0b3445db061f7b092197228f7d7f5bd5.php on line 83 and defined E:\xampp\htdocs\think\app\Home\Common\function.php 第 88 行.
NOTIC: [2] Missing argument 3 for format_datetime(), called in E:\xampp\htdocs\think\app\Runtime\Cache\Home\0b3445db061f7b092197228f7d7f5bd5.php on line 83 and defined E:\xampp\htdocs\think\app\Home\Common\function.php 第 88 行.
NOTIC: [2] Missing argument 3 for format_datetime(), called in E:\xampp\htdocs\think\app\Runtime\Cache\Home\0b3445db061f7b092197228f7d7f5bd5.php on line 83 and defined E:\xampp\htdocs\think\app\Home\Common\function.php 第 88 行.
NOTIC: [2] Missing argument 3 for format_datetime(), called in E:\xampp\htdocs\think\app\Runtime\Cache\Home\0b3445db061f7b092197228f7d7f5bd5.php on line 83 and defined E:\xampp\htdocs\think\app\Home\Common\function.php 第 88 行.
NOTIC: [2] Missing argument 3 for format_datetime(), called in E:\xampp\htdocs\think\app\Runtime\Cache\Home\0b3445db061f7b092197228f7d7f5bd5.php on line 83 and defined E:\xampp\htdocs\think\app\Home\Common\function.php 第 88 行.
NOTIC: [2] Missing argument 3 for format_datetime(), called in E:\xampp\htdocs\think\app\Runtime\Cache\Home\0b3445db061f7b092197228f7d7f5bd5.php on line 83 and defined E:\xampp\htdocs\think\app\Home\Common\function.php 第 88 行.
NOTIC: [2] Missing argument 3 for format_datetime(), called in E:\xampp\htdocs\think\app\Runtime\Cache\Home\0b3445db061f7b092197228f7d7f5bd5.php on line 83 and defined E:\xampp\htdocs\think\app\Home\Common\function.php 第 88 行.
NOTIC: [2] Missing argument 3 for format_datetime(), called in E:\xampp\htdocs\think\app\Runtime\Cache\Home\0b3445db061f7b092197228f7d7f5bd5.php on line 83 and defined E:\xampp\htdocs\think\app\Home\Common\function.php 第 88 行.
INFO: Run Behavior\ParseTemplateBehavior [ RunTime:0.059004s ]
INFO: [ view_parse ] --END-- [ RunTime:0.059004s ]
INFO: [ view_filter ] --START--
INFO: Run Behavior\WriteHtmlCacheBehavior [ RunTime:0.001000s ]
INFO: [ view_filter ] --END-- [ RunTime:0.001000s ]
INFO: [ app_end ] --START--
INFO: Run Behavior\ShowPageTraceBehavior [ RunTime:0.004000s ]
INFO: [ app_end ] --END-- [ RunTime:0.005000s ]

[ 2017-05-14T09:26:12+08:00 ] 127.0.0.1 /article/3.html
INFO: [ app_init ] --START--
INFO: Run Behavior\BuildLiteBehavior [ RunTime:0.000000s ]
INFO: [ app_init ] --END-- [ RunTime:0.001000s ]
INFO: [ app_begin ] --START--
INFO: Run Behavior\ReadHtmlCacheBehavior [ RunTime:0.000000s ]
INFO: Run Behavior\CheckLangBehavior [ RunTime:0.000000s ]
INFO: [ app_begin ] --END-- [ RunTime:0.001000s ]
SQL: SHOW COLUMNS FROM `admin` [ RunTime:0.0030s ]
SQL: SELECT * FROM `admin` WHERE ( adminuser='admin' ) LIMIT 1   [ RunTime:0.0000s ]
SQL: SHOW COLUMNS FROM `article` [ RunTime:0.0030s ]
SQL: SELECT * FROM `article` INNER JOIN category ON article.catid = category.catid  WHERE ( auditing = 1 and admin_id='1' ) ORDER BY hit desc,addtime desc LIMIT 10   [ RunTime:0.0050s ]
SQL: SELECT * FROM `article` INNER JOIN category ON article.catid = category.catid  WHERE ( auditing = 1 and admin_id='1' ) ORDER BY comment desc LIMIT 10   [ RunTime:0.0050s ]
SQL: SHOW COLUMNS FROM `category` [ RunTime:0.0030s ]
SQL: SELECT * FROM `category`  [ RunTime:0.0010s ]
SQL: UPDATE `article` SET `hit`=hit+1 WHERE ( id='3' ) [ RunTime:0.0470s ]
SQL: SELECT * FROM `article` INNER JOIN category ON article.catid = category.catid  WHERE ( id='3' and admin_id='1' ) LIMIT 1   [ RunTime:0.0010s ]
SQL: SELECT * FROM `article` WHERE ( auditing = 1 and admin_id='1' ) ORDER BY hit desc,addtime desc LIMIT 10   [ RunTime:0.0040s ]
SQL: SELECT * FROM `article` WHERE ( auditing = 1 and admin_id='1' ) ORDER BY addtime desc LIMIT 10   [ RunTime:0.0050s ]
SQL: SHOW COLUMNS FROM `review` [ RunTime:0.0300s ]
SQL: SELECT * FROM `review` WHERE ( article_id='3' )  [ RunTime:0.0010s ]
INFO: [ view_parse ] --START--
INFO: [ template_filter ] --START--
INFO: Run Behavior\ContentReplaceBehavior [ RunTime:0.000000s ]
INFO: [ template_filter ] --END-- [ RunTime:0.000000s ]
NOTIC: [2] Missing argument 3 for format_datetime(), called in E:\xampp\htdocs\think\app\Runtime\Cache\Home\06a6e34307243ee0fcba2cbae043d078.php on line 63 and defined E:\xampp\htdocs\think\app\Home\Common\function.php 第 88 行.
NOTIC: [8] Undefined index: URL E:\xampp\htdocs\think\app\Runtime\Cache\Home\06a6e34307243ee0fcba2cbae043d078.php 第 72 行.
NOTIC: [2] Missing argument 3 for format_datetime(), called in E:\xampp\htdocs\think\app\Runtime\Cache\Home\06a6e34307243ee0fcba2cbae043d078.php on line 106 and defined E:\xampp\htdocs\think\app\Home\Common\function.php 第 88 行.
NOTIC: [2] Missing argument 3 for format_datetime(), called in E:\xampp\htdocs\think\app\Runtime\Cache\Home\06a6e34307243ee0fcba2cbae043d078.php on line 106 and defined E:\xampp\htdocs\think\app\Home\Common\function.php 第 88 行.
INFO: Run Behavior\ParseTemplateBehavior [ RunTime:0.039002s ]
INFO: [ view_parse ] --END-- [ RunTime:0.040002s ]
INFO: [ view_filter ] --START--
INFO: Run Behavior\WriteHtmlCacheBehavior [ RunTime:0.001000s ]
INFO: [ view_filter ] --END-- [ RunTime:0.001000s ]
INFO: [ app_end ] --START--
INFO: Run Behavior\ShowPageTraceBehavior [ RunTime:0.001000s ]
INFO: [ app_end ] --END-- [ RunTime:0.001000s ]

[ 2017-05-14T09:26:49+08:00 ] 127.0.0.1 /
INFO: [ app_init ] --START--
INFO: Run Behavior\BuildLiteBehavior [ RunTime:0.000000s ]
INFO: [ app_init ] --END-- [ RunTime:0.001000s ]
INFO: [ app_begin ] --START--
INFO: Run Behavior\ReadHtmlCacheBehavior [ RunTime:0.001000s ]
INFO: Run Behavior\CheckLangBehavior [ RunTime:0.000000s ]
INFO: [ app_begin ] --END-- [ RunTime:0.001000s ]
SQL: SHOW COLUMNS FROM `admin` [ RunTime:0.0030s ]
SQL: SELECT * FROM `admin` WHERE ( adminuser='admin' ) LIMIT 1   [ RunTime:0.0010s ]
SQL: SHOW COLUMNS FROM `article` [ RunTime:0.0030s ]
SQL: SELECT * FROM `article` INNER JOIN category ON article.catid = category.catid  WHERE ( auditing = 1 and admin_id='1' ) ORDER BY hit desc,addtime desc LIMIT 10   [ RunTime:0.0050s ]
SQL: SELECT * FROM `article` INNER JOIN category ON article.catid = category.catid  WHERE ( auditing = 1 and admin_id='1' ) ORDER BY comment desc LIMIT 10   [ RunTime:0.0050s ]
SQL: SHOW COLUMNS FROM `category` [ RunTime:0.0030s ]
SQL: SELECT * FROM `category`  [ RunTime:0.0000s ]
SQL: SELECT * FROM `article` INNER JOIN category ON article.catid = category.catid  WHERE ( admin_id='1' ) ORDER BY tag desc,uptime desc LIMIT 10   [ RunTime:0.0050s ]
INFO: [ view_parse ] --START--
INFO: [ template_filter ] --START--
INFO: Run Behavior\ContentReplaceBehavior [ RunTime:0.000000s ]
INFO: [ template_filter ] --END-- [ RunTime:0.000000s ]
NOTIC: [2] Missing argument 3 for format_datetime(), called in E:\xampp\htdocs\think\app\Runtime\Cache\Home\0b3445db061f7b092197228f7d7f5bd5.php on line 83 and defined E:\xampp\htdocs\think\app\Home\Common\function.php 第 88 行.
NOTIC: [2] Missing argument 3 for format_datetime(), called in E:\xampp\htdocs\think\app\Runtime\Cache\Home\0b3445db061f7b092197228f7d7f5bd5.php on line 83 and defined E:\xampp\htdocs\think\app\Home\Common\function.php 第 88 行.
NOTIC: [2] Missing argument 3 for format_datetime(), called in E:\xampp\htdocs\think\app\Runtime\Cache\Home\0b3445db061f7b092197228f7d7f5bd5.php on line 83 and defined E:\xampp\htdocs\think\app\Home\Common\function.php 第 88 行.
NOTIC: [2] Missing argument 3 for format_datetime(), called in E:\xampp\htdocs\think\app\Runtime\Cache\Home\0b3445db061f7b092197228f7d7f5bd5.php on line 83 and defined E:\xampp\htdocs\think\app\Home\Common\function.php 第 88 行.
NOTIC: [2] Missing argument 3 for format_datetime(), called in E:\xampp\htdocs\think\app\Runtime\Cache\Home\0b3445db061f7b092197228f7d7f5bd5.php on line 83 and defined E:\xampp\htdocs\think\app\Home\Common\function.php 第 88 行.
NOTIC: [2] Missing argument 3 for format_datetime(), called in E:\xampp\htdocs\think\app\Runtime\Cache\Home\0b3445db061f7b092197228f7d7f5bd5.php on line 83 and defined E:\xampp\htdocs\think\app\Home\Common\function.php 第 88 行.
NOTIC: [2] Missing argument 3 for format_datetime(), called in E:\xampp\htdocs\think\app\Runtime\Cache\Home\0b3445db061f7b092197228f7d7f5bd5.php on line 83 and defined E:\xampp\htdocs\think\app\Home\Common\function.php 第 88 行.
NOTIC: [2] Missing argument 3 for format_datetime(), called in E:\xampp\htdocs\think\app\Runtime\Cache\Home\0b3445db061f7b092197228f7d7f5bd5.php on line 83 and defined E:\xampp\htdocs\think\app\Home\Common\function.php 第 88 行.
NOTIC: [2] Missing argument 3 for format_datetime(), called in E:\xampp\htdocs\think\app\Runtime\Cache\Home\0b3445db061f7b092197228f7d7f5bd5.php on line 83 and defined E:\xampp\htdocs\think\app\Home\Common\function.php 第 88 行.
INFO: Run Behavior\ParseTemplateBehavior [ RunTime:0.023001s ]
INFO: [ view_parse ] --END-- [ RunTime:0.023001s ]
INFO: [ view_filter ] --START--
INFO: Run Behavior\WriteHtmlCacheBehavior [ RunTime:0.000000s ]
INFO: [ view_filter ] --END-- [ RunTime:0.000000s ]
INFO: [ app_end ] --START--
INFO: Run Behavior\ShowPageTraceBehavior [ RunTime:0.001000s ]
INFO: [ app_end ] --END-- [ RunTime:0.001000s ]

[ 2017-05-14T09:26:51+08:00 ] 127.0.0.1 /
INFO: [ app_init ] --START--
INFO: Run Behavior\BuildLiteBehavior [ RunTime:0.000000s ]
INFO: [ app_init ] --END-- [ RunTime:0.001000s ]
INFO: [ app_begin ] --START--
INFO: Run Behavior\ReadHtmlCacheBehavior [ RunTime:0.000000s ]
INFO: Run Behavior\CheckLangBehavior [ RunTime:0.001000s ]
INFO: [ app_begin ] --END-- [ RunTime:0.001000s ]
SQL: SHOW COLUMNS FROM `admin` [ RunTime:0.0040s ]
SQL: SELECT * FROM `admin` WHERE ( adminuser='admin' ) LIMIT 1   [ RunTime:0.0000s ]
SQL: SHOW COLUMNS FROM `article` [ RunTime:0.0030s ]
SQL: SELECT * FROM `article` INNER JOIN category ON article.catid = category.catid  WHERE ( auditing = 1 and admin_id='1' ) ORDER BY hit desc,addtime desc LIMIT 10   [ RunTime:0.0050s ]
SQL: SELECT * FROM `article` INNER JOIN category ON article.catid = category.catid  WHERE ( auditing = 1 and admin_id='1' ) ORDER BY comment desc LIMIT 10   [ RunTime:0.0050s ]
SQL: SHOW COLUMNS FROM `category` [ RunTime:0.0030s ]
SQL: SELECT * FROM `category`  [ RunTime:0.0010s ]
SQL: SELECT * FROM `article` INNER JOIN category ON article.catid = category.catid  WHERE ( admin_id='1' ) ORDER BY tag desc,uptime desc LIMIT 10   [ RunTime:0.0050s ]
INFO: [ view_parse ] --START--
INFO: [ template_filter ] --START--
INFO: Run Behavior\ContentReplaceBehavior [ RunTime:0.000000s ]
INFO: [ template_filter ] --END-- [ RunTime:0.000000s ]
NOTIC: [2] Missing argument 3 for format_datetime(), called in E:\xampp\htdocs\think\app\Runtime\Cache\Home\0b3445db061f7b092197228f7d7f5bd5.php on line 83 and defined E:\xampp\htdocs\think\app\Home\Common\function.php 第 88 行.
NOTIC: [2] Missing argument 3 for format_datetime(), called in E:\xampp\htdocs\think\app\Runtime\Cache\Home\0b3445db061f7b092197228f7d7f5bd5.php on line 83 and defined E:\xampp\htdocs\think\app\Home\Common\function.php 第 88 行.
NOTIC: [2] Missing argument 3 for format_datetime(), called in E:\xampp\htdocs\think\app\Runtime\Cache\Home\0b3445db061f7b092197228f7d7f5bd5.php on line 83 and defined E:\xampp\htdocs\think\app\Home\Common\function.php 第 88 行.
NOTIC: [2] Missing argument 3 for format_datetime(), called in E:\xampp\htdocs\think\app\Runtime\Cache\Home\0b3445db061f7b092197228f7d7f5bd5.php on line 83 and defined E:\xampp\htdocs\think\app\Home\Common\function.php 第 88 行.
NOTIC: [2] Missing argument 3 for format_datetime(), called in E:\xampp\htdocs\think\app\Runtime\Cache\Home\0b3445db061f7b092197228f7d7f5bd5.php on line 83 and defined E:\xampp\htdocs\think\app\Home\Common\function.php 第 88 行.
NOTIC: [2] Missing argument 3 for format_datetime(), called in E:\xampp\htdocs\think\app\Runtime\Cache\Home\0b3445db061f7b092197228f7d7f5bd5.php on line 83 and defined E:\xampp\htdocs\think\app\Home\Common\function.php 第 88 行.
NOTIC: [2] Missing argument 3 for format_datetime(), called in E:\xampp\htdocs\think\app\Runtime\Cache\Home\0b3445db061f7b092197228f7d7f5bd5.php on line 83 and defined E:\xampp\htdocs\think\app\Home\Common\function.php 第 88 行.
NOTIC: [2] Missing argument 3 for format_datetime(), called in E:\xampp\htdocs\think\app\Runtime\Cache\Home\0b3445db061f7b092197228f7d7f5bd5.php on line 83 and defined E:\xampp\htdocs\think\app\Home\Common\function.php 第 88 行.
NOTIC: [2] Missing argument 3 for format_datetime(), called in E:\xampp\htdocs\think\app\Runtime\Cache\Home\0b3445db061f7b092197228f7d7f5bd5.php on line 83 and defined E:\xampp\htdocs\think\app\Home\Common\function.php 第 88 行.
INFO: Run Behavior\ParseTemplateBehavior [ RunTime:0.022001s ]
INFO: [ view_parse ] --END-- [ RunTime:0.022001s ]
INFO: [ view_filter ] --START--
INFO: Run Behavior\WriteHtmlCacheBehavior [ RunTime:0.000000s ]
INFO: [ view_filter ] --END-- [ RunTime:0.000000s ]
INFO: [ app_end ] --START--
INFO: Run Behavior\ShowPageTraceBehavior [ RunTime:0.001000s ]
INFO: [ app_end ] --END-- [ RunTime:0.001000s ]

[ 2017-05-14T09:38:31+08:00 ] 127.0.0.1 /feedback.html
INFO: [ app_init ] --START--
INFO: Run Behavior\BuildLiteBehavior [ RunTime:0.000000s ]
INFO: [ app_init ] --END-- [ RunTime:0.001000s ]
INFO: [ app_begin ] --START--
INFO: Run Behavior\ReadHtmlCacheBehavior [ RunTime:0.001000s ]
INFO: Run Behavior\CheckLangBehavior [ RunTime:0.000000s ]
INFO: [ app_begin ] --END-- [ RunTime:0.001000s ]
SQL: SHOW COLUMNS FROM `admin` [ RunTime:0.0030s ]
SQL: SELECT * FROM `admin` WHERE ( adminuser='admin' ) LIMIT 1   [ RunTime:0.0010s ]
SQL: SHOW COLUMNS FROM `article` [ RunTime:0.0030s ]
SQL: SELECT * FROM `article` INNER JOIN category ON article.catid = category.catid  WHERE ( auditing = 1 and admin_id='1' ) ORDER BY hit desc,addtime desc LIMIT 10   [ RunTime:0.0050s ]
SQL: SELECT * FROM `article` INNER JOIN category ON article.catid = category.catid  WHERE ( auditing = 1 and admin_id='1' ) ORDER BY comment desc LIMIT 10   [ RunTime:0.0040s ]
SQL: SHOW COLUMNS FROM `category` [ RunTime:0.0030s ]
SQL: SELECT * FROM `category`  [ RunTime:0.0000s ]
SQL: SHOW COLUMNS FROM `message` [ RunTime:0.0330s ]
SQL: SELECT * FROM `message`  [ RunTime:0.0010s ]
SQL: SHOW COLUMNS FROM `reply_message` [ RunTime:0.0130s ]
SQL: SELECT * FROM `reply_message` WHERE ( auditing = 1 )  [ RunTime:0.0010s ]
INFO: [ view_parse ] --START--
INFO: [ template_filter ] --START--
INFO: Run Behavior\ContentReplaceBehavior [ RunTime:0.000000s ]
INFO: [ template_filter ] --END-- [ RunTime:0.000000s ]
NOTIC: [2] Missing argument 3 for format_datetime(), called in E:\xampp\htdocs\think\app\Runtime\Cache\Home\1af9bc0d6f7bf93fad0a29d52a0e81eb.php on line 90 and defined E:\xampp\htdocs\think\app\Home\Common\function.php 第 88 行.
NOTIC: [2] Missing argument 3 for format_datetime(), called in E:\xampp\htdocs\think\app\Runtime\Cache\Home\1af9bc0d6f7bf93fad0a29d52a0e81eb.php on line 96 and defined E:\xampp\htdocs\think\app\Home\Common\function.php 第 88 行.
NOTIC: [2] Missing argument 3 for format_datetime(), called in E:\xampp\htdocs\think\app\Runtime\Cache\Home\1af9bc0d6f7bf93fad0a29d52a0e81eb.php on line 90 and defined E:\xampp\htdocs\think\app\Home\Common\function.php 第 88 行.
NOTIC: [2] Missing argument 3 for format_datetime(), called in E:\xampp\htdocs\think\app\Runtime\Cache\Home\1af9bc0d6f7bf93fad0a29d52a0e81eb.php on line 90 and defined E:\xampp\htdocs\think\app\Home\Common\function.php 第 88 行.
NOTIC: [2] Missing argument 3 for format_datetime(), called in E:\xampp\htdocs\think\app\Runtime\Cache\Home\1af9bc0d6f7bf93fad0a29d52a0e81eb.php on line 90 and defined E:\xampp\htdocs\think\app\Home\Common\function.php 第 88 行.
NOTIC: [2] Missing argument 3 for format_datetime(), called in E:\xampp\htdocs\think\app\Runtime\Cache\Home\1af9bc0d6f7bf93fad0a29d52a0e81eb.php on line 96 and defined E:\xampp\htdocs\think\app\Home\Common\function.php 第 88 行.
NOTIC: [2] Missing argument 3 for format_datetime(), called in E:\xampp\htdocs\think\app\Runtime\Cache\Home\1af9bc0d6f7bf93fad0a29d52a0e81eb.php on line 96 and defined E:\xampp\htdocs\think\app\Home\Common\function.php 第 88 行.
NOTIC: [2] Missing argument 3 for format_datetime(), called in E:\xampp\htdocs\think\app\Runtime\Cache\Home\1af9bc0d6f7bf93fad0a29d52a0e81eb.php on line 90 and defined E:\xampp\htdocs\think\app\Home\Common\function.php 第 88 行.
INFO: Run Behavior\ParseTemplateBehavior [ RunTime:0.026001s ]
INFO: [ view_parse ] --END-- [ RunTime:0.026001s ]
INFO: [ view_filter ] --START--
INFO: Run Behavior\WriteHtmlCacheBehavior [ RunTime:0.001000s ]
INFO: [ view_filter ] --END-- [ RunTime:0.001000s ]
INFO: [ app_end ] --START--
INFO: Run Behavior\ShowPageTraceBehavior [ RunTime:0.001000s ]
INFO: [ app_end ] --END-- [ RunTime:0.001000s ]

[ 2017-05-14T21:55:54+08:00 ] 127.0.0.1 /feedback.html
INFO: [ app_init ] --START--
INFO: Run Behavior\BuildLiteBehavior [ RunTime:0.000000s ]
INFO: [ app_init ] --END-- [ RunTime:0.001000s ]
INFO: [ app_begin ] --START--
INFO: Run Behavior\ReadHtmlCacheBehavior [ RunTime:0.000000s ]
INFO: Run Behavior\CheckLangBehavior [ RunTime:0.000000s ]
INFO: [ app_begin ] --END-- [ RunTime:0.001000s ]
SQL: SHOW COLUMNS FROM `admin` [ RunTime:0.0030s ]
SQL: SELECT * FROM `admin` WHERE ( adminuser='admin' ) LIMIT 1   [ RunTime:0.0010s ]
SQL: SHOW COLUMNS FROM `article` [ RunTime:0.0030s ]
SQL: SELECT * FROM `article` INNER JOIN category ON article.catid = category.catid  WHERE ( auditing = 1 and admin_id='1' ) ORDER BY hit desc,addtime desc LIMIT 10   [ RunTime:0.0060s ]
SQL: SELECT * FROM `article` INNER JOIN category ON article.catid = category.catid  WHERE ( auditing = 1 and admin_id='1' ) ORDER BY comment desc LIMIT 10   [ RunTime:0.0050s ]
SQL: SHOW COLUMNS FROM `category` [ RunTime:0.0030s ]
SQL: SELECT * FROM `category`  [ RunTime:0.0000s ]
SQL: SHOW COLUMNS FROM `message` [ RunTime:0.0020s ]
SQL: SELECT * FROM `message`  [ RunTime:0.0000s ]
SQL: SHOW COLUMNS FROM `reply_message` [ RunTime:0.0040s ]
SQL: SELECT * FROM `reply_message` WHERE ( auditing = 1 )  [ RunTime:0.0010s ]
INFO: [ view_parse ] --START--
INFO: [ template_filter ] --START--
INFO: Run Behavior\ContentReplaceBehavior [ RunTime:0.000000s ]
INFO: [ template_filter ] --END-- [ RunTime:0.001000s ]
NOTIC: [2] Missing argument 3 for format_datetime(), called in E:\xampp\htdocs\think\app\Runtime\Cache\Home\1af9bc0d6f7bf93fad0a29d52a0e81eb.php on line 90 and defined E:\xampp\htdocs\think\app\Home\Common\function.php 第 88 行.
NOTIC: [2] Missing argument 3 for format_datetime(), called in E:\xampp\htdocs\think\app\Runtime\Cache\Home\1af9bc0d6f7bf93fad0a29d52a0e81eb.php on line 96 and defined E:\xampp\htdocs\think\app\Home\Common\function.php 第 88 行.
NOTIC: [2] Missing argument 3 for format_datetime(), called in E:\xampp\htdocs\think\app\Runtime\Cache\Home\1af9bc0d6f7bf93fad0a29d52a0e81eb.php on line 90 and defined E:\xampp\htdocs\think\app\Home\Common\function.php 第 88 行.
NOTIC: [2] Missing argument 3 for format_datetime(), called in E:\xampp\htdocs\think\app\Runtime\Cache\Home\1af9bc0d6f7bf93fad0a29d52a0e81eb.php on line 90 and defined E:\xampp\htdocs\think\app\Home\Common\function.php 第 88 行.
NOTIC: [2] Missing argument 3 for format_datetime(), called in E:\xampp\htdocs\think\app\Runtime\Cache\Home\1af9bc0d6f7bf93fad0a29d52a0e81eb.php on line 90 and defined E:\xampp\htdocs\think\app\Home\Common\function.php 第 88 行.
NOTIC: [2] Missing argument 3 for format_datetime(), called in E:\xampp\htdocs\think\app\Runtime\Cache\Home\1af9bc0d6f7bf93fad0a29d52a0e81eb.php on line 96 and defined E:\xampp\htdocs\think\app\Home\Common\function.php 第 88 行.
NOTIC: [2] Missing argument 3 for format_datetime(), called in E:\xampp\htdocs\think\app\Runtime\Cache\Home\1af9bc0d6f7bf93fad0a29d52a0e81eb.php on line 96 and defined E:\xampp\htdocs\think\app\Home\Common\function.php 第 88 行.
NOTIC: [2] Missing argument 3 for format_datetime(), called in E:\xampp\htdocs\think\app\Runtime\Cache\Home\1af9bc0d6f7bf93fad0a29d52a0e81eb.php on line 90 and defined E:\xampp\htdocs\think\app\Home\Common\function.php 第 88 行.
INFO: Run Behavior\ParseTemplateBehavior [ RunTime:0.026002s ]
INFO: [ view_parse ] --END-- [ RunTime:0.026002s ]
INFO: [ view_filter ] --START--
INFO: Run Behavior\WriteHtmlCacheBehavior [ RunTime:0.002000s ]
INFO: [ view_filter ] --END-- [ RunTime:0.002000s ]
INFO: [ app_end ] --START--
INFO: Run Behavior\ShowPageTraceBehavior [ RunTime:0.001000s ]
INFO: [ app_end ] --END-- [ RunTime:0.001000s ]

[ 2017-05-14T21:56:01+08:00 ] 127.0.0.1 /reply_message/addreplymessage.html
INFO: [ app_init ] --START--
INFO: Run Behavior\BuildLiteBehavior [ RunTime:0.000000s ]
INFO: [ app_init ] --END-- [ RunTime:0.001000s ]
INFO: [ app_begin ] --START--
INFO: Run Behavior\ReadHtmlCacheBehavior [ RunTime:0.001001s ]
INFO: Run Behavior\CheckLangBehavior [ RunTime:0.001000s ]
INFO: [ app_begin ] --END-- [ RunTime:0.003001s ]
SQL: SHOW COLUMNS FROM `admin` [ RunTime:0.0030s ]
SQL: SELECT * FROM `admin` WHERE ( adminuser='admin' ) LIMIT 1   [ RunTime:0.0000s ]
SQL: SHOW COLUMNS FROM `article` [ RunTime:0.0030s ]
SQL: SELECT * FROM `article` INNER JOIN category ON article.catid = category.catid  WHERE ( auditing = 1 and admin_id='1' ) ORDER BY hit desc,addtime desc LIMIT 10   [ RunTime:0.0040s ]
SQL: SELECT * FROM `article` INNER JOIN category ON article.catid = category.catid  WHERE ( auditing = 1 and admin_id='1' ) ORDER BY comment desc LIMIT 10   [ RunTime:0.0000s ]
SQL: SHOW COLUMNS FROM `category` [ RunTime:0.0000s ]
SQL: SELECT * FROM `category`  [ RunTime:0.0000s ]
SQL: SHOW COLUMNS FROM `reply_message` [ RunTime:0.0000s ]
SQL: INSERT INTO `reply_message` (`reply_commenter`,`reply_master`,`content`,`item`,`addtime`) VALUES ('我','huason','没事！','1494595212','1494770161') [ RunTime:0.0948s ]

[ 2017-05-14T21:56:05+08:00 ] 127.0.0.1 /feedback.html
INFO: [ app_init ] --START--
INFO: Run Behavior\BuildLiteBehavior [ RunTime:0.000000s ]
INFO: [ app_init ] --END-- [ RunTime:0.001001s ]
INFO: [ app_begin ] --START--
INFO: Run Behavior\ReadHtmlCacheBehavior [ RunTime:0.001000s ]
INFO: Run Behavior\CheckLangBehavior [ RunTime:0.001000s ]
INFO: [ app_begin ] --END-- [ RunTime:0.002000s ]
SQL: SHOW COLUMNS FROM `admin` [ RunTime:0.0030s ]
SQL: SELECT * FROM `admin` WHERE ( adminuser='admin' ) LIMIT 1   [ RunTime:0.0010s ]
SQL: SHOW COLUMNS FROM `article` [ RunTime:0.0030s ]
SQL: SELECT * FROM `article` INNER JOIN category ON article.catid = category.catid  WHERE ( auditing = 1 and admin_id='1' ) ORDER BY hit desc,addtime desc LIMIT 10   [ RunTime:0.0080s ]
SQL: SELECT * FROM `article` INNER JOIN category ON article.catid = category.catid  WHERE ( auditing = 1 and admin_id='1' ) ORDER BY comment desc LIMIT 10   [ RunTime:0.0040s ]
SQL: SHOW COLUMNS FROM `category` [ RunTime:0.0020s ]
SQL: SELECT * FROM `category`  [ RunTime:0.0000s ]
SQL: SHOW COLUMNS FROM `message` [ RunTime:0.0030s ]
SQL: SELECT * FROM `message`  [ RunTime:0.0040s ]
SQL: SHOW COLUMNS FROM `reply_message` [ RunTime:0.0040s ]
SQL: SELECT * FROM `reply_message` WHERE ( auditing = 1 )  [ RunTime:0.0000s ]
INFO: [ view_parse ] --START--
INFO: [ template_filter ] --START--
INFO: Run Behavior\ContentReplaceBehavior [ RunTime:0.000000s ]
INFO: [ template_filter ] --END-- [ RunTime:0.000000s ]
NOTIC: [2] Missing argument 3 for format_datetime(), called in E:\xampp\htdocs\think\app\Runtime\Cache\Home\1af9bc0d6f7bf93fad0a29d52a0e81eb.php on line 90 and defined E:\xampp\htdocs\think\app\Home\Common\function.php 第 88 行.
NOTIC: [2] Missing argument 3 for format_datetime(), called in E:\xampp\htdocs\think\app\Runtime\Cache\Home\1af9bc0d6f7bf93fad0a29d52a0e81eb.php on line 96 and defined E:\xampp\htdocs\think\app\Home\Common\function.php 第 88 行.
NOTIC: [2] Missing argument 3 for format_datetime(), called in E:\xampp\htdocs\think\app\Runtime\Cache\Home\1af9bc0d6f7bf93fad0a29d52a0e81eb.php on line 90 and defined E:\xampp\htdocs\think\app\Home\Common\function.php 第 88 行.
NOTIC: [2] Missing argument 3 for format_datetime(), called in E:\xampp\htdocs\think\app\Runtime\Cache\Home\1af9bc0d6f7bf93fad0a29d52a0e81eb.php on line 90 and defined E:\xampp\htdocs\think\app\Home\Common\function.php 第 88 行.
NOTIC: [2] Missing argument 3 for format_datetime(), called in E:\xampp\htdocs\think\app\Runtime\Cache\Home\1af9bc0d6f7bf93fad0a29d52a0e81eb.php on line 96 and defined E:\xampp\htdocs\think\app\Home\Common\function.php 第 88 行.
NOTIC: [2] Missing argument 3 for format_datetime(), called in E:\xampp\htdocs\think\app\Runtime\Cache\Home\1af9bc0d6f7bf93fad0a29d52a0e81eb.php on line 90 and defined E:\xampp\htdocs\think\app\Home\Common\function.php 第 88 行.
NOTIC: [2] Missing argument 3 for format_datetime(), called in E:\xampp\htdocs\think\app\Runtime\Cache\Home\1af9bc0d6f7bf93fad0a29d52a0e81eb.php on line 96 and defined E:\xampp\htdocs\think\app\Home\Common\function.php 第 88 行.
NOTIC: [2] Missing argument 3 for format_datetime(), called in E:\xampp\htdocs\think\app\Runtime\Cache\Home\1af9bc0d6f7bf93fad0a29d52a0e81eb.php on line 96 and defined E:\xampp\htdocs\think\app\Home\Common\function.php 第 88 行.
NOTIC: [2] Missing argument 3 for format_datetime(), called in E:\xampp\htdocs\think\app\Runtime\Cache\Home\1af9bc0d6f7bf93fad0a29d52a0e81eb.php on line 90 and defined E:\xampp\htdocs\think\app\Home\Common\function.php 第 88 行.
INFO: Run Behavior\ParseTemplateBehavior [ RunTime:0.028002s ]
INFO: [ view_parse ] --END-- [ RunTime:0.028002s ]
INFO: [ view_filter ] --START--
INFO: Run Behavior\WriteHtmlCacheBehavior [ RunTime:0.001000s ]
INFO: [ view_filter ] --END-- [ RunTime:0.001000s ]
INFO: [ app_end ] --START--
INFO: Run Behavior\ShowPageTraceBehavior [ RunTime:0.001000s ]
INFO: [ app_end ] --END-- [ RunTime:0.001000s ]

[ 2017-05-14T21:56:59+08:00 ] 127.0.0.1 /feedback.html
INFO: [ app_init ] --START--
INFO: Run Behavior\BuildLiteBehavior [ RunTime:0.000000s ]
INFO: [ app_init ] --END-- [ RunTime:0.001001s ]
INFO: [ app_begin ] --START--
INFO: Run Behavior\ReadHtmlCacheBehavior [ RunTime:0.001000s ]
INFO: Run Behavior\CheckLangBehavior [ RunTime:0.001000s ]
INFO: [ app_begin ] --END-- [ RunTime:0.002000s ]
SQL: SHOW COLUMNS FROM `admin` [ RunTime:0.0050s ]
SQL: SELECT * FROM `admin` WHERE ( adminuser='admin' ) LIMIT 1   [ RunTime:0.0010s ]
SQL: SHOW COLUMNS FROM `article` [ RunTime:0.0030s ]
SQL: SELECT * FROM `article` INNER JOIN category ON article.catid = category.catid  WHERE ( auditing = 1 and admin_id='1' ) ORDER BY hit desc,addtime desc LIMIT 10   [ RunTime:0.0050s ]
SQL: SELECT * FROM `article` INNER JOIN category ON article.catid = category.catid  WHERE ( auditing = 1 and admin_id='1' ) ORDER BY comment desc LIMIT 10   [ RunTime:0.0070s ]
SQL: SHOW COLUMNS FROM `category` [ RunTime:0.0030s ]
SQL: SELECT * FROM `category`  [ RunTime:0.0000s ]
SQL: SHOW COLUMNS FROM `message` [ RunTime:0.0030s ]
SQL: SELECT * FROM `message`  [ RunTime:0.0010s ]
SQL: SHOW COLUMNS FROM `reply_message` [ RunTime:0.0030s ]
SQL: SELECT * FROM `reply_message` WHERE ( auditing = 1 )  [ RunTime:0.0010s ]
INFO: [ view_parse ] --START--
INFO: [ template_filter ] --START--
INFO: Run Behavior\ContentReplaceBehavior [ RunTime:0.001000s ]
INFO: [ template_filter ] --END-- [ RunTime:0.001000s ]
NOTIC: [2] Missing argument 3 for format_datetime(), called in E:\xampp\htdocs\think\app\Runtime\Cache\Home\1af9bc0d6f7bf93fad0a29d52a0e81eb.php on line 90 and defined E:\xampp\htdocs\think\app\Home\Common\function.php 第 88 行.
NOTIC: [2] Missing argument 3 for format_datetime(), called in E:\xampp\htdocs\think\app\Runtime\Cache\Home\1af9bc0d6f7bf93fad0a29d52a0e81eb.php on line 96 and defined E:\xampp\htdocs\think\app\Home\Common\function.php 第 88 行.
NOTIC: [2] Missing argument 3 for format_datetime(), called in E:\xampp\htdocs\think\app\Runtime\Cache\Home\1af9bc0d6f7bf93fad0a29d52a0e81eb.php on line 90 and defined E:\xampp\htdocs\think\app\Home\Common\function.php 第 88 行.
NOTIC: [2] Missing argument 3 for format_datetime(), called in E:\xampp\htdocs\think\app\Runtime\Cache\Home\1af9bc0d6f7bf93fad0a29d52a0e81eb.php on line 90 and defined E:\xampp\htdocs\think\app\Home\Common\function.php 第 88 行.
NOTIC: [2] Missing argument 3 for format_datetime(), called in E:\xampp\htdocs\think\app\Runtime\Cache\Home\1af9bc0d6f7bf93fad0a29d52a0e81eb.php on line 96 and defined E:\xampp\htdocs\think\app\Home\Common\function.php 第 88 行.
NOTIC: [2] Missing argument 3 for format_datetime(), called in E:\xampp\htdocs\think\app\Runtime\Cache\Home\1af9bc0d6f7bf93fad0a29d52a0e81eb.php on line 90 and defined E:\xampp\htdocs\think\app\Home\Common\function.php 第 88 行.
NOTIC: [2] Missing argument 3 for format_datetime(), called in E:\xampp\htdocs\think\app\Runtime\Cache\Home\1af9bc0d6f7bf93fad0a29d52a0e81eb.php on line 96 and defined E:\xampp\htdocs\think\app\Home\Common\function.php 第 88 行.
NOTIC: [2] Missing argument 3 for format_datetime(), called in E:\xampp\htdocs\think\app\Runtime\Cache\Home\1af9bc0d6f7bf93fad0a29d52a0e81eb.php on line 96 and defined E:\xampp\htdocs\think\app\Home\Common\function.php 第 88 行.
NOTIC: [2] Missing argument 3 for format_datetime(), called in E:\xampp\htdocs\think\app\Runtime\Cache\Home\1af9bc0d6f7bf93fad0a29d52a0e81eb.php on line 90 and defined E:\xampp\htdocs\think\app\Home\Common\function.php 第 88 行.
INFO: Run Behavior\ParseTemplateBehavior [ RunTime:0.037003s ]
INFO: [ view_parse ] --END-- [ RunTime:0.037003s ]
INFO: [ view_filter ] --START--
INFO: Run Behavior\WriteHtmlCacheBehavior [ RunTime:0.001000s ]
INFO: [ view_filter ] --END-- [ RunTime:0.001000s ]
INFO: [ app_end ] --START--
INFO: Run Behavior\ShowPageTraceBehavior [ RunTime:0.001000s ]
INFO: [ app_end ] --END-- [ RunTime:0.001000s ]

[ 2017-05-14T22:00:26+08:00 ] 127.0.0.1 /feedback.html
INFO: [ app_init ] --START--
INFO: Run Behavior\BuildLiteBehavior [ RunTime:0.000000s ]
INFO: [ app_init ] --END-- [ RunTime:0.000000s ]
INFO: [ app_begin ] --START--
INFO: Run Behavior\ReadHtmlCacheBehavior [ RunTime:0.000000s ]
INFO: Run Behavior\CheckLangBehavior [ RunTime:0.000000s ]
INFO: [ app_begin ] --END-- [ RunTime:0.000000s ]
SQL: SHOW COLUMNS FROM `admin` [ RunTime:0.0000s ]
SQL: SELECT * FROM `admin` WHERE ( adminuser='%s' ) LIMIT 1   [ RunTime:0.0000s ]
SQL: SHOW COLUMNS FROM `article` [ RunTime:0.0156s ]
SQL: SELECT * FROM `article` INNER JOIN category ON article.catid = category.catid  WHERE ( auditing = 1 and admin_id='%d' ) ORDER BY hit desc,addtime desc LIMIT 10   [ RunTime:0.0000s ]
SQL: SELECT * FROM `article` INNER JOIN category ON article.catid = category.catid  WHERE ( auditing = 1 and admin_id='%d' ) ORDER BY comment desc LIMIT 10   [ RunTime:0.0000s ]
SQL: SHOW COLUMNS FROM `category` [ RunTime:0.0000s ]
SQL: SELECT * FROM `category`  [ RunTime:0.0000s ]
SQL: SHOW COLUMNS FROM `message` [ RunTime:0.0000s ]
SQL: SELECT * FROM `message`  [ RunTime:0.0000s ]
SQL: SHOW COLUMNS FROM `reply_message` [ RunTime:0.0186s ]
SQL: SELECT * FROM `reply_message` WHERE ( auditing = 1 )  [ RunTime:0.0000s ]
INFO: [ view_parse ] --START--
INFO: [ template_filter ] --START--
INFO: Run Behavior\ContentReplaceBehavior [ RunTime:0.000000s ]
INFO: [ template_filter ] --END-- [ RunTime:0.000000s ]
NOTIC: [2] Missing argument 3 for format_datetime(), called in E:\xampp\htdocs\think\app\Runtime\Cache\Home\1af9bc0d6f7bf93fad0a29d52a0e81eb.php on line 90 and defined E:\xampp\htdocs\think\app\Home\Common\function.php 第 88 行.
NOTIC: [2] Missing argument 3 for format_datetime(), called in E:\xampp\htdocs\think\app\Runtime\Cache\Home\1af9bc0d6f7bf93fad0a29d52a0e81eb.php on line 96 and defined E:\xampp\htdocs\think\app\Home\Common\function.php 第 88 行.
NOTIC: [2] Missing argument 3 for format_datetime(), called in E:\xampp\htdocs\think\app\Runtime\Cache\Home\1af9bc0d6f7bf93fad0a29d52a0e81eb.php on line 90 and defined E:\xampp\htdocs\think\app\Home\Common\function.php 第 88 行.
NOTIC: [2] Missing argument 3 for format_datetime(), called in E:\xampp\htdocs\think\app\Runtime\Cache\Home\1af9bc0d6f7bf93fad0a29d52a0e81eb.php on line 90 and defined E:\xampp\htdocs\think\app\Home\Common\function.php 第 88 行.
NOTIC: [2] Missing argument 3 for format_datetime(), called in E:\xampp\htdocs\think\app\Runtime\Cache\Home\1af9bc0d6f7bf93fad0a29d52a0e81eb.php on line 96 and defined E:\xampp\htdocs\think\app\Home\Common\function.php 第 88 行.
NOTIC: [2] Missing argument 3 for format_datetime(), called in E:\xampp\htdocs\think\app\Runtime\Cache\Home\1af9bc0d6f7bf93fad0a29d52a0e81eb.php on line 90 and defined E:\xampp\htdocs\think\app\Home\Common\function.php 第 88 行.
NOTIC: [2] Missing argument 3 for format_datetime(), called in E:\xampp\htdocs\think\app\Runtime\Cache\Home\1af9bc0d6f7bf93fad0a29d52a0e81eb.php on line 96 and defined E:\xampp\htdocs\think\app\Home\Common\function.php 第 88 行.
NOTIC: [2] Missing argument 3 for format_datetime(), called in E:\xampp\htdocs\think\app\Runtime\Cache\Home\1af9bc0d6f7bf93fad0a29d52a0e81eb.php on line 96 and defined E:\xampp\htdocs\think\app\Home\Common\function.php 第 88 行.
NOTIC: [2] Missing argument 3 for format_datetime(), called in E:\xampp\htdocs\think\app\Runtime\Cache\Home\1af9bc0d6f7bf93fad0a29d52a0e81eb.php on line 90 and defined E:\xampp\htdocs\think\app\Home\Common\function.php 第 88 行.
INFO: Run Behavior\ParseTemplateBehavior [ RunTime:0.025001s ]
INFO: [ view_parse ] --END-- [ RunTime:0.025001s ]
INFO: [ view_filter ] --START--
INFO: Run Behavior\WriteHtmlCacheBehavior [ RunTime:0.001000s ]
INFO: [ view_filter ] --END-- [ RunTime:0.001000s ]
INFO: [ app_end ] --START--
INFO: Run Behavior\ShowPageTraceBehavior [ RunTime:0.001000s ]
INFO: [ app_end ] --END-- [ RunTime:0.001000s ]

[ 2017-05-14T22:01:24+08:00 ] 127.0.0.1 /feedback.html
INFO: [ app_init ] --START--
INFO: Run Behavior\BuildLiteBehavior [ RunTime:0.000000s ]
INFO: [ app_init ] --END-- [ RunTime:0.000000s ]
INFO: [ app_begin ] --START--
INFO: Run Behavior\ReadHtmlCacheBehavior [ RunTime:0.000000s ]
INFO: Run Behavior\CheckLangBehavior [ RunTime:0.000000s ]
INFO: [ app_begin ] --END-- [ RunTime:0.000000s ]
SQL: SHOW COLUMNS FROM `admin` [ RunTime:0.0000s ]
SQL: SELECT * FROM `admin` WHERE ( adminuser='%s' ) LIMIT 1   [ RunTime:0.0000s ]
SQL: SHOW COLUMNS FROM `article` [ RunTime:0.0000s ]
SQL: SELECT * FROM `article` INNER JOIN category ON article.catid = category.catid  WHERE ( auditing = 1 and admin_id='%d' ) ORDER BY hit desc,addtime desc LIMIT 10   [ RunTime:0.0156s ]
SQL: SELECT * FROM `article` INNER JOIN category ON article.catid = category.catid  WHERE ( auditing = 1 and admin_id='%d' ) ORDER BY comment desc LIMIT 10   [ RunTime:0.0000s ]
SQL: SHOW COLUMNS FROM `category` [ RunTime:0.0000s ]
SQL: SELECT * FROM `category`  [ RunTime:0.0000s ]
SQL: SHOW COLUMNS FROM `message` [ RunTime:0.0000s ]
SQL: SELECT * FROM `message`  [ RunTime:0.0000s ]
SQL: SHOW COLUMNS FROM `reply_message` [ RunTime:0.0000s ]
SQL: SELECT * FROM `reply_message` WHERE ( auditing = 1 )  [ RunTime:0.0000s ]
INFO: [ view_parse ] --START--
INFO: [ template_filter ] --START--
INFO: Run Behavior\ContentReplaceBehavior [ RunTime:0.000000s ]
INFO: [ template_filter ] --END-- [ RunTime:0.000000s ]
NOTIC: [2] Missing argument 3 for format_datetime(), called in E:\xampp\htdocs\think\app\Runtime\Cache\Home\1af9bc0d6f7bf93fad0a29d52a0e81eb.php on line 90 and defined E:\xampp\htdocs\think\app\Home\Common\function.php 第 88 行.
NOTIC: [2] Missing argument 3 for format_datetime(), called in E:\xampp\htdocs\think\app\Runtime\Cache\Home\1af9bc0d6f7bf93fad0a29d52a0e81eb.php on line 96 and defined E:\xampp\htdocs\think\app\Home\Common\function.php 第 88 行.
NOTIC: [2] Missing argument 3 for format_datetime(), called in E:\xampp\htdocs\think\app\Runtime\Cache\Home\1af9bc0d6f7bf93fad0a29d52a0e81eb.php on line 90 and defined E:\xampp\htdocs\think\app\Home\Common\function.php 第 88 行.
NOTIC: [2] Missing argument 3 for format_datetime(), called in E:\xampp\htdocs\think\app\Runtime\Cache\Home\1af9bc0d6f7bf93fad0a29d52a0e81eb.php on line 90 and defined E:\xampp\htdocs\think\app\Home\Common\function.php 第 88 行.
NOTIC: [2] Missing argument 3 for format_datetime(), called in E:\xampp\htdocs\think\app\Runtime\Cache\Home\1af9bc0d6f7bf93fad0a29d52a0e81eb.php on line 96 and defined E:\xampp\htdocs\think\app\Home\Common\function.php 第 88 行.
NOTIC: [2] Missing argument 3 for format_datetime(), called in E:\xampp\htdocs\think\app\Runtime\Cache\Home\1af9bc0d6f7bf93fad0a29d52a0e81eb.php on line 90 and defined E:\xampp\htdocs\think\app\Home\Common\function.php 第 88 行.
NOTIC: [2] Missing argument 3 for format_datetime(), called in E:\xampp\htdocs\think\app\Runtime\Cache\Home\1af9bc0d6f7bf93fad0a29d52a0e81eb.php on line 96 and defined E:\xampp\htdocs\think\app\Home\Common\function.php 第 88 行.
NOTIC: [2] Missing argument 3 for format_datetime(), called in E:\xampp\htdocs\think\app\Runtime\Cache\Home\1af9bc0d6f7bf93fad0a29d52a0e81eb.php on line 96 and defined E:\xampp\htdocs\think\app\Home\Common\function.php 第 88 行.
NOTIC: [2] Missing argument 3 for format_datetime(), called in E:\xampp\htdocs\think\app\Runtime\Cache\Home\1af9bc0d6f7bf93fad0a29d52a0e81eb.php on line 90 and defined E:\xampp\htdocs\think\app\Home\Common\function.php 第 88 行.
INFO: Run Behavior\ParseTemplateBehavior [ RunTime:0.031201s ]
INFO: [ view_parse ] --END-- [ RunTime:0.031201s ]
INFO: [ view_filter ] --START--
INFO: Run Behavior\WriteHtmlCacheBehavior [ RunTime:0.000000s ]
INFO: [ view_filter ] --END-- [ RunTime:0.000000s ]
INFO: [ app_end ] --START--
INFO: Run Behavior\ShowPageTraceBehavior [ RunTime:0.000000s ]
INFO: [ app_end ] --END-- [ RunTime:0.000000s ]

[ 2017-05-14T22:03:12+08:00 ] 127.0.0.1 /feedback.html
INFO: [ app_init ] --START--
INFO: Run Behavior\BuildLiteBehavior [ RunTime:0.000000s ]
INFO: [ app_init ] --END-- [ RunTime:0.001000s ]
INFO: [ app_begin ] --START--
INFO: Run Behavior\ReadHtmlCacheBehavior [ RunTime:0.001000s ]
INFO: Run Behavior\CheckLangBehavior [ RunTime:0.000000s ]
INFO: [ app_begin ] --END-- [ RunTime:0.001000s ]
SQL: SHOW COLUMNS FROM `admin` [ RunTime:0.0000s ]
SQL: SELECT * FROM `admin` WHERE ( adminuser='%s' ) LIMIT 1   [ RunTime:0.0000s ]
SQL: SHOW COLUMNS FROM `article` [ RunTime:0.0000s ]
SQL: SELECT * FROM `article` INNER JOIN category ON article.catid = category.catid  WHERE ( auditing = 1 and admin_id='%d' ) ORDER BY hit desc,addtime desc LIMIT 10   [ RunTime:0.0000s ]
SQL: SELECT * FROM `article` INNER JOIN category ON article.catid = category.catid  WHERE ( auditing = 1 and admin_id='%d' ) ORDER BY comment desc LIMIT 10   [ RunTime:0.0000s ]
SQL: SHOW COLUMNS FROM `category` [ RunTime:0.0156s ]
SQL: SELECT * FROM `category`  [ RunTime:0.0000s ]
SQL: SHOW COLUMNS FROM `message` [ RunTime:0.0000s ]
SQL: SELECT * FROM `message`  [ RunTime:0.0000s ]
SQL: SHOW COLUMNS FROM `reply_message` [ RunTime:0.0000s ]
SQL: SELECT * FROM `reply_message` WHERE ( auditing = 1 )  [ RunTime:0.0000s ]
INFO: [ view_parse ] --START--
INFO: [ template_filter ] --START--
INFO: Run Behavior\ContentReplaceBehavior [ RunTime:0.000000s ]
INFO: [ template_filter ] --END-- [ RunTime:0.000000s ]
NOTIC: [2] Missing argument 3 for format_datetime(), called in E:\xampp\htdocs\think\app\Runtime\Cache\Home\1af9bc0d6f7bf93fad0a29d52a0e81eb.php on line 90 and defined E:\xampp\htdocs\think\app\Home\Common\function.php 第 88 行.
NOTIC: [2] Missing argument 3 for format_datetime(), called in E:\xampp\htdocs\think\app\Runtime\Cache\Home\1af9bc0d6f7bf93fad0a29d52a0e81eb.php on line 96 and defined E:\xampp\htdocs\think\app\Home\Common\function.php 第 88 行.
NOTIC: [2] Missing argument 3 for format_datetime(), called in E:\xampp\htdocs\think\app\Runtime\Cache\Home\1af9bc0d6f7bf93fad0a29d52a0e81eb.php on line 90 and defined E:\xampp\htdocs\think\app\Home\Common\function.php 第 88 行.
NOTIC: [2] Missing argument 3 for format_datetime(), called in E:\xampp\htdocs\think\app\Runtime\Cache\Home\1af9bc0d6f7bf93fad0a29d52a0e81eb.php on line 90 and defined E:\xampp\htdocs\think\app\Home\Common\function.php 第 88 行.
NOTIC: [2] Missing argument 3 for format_datetime(), called in E:\xampp\htdocs\think\app\Runtime\Cache\Home\1af9bc0d6f7bf93fad0a29d52a0e81eb.php on line 96 and defined E:\xampp\htdocs\think\app\Home\Common\function.php 第 88 行.
NOTIC: [2] Missing argument 3 for format_datetime(), called in E:\xampp\htdocs\think\app\Runtime\Cache\Home\1af9bc0d6f7bf93fad0a29d52a0e81eb.php on line 90 and defined E:\xampp\htdocs\think\app\Home\Common\function.php 第 88 行.
NOTIC: [2] Missing argument 3 for format_datetime(), called in E:\xampp\htdocs\think\app\Runtime\Cache\Home\1af9bc0d6f7bf93fad0a29d52a0e81eb.php on line 96 and defined E:\xampp\htdocs\think\app\Home\Common\function.php 第 88 行.
NOTIC: [2] Missing argument 3 for format_datetime(), called in E:\xampp\htdocs\think\app\Runtime\Cache\Home\1af9bc0d6f7bf93fad0a29d52a0e81eb.php on line 96 and defined E:\xampp\htdocs\think\app\Home\Common\function.php 第 88 行.
NOTIC: [2] Missing argument 3 for format_datetime(), called in E:\xampp\htdocs\think\app\Runtime\Cache\Home\1af9bc0d6f7bf93fad0a29d52a0e81eb.php on line 90 and defined E:\xampp\htdocs\think\app\Home\Common\function.php 第 88 行.
INFO: Run Behavior\ParseTemplateBehavior [ RunTime:0.031200s ]
INFO: [ view_parse ] --END-- [ RunTime:0.031200s ]
INFO: [ view_filter ] --START--
INFO: Run Behavior\WriteHtmlCacheBehavior [ RunTime:0.000000s ]
INFO: [ view_filter ] --END-- [ RunTime:0.000000s ]
INFO: [ app_end ] --START--
INFO: Run Behavior\ShowPageTraceBehavior [ RunTime:0.000000s ]
INFO: [ app_end ] --END-- [ RunTime:0.000000s ]

[ 2017-05-14T22:03:53+08:00 ] 127.0.0.1 /feedback.html
INFO: [ app_init ] --START--
INFO: Run Behavior\BuildLiteBehavior [ RunTime:0.000000s ]
INFO: [ app_init ] --END-- [ RunTime:0.001000s ]
INFO: [ app_begin ] --START--
INFO: Run Behavior\ReadHtmlCacheBehavior [ RunTime:0.001000s ]
INFO: Run Behavior\CheckLangBehavior [ RunTime:0.000000s ]
INFO: [ app_begin ] --END-- [ RunTime:0.002000s ]
SQL: SHOW COLUMNS FROM `admin` [ RunTime:0.0000s ]
SQL: SELECT * FROM `admin` WHERE ( adminuser='%s' ) LIMIT 1   [ RunTime:0.0000s ]
SQL: SHOW COLUMNS FROM `article` [ RunTime:0.0000s ]
SQL: SELECT * FROM `article` INNER JOIN category ON article.catid = category.catid  WHERE ( auditing = 1 and admin_id='%d' ) ORDER BY hit desc,addtime desc LIMIT 10   [ RunTime:0.0000s ]
SQL: SELECT * FROM `article` INNER JOIN category ON article.catid = category.catid  WHERE ( auditing = 1 and admin_id='%d' ) ORDER BY comment desc LIMIT 10   [ RunTime:0.0000s ]
SQL: SHOW COLUMNS FROM `category` [ RunTime:0.0000s ]
SQL: SELECT * FROM `category`  [ RunTime:0.0000s ]
SQL: SHOW COLUMNS FROM `message` [ RunTime:0.0156s ]
SQL: SELECT * FROM `message`  [ RunTime:0.0000s ]
SQL: SHOW COLUMNS FROM `reply_message` [ RunTime:0.0000s ]
SQL: SELECT * FROM `reply_message` WHERE ( auditing = 1 )  [ RunTime:0.0000s ]
INFO: [ view_parse ] --START--
INFO: [ template_filter ] --START--
INFO: Run Behavior\ContentReplaceBehavior [ RunTime:0.000000s ]
INFO: [ template_filter ] --END-- [ RunTime:0.000000s ]
NOTIC: [2] Missing argument 3 for format_datetime(), called in E:\xampp\htdocs\think\app\Runtime\Cache\Home\1af9bc0d6f7bf93fad0a29d52a0e81eb.php on line 90 and defined E:\xampp\htdocs\think\app\Home\Common\function.php 第 88 行.
NOTIC: [2] Missing argument 3 for format_datetime(), called in E:\xampp\htdocs\think\app\Runtime\Cache\Home\1af9bc0d6f7bf93fad0a29d52a0e81eb.php on line 96 and defined E:\xampp\htdocs\think\app\Home\Common\function.php 第 88 行.
NOTIC: [2] Missing argument 3 for format_datetime(), called in E:\xampp\htdocs\think\app\Runtime\Cache\Home\1af9bc0d6f7bf93fad0a29d52a0e81eb.php on line 90 and defined E:\xampp\htdocs\think\app\Home\Common\function.php 第 88 行.
NOTIC: [2] Missing argument 3 for format_datetime(), called in E:\xampp\htdocs\think\app\Runtime\Cache\Home\1af9bc0d6f7bf93fad0a29d52a0e81eb.php on line 90 and defined E:\xampp\htdocs\think\app\Home\Common\function.php 第 88 行.
NOTIC: [2] Missing argument 3 for format_datetime(), called in E:\xampp\htdocs\think\app\Runtime\Cache\Home\1af9bc0d6f7bf93fad0a29d52a0e81eb.php on line 96 and defined E:\xampp\htdocs\think\app\Home\Common\function.php 第 88 行.
NOTIC: [2] Missing argument 3 for format_datetime(), called in E:\xampp\htdocs\think\app\Runtime\Cache\Home\1af9bc0d6f7bf93fad0a29d52a0e81eb.php on line 90 and defined E:\xampp\htdocs\think\app\Home\Common\function.php 第 88 行.
NOTIC: [2] Missing argument 3 for format_datetime(), called in E:\xampp\htdocs\think\app\Runtime\Cache\Home\1af9bc0d6f7bf93fad0a29d52a0e81eb.php on line 96 and defined E:\xampp\htdocs\think\app\Home\Common\function.php 第 88 行.
NOTIC: [2] Missing argument 3 for format_datetime(), called in E:\xampp\htdocs\think\app\Runtime\Cache\Home\1af9bc0d6f7bf93fad0a29d52a0e81eb.php on line 96 and defined E:\xampp\htdocs\think\app\Home\Common\function.php 第 88 行.
NOTIC: [2] Missing argument 3 for format_datetime(), called in E:\xampp\htdocs\think\app\Runtime\Cache\Home\1af9bc0d6f7bf93fad0a29d52a0e81eb.php on line 90 and defined E:\xampp\htdocs\think\app\Home\Common\function.php 第 88 行.
INFO: Run Behavior\ParseTemplateBehavior [ RunTime:0.034602s ]
INFO: [ view_parse ] --END-- [ RunTime:0.034602s ]
INFO: [ view_filter ] --START--
INFO: Run Behavior\WriteHtmlCacheBehavior [ RunTime:0.001000s ]
INFO: [ view_filter ] --END-- [ RunTime:0.001000s ]
INFO: [ app_end ] --START--
INFO: Run Behavior\ShowPageTraceBehavior [ RunTime:0.000000s ]
INFO: [ app_end ] --END-- [ RunTime:0.002000s ]

[ 2017-05-14T22:06:05+08:00 ] 127.0.0.1 /feedback.html
INFO: [ app_init ] --START--
INFO: Run Behavior\BuildLiteBehavior [ RunTime:0.000000s ]
INFO: [ app_init ] --END-- [ RunTime:0.001000s ]
INFO: [ app_begin ] --START--
INFO: Run Behavior\ReadHtmlCacheBehavior [ RunTime:0.001000s ]
INFO: Run Behavior\CheckLangBehavior [ RunTime:0.001000s ]
INFO: [ app_begin ] --END-- [ RunTime:0.002000s ]
SQL: SHOW COLUMNS FROM `admin` [ RunTime:0.0040s ]
SQL: SELECT * FROM `admin` WHERE ( adminuser='%s' ) LIMIT 1   [ RunTime:0.0010s ]
SQL: SHOW COLUMNS FROM `article` [ RunTime:0.0030s ]
SQL: SELECT * FROM `article` INNER JOIN category ON article.catid = category.catid  WHERE ( auditing = 1 and admin_id='%d' ) ORDER BY hit desc,addtime desc LIMIT 10   [ RunTime:0.0040s ]
SQL: SELECT * FROM `article` INNER JOIN category ON article.catid = category.catid  WHERE ( auditing = 1 and admin_id='%d' ) ORDER BY comment desc LIMIT 10   [ RunTime:0.0050s ]
SQL: SHOW COLUMNS FROM `category` [ RunTime:0.0030s ]
SQL: SELECT * FROM `category`  [ RunTime:0.0000s ]
SQL: SHOW COLUMNS FROM `message` [ RunTime:0.0020s ]
SQL: SELECT * FROM `message`  [ RunTime:0.0010s ]
SQL: SHOW COLUMNS FROM `reply_message` [ RunTime:0.0030s ]
SQL: SELECT * FROM `reply_message` WHERE ( auditing = 1 )  [ RunTime:0.0010s ]
INFO: [ view_parse ] --START--
INFO: [ template_filter ] --START--
INFO: Run Behavior\ContentReplaceBehavior [ RunTime:0.001000s ]
INFO: [ template_filter ] --END-- [ RunTime:0.001000s ]
NOTIC: [2] Missing argument 3 for format_datetime(), called in E:\xampp\htdocs\think\app\Runtime\Cache\Home\1af9bc0d6f7bf93fad0a29d52a0e81eb.php on line 90 and defined E:\xampp\htdocs\think\app\Home\Common\function.php 第 88 行.
NOTIC: [2] Missing argument 3 for format_datetime(), called in E:\xampp\htdocs\think\app\Runtime\Cache\Home\1af9bc0d6f7bf93fad0a29d52a0e81eb.php on line 96 and defined E:\xampp\htdocs\think\app\Home\Common\function.php 第 88 行.
NOTIC: [2] Missing argument 3 for format_datetime(), called in E:\xampp\htdocs\think\app\Runtime\Cache\Home\1af9bc0d6f7bf93fad0a29d52a0e81eb.php on line 90 and defined E:\xampp\htdocs\think\app\Home\Common\function.php 第 88 行.
NOTIC: [2] Missing argument 3 for format_datetime(), called in E:\xampp\htdocs\think\app\Runtime\Cache\Home\1af9bc0d6f7bf93fad0a29d52a0e81eb.php on line 90 and defined E:\xampp\htdocs\think\app\Home\Common\function.php 第 88 行.
NOTIC: [2] Missing argument 3 for format_datetime(), called in E:\xampp\htdocs\think\app\Runtime\Cache\Home\1af9bc0d6f7bf93fad0a29d52a0e81eb.php on line 96 and defined E:\xampp\htdocs\think\app\Home\Common\function.php 第 88 行.
NOTIC: [2] Missing argument 3 for format_datetime(), called in E:\xampp\htdocs\think\app\Runtime\Cache\Home\1af9bc0d6f7bf93fad0a29d52a0e81eb.php on line 90 and defined E:\xampp\htdocs\think\app\Home\Common\function.php 第 88 行.
NOTIC: [2] Missing argument 3 for format_datetime(), called in E:\xampp\htdocs\think\app\Runtime\Cache\Home\1af9bc0d6f7bf93fad0a29d52a0e81eb.php on line 96 and defined E:\xampp\htdocs\think\app\Home\Common\function.php 第 88 行.
NOTIC: [2] Missing argument 3 for format_datetime(), called in E:\xampp\htdocs\think\app\Runtime\Cache\Home\1af9bc0d6f7bf93fad0a29d52a0e81eb.php on line 96 and defined E:\xampp\htdocs\think\app\Home\Common\function.php 第 88 行.
NOTIC: [2] Missing argument 3 for format_datetime(), called in E:\xampp\htdocs\think\app\Runtime\Cache\Home\1af9bc0d6f7bf93fad0a29d52a0e81eb.php on line 90 and defined E:\xampp\htdocs\think\app\Home\Common\function.php 第 88 行.
INFO: Run Behavior\ParseTemplateBehavior [ RunTime:0.025002s ]
INFO: [ view_parse ] --END-- [ RunTime:0.026002s ]
INFO: [ view_filter ] --START--
INFO: Run Behavior\WriteHtmlCacheBehavior [ RunTime:0.000000s ]
INFO: [ view_filter ] --END-- [ RunTime:0.000000s ]
INFO: [ app_end ] --START--
INFO: Run Behavior\ShowPageTraceBehavior [ RunTime:0.000000s ]
INFO: [ app_end ] --END-- [ RunTime:0.001000s ]

[ 2017-05-14T22:07:16+08:00 ] 127.0.0.1 /feedback.html
INFO: [ app_init ] --START--
INFO: Run Behavior\BuildLiteBehavior [ RunTime:0.000000s ]
INFO: [ app_init ] --END-- [ RunTime:0.000000s ]
INFO: [ app_begin ] --START--
INFO: Run Behavior\ReadHtmlCacheBehavior [ RunTime:0.001000s ]
INFO: Run Behavior\CheckLangBehavior [ RunTime:0.000000s ]
INFO: [ app_begin ] --END-- [ RunTime:0.001000s ]
SQL: SHOW COLUMNS FROM `admin` [ RunTime:0.0000s ]
SQL: SELECT * FROM `admin` WHERE ( adminuser='%s' ) LIMIT 1   [ RunTime:0.0000s ]
SQL: SHOW COLUMNS FROM `article` [ RunTime:0.0000s ]
SQL: SELECT * FROM `article` INNER JOIN category ON article.catid = category.catid  WHERE ( auditing = 1 and admin_id='%d' ) ORDER BY hit desc,addtime desc LIMIT 10   [ RunTime:0.0000s ]
SQL: SELECT * FROM `article` INNER JOIN category ON article.catid = category.catid  WHERE ( auditing = 1 and admin_id='%d' ) ORDER BY comment desc LIMIT 10   [ RunTime:0.0000s ]
SQL: SHOW COLUMNS FROM `category` [ RunTime:0.0156s ]
SQL: SELECT * FROM `category`  [ RunTime:0.0000s ]
SQL: SHOW COLUMNS FROM `message` [ RunTime:0.0000s ]
SQL: SELECT * FROM `message`  [ RunTime:0.0000s ]
SQL: SHOW COLUMNS FROM `reply_message` [ RunTime:0.0000s ]
SQL: SELECT * FROM `reply_message` WHERE ( auditing = 1 )  [ RunTime:0.0000s ]
INFO: [ view_parse ] --START--
INFO: [ template_filter ] --START--
INFO: Run Behavior\ContentReplaceBehavior [ RunTime:0.000000s ]
INFO: [ template_filter ] --END-- [ RunTime:0.000000s ]
NOTIC: [2] Missing argument 3 for format_datetime(), called in E:\xampp\htdocs\think\app\Runtime\Cache\Home\1af9bc0d6f7bf93fad0a29d52a0e81eb.php on line 90 and defined E:\xampp\htdocs\think\app\Home\Common\function.php 第 88 行.
NOTIC: [2] Missing argument 3 for format_datetime(), called in E:\xampp\htdocs\think\app\Runtime\Cache\Home\1af9bc0d6f7bf93fad0a29d52a0e81eb.php on line 96 and defined E:\xampp\htdocs\think\app\Home\Common\function.php 第 88 行.
NOTIC: [2] Missing argument 3 for format_datetime(), called in E:\xampp\htdocs\think\app\Runtime\Cache\Home\1af9bc0d6f7bf93fad0a29d52a0e81eb.php on line 90 and defined E:\xampp\htdocs\think\app\Home\Common\function.php 第 88 行.
NOTIC: [2] Missing argument 3 for format_datetime(), called in E:\xampp\htdocs\think\app\Runtime\Cache\Home\1af9bc0d6f7bf93fad0a29d52a0e81eb.php on line 90 and defined E:\xampp\htdocs\think\app\Home\Common\function.php 第 88 行.
NOTIC: [2] Missing argument 3 for format_datetime(), called in E:\xampp\htdocs\think\app\Runtime\Cache\Home\1af9bc0d6f7bf93fad0a29d52a0e81eb.php on line 96 and defined E:\xampp\htdocs\think\app\Home\Common\function.php 第 88 行.
NOTIC: [2] Missing argument 3 for format_datetime(), called in E:\xampp\htdocs\think\app\Runtime\Cache\Home\1af9bc0d6f7bf93fad0a29d52a0e81eb.php on line 90 and defined E:\xampp\htdocs\think\app\Home\Common\function.php 第 88 行.
NOTIC: [2] Missing argument 3 for format_datetime(), called in E:\xampp\htdocs\think\app\Runtime\Cache\Home\1af9bc0d6f7bf93fad0a29d52a0e81eb.php on line 96 and defined E:\xampp\htdocs\think\app\Home\Common\function.php 第 88 行.
NOTIC: [2] Missing argument 3 for format_datetime(), called in E:\xampp\htdocs\think\app\Runtime\Cache\Home\1af9bc0d6f7bf93fad0a29d52a0e81eb.php on line 96 and defined E:\xampp\htdocs\think\app\Home\Common\function.php 第 88 行.
NOTIC: [2] Missing argument 3 for format_datetime(), called in E:\xampp\htdocs\think\app\Runtime\Cache\Home\1af9bc0d6f7bf93fad0a29d52a0e81eb.php on line 90 and defined E:\xampp\htdocs\think\app\Home\Common\function.php 第 88 行.
INFO: Run Behavior\ParseTemplateBehavior [ RunTime:0.031200s ]
INFO: [ view_parse ] --END-- [ RunTime:0.031200s ]
INFO: [ view_filter ] --START--
INFO: Run Behavior\WriteHtmlCacheBehavior [ RunTime:0.000000s ]
INFO: [ view_filter ] --END-- [ RunTime:0.000000s ]
INFO: [ app_end ] --START--
INFO: Run Behavior\ShowPageTraceBehavior [ RunTime:0.000000s ]
INFO: [ app_end ] --END-- [ RunTime:0.000000s ]

[ 2017-05-14T22:09:11+08:00 ] 127.0.0.1 /feedback.html
INFO: [ app_init ] --START--
INFO: Run Behavior\BuildLiteBehavior [ RunTime:0.000000s ]
INFO: [ app_init ] --END-- [ RunTime:0.000000s ]
INFO: [ app_begin ] --START--
INFO: Run Behavior\ReadHtmlCacheBehavior [ RunTime:0.000000s ]
INFO: Run Behavior\CheckLangBehavior [ RunTime:0.000000s ]
INFO: [ app_begin ] --END-- [ RunTime:0.000000s ]
SQL: SHOW COLUMNS FROM `admin` [ RunTime:0.0000s ]
SQL: SELECT * FROM `admin` WHERE ( adminuser='%s' ) LIMIT 1   [ RunTime:0.0000s ]
SQL: SHOW COLUMNS FROM `article` [ RunTime:0.0000s ]
SQL: SELECT * FROM `article` INNER JOIN category ON article.catid = category.catid  WHERE ( auditing = 1 and admin_id='%d' ) ORDER BY hit desc,addtime desc LIMIT 10   [ RunTime:0.0000s ]
SQL: SELECT * FROM `article` INNER JOIN category ON article.catid = category.catid  WHERE ( auditing = 1 and admin_id='%d' ) ORDER BY comment desc LIMIT 10   [ RunTime:0.0000s ]
SQL: SHOW COLUMNS FROM `category` [ RunTime:0.0156s ]
SQL: SELECT * FROM `category`  [ RunTime:0.0000s ]
SQL: SHOW COLUMNS FROM `message` [ RunTime:0.0000s ]
SQL: SELECT * FROM `message`  [ RunTime:0.0000s ]
SQL: SHOW COLUMNS FROM `reply_message` [ RunTime:0.0000s ]
SQL: SELECT * FROM `reply_message` WHERE ( auditing = 1 )  [ RunTime:0.0000s ]
INFO: [ view_parse ] --START--
INFO: [ template_filter ] --START--
INFO: Run Behavior\ContentReplaceBehavior [ RunTime:0.000000s ]
INFO: [ template_filter ] --END-- [ RunTime:0.000000s ]
NOTIC: [2] Missing argument 3 for format_datetime(), called in E:\xampp\htdocs\think\app\Runtime\Cache\Home\1af9bc0d6f7bf93fad0a29d52a0e81eb.php on line 90 and defined E:\xampp\htdocs\think\app\Home\Common\function.php 第 88 行.
NOTIC: [2] Missing argument 3 for format_datetime(), called in E:\xampp\htdocs\think\app\Runtime\Cache\Home\1af9bc0d6f7bf93fad0a29d52a0e81eb.php on line 96 and defined E:\xampp\htdocs\think\app\Home\Common\function.php 第 88 行.
NOTIC: [2] Missing argument 3 for format_datetime(), called in E:\xampp\htdocs\think\app\Runtime\Cache\Home\1af9bc0d6f7bf93fad0a29d52a0e81eb.php on line 90 and defined E:\xampp\htdocs\think\app\Home\Common\function.php 第 88 行.
NOTIC: [2] Missing argument 3 for format_datetime(), called in E:\xampp\htdocs\think\app\Runtime\Cache\Home\1af9bc0d6f7bf93fad0a29d52a0e81eb.php on line 90 and defined E:\xampp\htdocs\think\app\Home\Common\function.php 第 88 行.
NOTIC: [2] Missing argument 3 for format_datetime(), called in E:\xampp\htdocs\think\app\Runtime\Cache\Home\1af9bc0d6f7bf93fad0a29d52a0e81eb.php on line 96 and defined E:\xampp\htdocs\think\app\Home\Common\function.php 第 88 行.
NOTIC: [2] Missing argument 3 for format_datetime(), called in E:\xampp\htdocs\think\app\Runtime\Cache\Home\1af9bc0d6f7bf93fad0a29d52a0e81eb.php on line 90 and defined E:\xampp\htdocs\think\app\Home\Common\function.php 第 88 行.
NOTIC: [2] Missing argument 3 for format_datetime(), called in E:\xampp\htdocs\think\app\Runtime\Cache\Home\1af9bc0d6f7bf93fad0a29d52a0e81eb.php on line 96 and defined E:\xampp\htdocs\think\app\Home\Common\function.php 第 88 行.
NOTIC: [2] Missing argument 3 for format_datetime(), called in E:\xampp\htdocs\think\app\Runtime\Cache\Home\1af9bc0d6f7bf93fad0a29d52a0e81eb.php on line 96 and defined E:\xampp\htdocs\think\app\Home\Common\function.php 第 88 行.
NOTIC: [2] Missing argument 3 for format_datetime(), called in E:\xampp\htdocs\think\app\Runtime\Cache\Home\1af9bc0d6f7bf93fad0a29d52a0e81eb.php on line 90 and defined E:\xampp\htdocs\think\app\Home\Common\function.php 第 88 行.
INFO: Run Behavior\ParseTemplateBehavior [ RunTime:0.032601s ]
INFO: [ view_parse ] --END-- [ RunTime:0.032601s ]
INFO: [ view_filter ] --START--
INFO: Run Behavior\WriteHtmlCacheBehavior [ RunTime:0.000000s ]
INFO: [ view_filter ] --END-- [ RunTime:0.000000s ]
INFO: [ app_end ] --START--
INFO: Run Behavior\ShowPageTraceBehavior [ RunTime:0.000000s ]
INFO: [ app_end ] --END-- [ RunTime:0.000000s ]

[ 2017-05-14T22:11:38+08:00 ] 127.0.0.1 /feedback.html
INFO: [ app_init ] --START--
INFO: Run Behavior\BuildLiteBehavior [ RunTime:0.000000s ]
INFO: [ app_init ] --END-- [ RunTime:0.000000s ]
INFO: [ app_begin ] --START--
INFO: Run Behavior\ReadHtmlCacheBehavior [ RunTime:0.000000s ]
INFO: Run Behavior\CheckLangBehavior [ RunTime:0.000000s ]
INFO: [ app_begin ] --END-- [ RunTime:0.000000s ]
SQL: SHOW COLUMNS FROM `admin` [ RunTime:0.0000s ]
SQL: SELECT * FROM `admin` WHERE ( adminuser='%s' ) LIMIT 1   [ RunTime:0.0000s ]
SQL: SHOW COLUMNS FROM `article` [ RunTime:0.0000s ]
SQL: SELECT * FROM `article` INNER JOIN category ON article.catid = category.catid  WHERE ( auditing = 1 and admin_id='%d' ) ORDER BY hit desc,addtime desc LIMIT 10   [ RunTime:0.0000s ]
SQL: SELECT * FROM `article` INNER JOIN category ON article.catid = category.catid  WHERE ( auditing = 1 and admin_id='%d' ) ORDER BY comment desc LIMIT 10   [ RunTime:0.0000s ]
SQL: SHOW COLUMNS FROM `category` [ RunTime:0.0156s ]
SQL: SELECT * FROM `category`  [ RunTime:0.0000s ]
SQL: SHOW COLUMNS FROM `message` [ RunTime:0.0000s ]
SQL: SELECT * FROM `message`  [ RunTime:0.0000s ]
SQL: SHOW COLUMNS FROM `reply_message` [ RunTime:0.0000s ]
SQL: SELECT * FROM `reply_message` WHERE ( auditing = 1 )  [ RunTime:0.0000s ]
INFO: [ view_parse ] --START--
INFO: [ template_filter ] --START--
INFO: Run Behavior\ContentReplaceBehavior [ RunTime:0.000000s ]
INFO: [ template_filter ] --END-- [ RunTime:0.000000s ]
NOTIC: [2] Missing argument 3 for format_datetime(), called in E:\xampp\htdocs\think\app\Runtime\Cache\Home\1af9bc0d6f7bf93fad0a29d52a0e81eb.php on line 90 and defined E:\xampp\htdocs\think\app\Home\Common\function.php 第 88 行.
NOTIC: [2] Missing argument 3 for format_datetime(), called in E:\xampp\htdocs\think\app\Runtime\Cache\Home\1af9bc0d6f7bf93fad0a29d52a0e81eb.php on line 96 and defined E:\xampp\htdocs\think\app\Home\Common\function.php 第 88 行.
NOTIC: [2] Missing argument 3 for format_datetime(), called in E:\xampp\htdocs\think\app\Runtime\Cache\Home\1af9bc0d6f7bf93fad0a29d52a0e81eb.php on line 90 and defined E:\xampp\htdocs\think\app\Home\Common\function.php 第 88 行.
NOTIC: [2] Missing argument 3 for format_datetime(), called in E:\xampp\htdocs\think\app\Runtime\Cache\Home\1af9bc0d6f7bf93fad0a29d52a0e81eb.php on line 90 and defined E:\xampp\htdocs\think\app\Home\Common\function.php 第 88 行.
NOTIC: [2] Missing argument 3 for format_datetime(), called in E:\xampp\htdocs\think\app\Runtime\Cache\Home\1af9bc0d6f7bf93fad0a29d52a0e81eb.php on line 96 and defined E:\xampp\htdocs\think\app\Home\Common\function.php 第 88 行.
NOTIC: [2] Missing argument 3 for format_datetime(), called in E:\xampp\htdocs\think\app\Runtime\Cache\Home\1af9bc0d6f7bf93fad0a29d52a0e81eb.php on line 90 and defined E:\xampp\htdocs\think\app\Home\Common\function.php 第 88 行.
NOTIC: [2] Missing argument 3 for format_datetime(), called in E:\xampp\htdocs\think\app\Runtime\Cache\Home\1af9bc0d6f7bf93fad0a29d52a0e81eb.php on line 96 and defined E:\xampp\htdocs\think\app\Home\Common\function.php 第 88 行.
NOTIC: [2] Missing argument 3 for format_datetime(), called in E:\xampp\htdocs\think\app\Runtime\Cache\Home\1af9bc0d6f7bf93fad0a29d52a0e81eb.php on line 96 and defined E:\xampp\htdocs\think\app\Home\Common\function.php 第 88 行.
NOTIC: [2] Missing argument 3 for format_datetime(), called in E:\xampp\htdocs\think\app\Runtime\Cache\Home\1af9bc0d6f7bf93fad0a29d52a0e81eb.php on line 90 and defined E:\xampp\htdocs\think\app\Home\Common\function.php 第 88 行.
INFO: Run Behavior\ParseTemplateBehavior [ RunTime:0.031200s ]
INFO: [ view_parse ] --END-- [ RunTime:0.031200s ]
INFO: [ view_filter ] --START--
INFO: Run Behavior\WriteHtmlCacheBehavior [ RunTime:0.000000s ]
INFO: [ view_filter ] --END-- [ RunTime:0.000000s ]
INFO: [ app_end ] --START--
INFO: Run Behavior\ShowPageTraceBehavior [ RunTime:0.000000s ]
INFO: [ app_end ] --END-- [ RunTime:0.000000s ]

[ 2017-05-14T22:11:49+08:00 ] 127.0.0.1 /feedback.html
INFO: [ app_init ] --START--
INFO: Run Behavior\BuildLiteBehavior [ RunTime:0.000000s ]
INFO: [ app_init ] --END-- [ RunTime:0.000000s ]
INFO: [ app_begin ] --START--
INFO: Run Behavior\ReadHtmlCacheBehavior [ RunTime:0.000000s ]
INFO: Run Behavior\CheckLangBehavior [ RunTime:0.000000s ]
INFO: [ app_begin ] --END-- [ RunTime:0.000000s ]
SQL: SHOW COLUMNS FROM `admin` [ RunTime:0.0000s ]
SQL: SELECT * FROM `admin` WHERE ( adminuser='%s' ) LIMIT 1   [ RunTime:0.0000s ]
SQL: SHOW COLUMNS FROM `article` [ RunTime:0.0000s ]
SQL: SELECT * FROM `article` INNER JOIN category ON article.catid = category.catid  WHERE ( auditing = 1 and admin_id='%d' ) ORDER BY hit desc,addtime desc LIMIT 10   [ RunTime:0.0000s ]
SQL: SELECT * FROM `article` INNER JOIN category ON article.catid = category.catid  WHERE ( auditing = 1 and admin_id='%d' ) ORDER BY comment desc LIMIT 10   [ RunTime:0.0000s ]
SQL: SHOW COLUMNS FROM `category` [ RunTime:0.0156s ]
SQL: SELECT * FROM `category`  [ RunTime:0.0000s ]
SQL: SHOW COLUMNS FROM `message` [ RunTime:0.0000s ]
SQL: SELECT * FROM `message`  [ RunTime:0.0000s ]
SQL: SHOW COLUMNS FROM `reply_message` [ RunTime:0.0000s ]
SQL: SELECT * FROM `reply_message` WHERE ( auditing = 1 )  [ RunTime:0.0000s ]
INFO: [ view_parse ] --START--
INFO: [ template_filter ] --START--
INFO: Run Behavior\ContentReplaceBehavior [ RunTime:0.000000s ]
INFO: [ template_filter ] --END-- [ RunTime:0.000000s ]
NOTIC: [2] Missing argument 3 for format_datetime(), called in E:\xampp\htdocs\think\app\Runtime\Cache\Home\1af9bc0d6f7bf93fad0a29d52a0e81eb.php on line 90 and defined E:\xampp\htdocs\think\app\Home\Common\function.php 第 88 行.
NOTIC: [2] Missing argument 3 for format_datetime(), called in E:\xampp\htdocs\think\app\Runtime\Cache\Home\1af9bc0d6f7bf93fad0a29d52a0e81eb.php on line 96 and defined E:\xampp\htdocs\think\app\Home\Common\function.php 第 88 行.
NOTIC: [2] Missing argument 3 for format_datetime(), called in E:\xampp\htdocs\think\app\Runtime\Cache\Home\1af9bc0d6f7bf93fad0a29d52a0e81eb.php on line 90 and defined E:\xampp\htdocs\think\app\Home\Common\function.php 第 88 行.
NOTIC: [2] Missing argument 3 for format_datetime(), called in E:\xampp\htdocs\think\app\Runtime\Cache\Home\1af9bc0d6f7bf93fad0a29d52a0e81eb.php on line 90 and defined E:\xampp\htdocs\think\app\Home\Common\function.php 第 88 行.
NOTIC: [2] Missing argument 3 for format_datetime(), called in E:\xampp\htdocs\think\app\Runtime\Cache\Home\1af9bc0d6f7bf93fad0a29d52a0e81eb.php on line 96 and defined E:\xampp\htdocs\think\app\Home\Common\function.php 第 88 行.
NOTIC: [2] Missing argument 3 for format_datetime(), called in E:\xampp\htdocs\think\app\Runtime\Cache\Home\1af9bc0d6f7bf93fad0a29d52a0e81eb.php on line 90 and defined E:\xampp\htdocs\think\app\Home\Common\function.php 第 88 行.
NOTIC: [2] Missing argument 3 for format_datetime(), called in E:\xampp\htdocs\think\app\Runtime\Cache\Home\1af9bc0d6f7bf93fad0a29d52a0e81eb.php on line 96 and defined E:\xampp\htdocs\think\app\Home\Common\function.php 第 88 行.
NOTIC: [2] Missing argument 3 for format_datetime(), called in E:\xampp\htdocs\think\app\Runtime\Cache\Home\1af9bc0d6f7bf93fad0a29d52a0e81eb.php on line 96 and defined E:\xampp\htdocs\think\app\Home\Common\function.php 第 88 行.
NOTIC: [2] Missing argument 3 for format_datetime(), called in E:\xampp\htdocs\think\app\Runtime\Cache\Home\1af9bc0d6f7bf93fad0a29d52a0e81eb.php on line 90 and defined E:\xampp\htdocs\think\app\Home\Common\function.php 第 88 行.
INFO: Run Behavior\ParseTemplateBehavior [ RunTime:0.031200s ]
INFO: [ view_parse ] --END-- [ RunTime:0.031200s ]
INFO: [ view_filter ] --START--
INFO: Run Behavior\WriteHtmlCacheBehavior [ RunTime:0.000000s ]
INFO: [ view_filter ] --END-- [ RunTime:0.000000s ]
INFO: [ app_end ] --START--
INFO: Run Behavior\ShowPageTraceBehavior [ RunTime:0.000000s ]
INFO: [ app_end ] --END-- [ RunTime:0.000000s ]

