[ 2017-05-23T15:34:51+08:00 ] 127.0.0.1 /admin/message/upvote.html
INFO: [ app_init ] --START--
INFO: Run Behavior\BuildLiteBehavior [ RunTime:0.000000s ]
INFO: [ app_init ] --END-- [ RunTime:0.000000s ]
INFO: [ app_begin ] --START--
INFO: Run Behavior\ReadHtmlCacheBehavior [ RunTime:0.001000s ]
INFO: Run Behavior\CheckLangBehavior [ RunTime:0.001000s ]
INFO: [ app_begin ] --END-- [ RunTime:0.002000s ]
SQL: SHOW COLUMNS FROM `admin` [ RunTime:0.0030s ]
SQL: SELECT * FROM `admin` WHERE ( adminuser='admin' ) LIMIT 1   [ RunTime:0.0010s ]
SQL: SHOW COLUMNS FROM `message` [ RunTime:0.0030s ]
SQL: UPDATE `message` SET `upvote`=upvote+1 WHERE ( identifier = 'b0x87k3kxiwwwko8ko' ) [ RunTime:0.0460s ]

[ 2017-05-23T15:34:52+08:00 ] 127.0.0.1 /admin/message/upvote.html
INFO: [ app_init ] --START--
INFO: Run Behavior\BuildLiteBehavior [ RunTime:0.000000s ]
INFO: [ app_init ] --END-- [ RunTime:0.000000s ]
INFO: [ app_begin ] --START--
INFO: Run Behavior\ReadHtmlCacheBehavior [ RunTime:0.001000s ]
INFO: Run Behavior\CheckLangBehavior [ RunTime:0.001000s ]
INFO: [ app_begin ] --END-- [ RunTime:0.002000s ]
SQL: SHOW COLUMNS FROM `admin` [ RunTime:0.0030s ]
SQL: SELECT * FROM `admin` WHERE ( adminuser='admin' ) LIMIT 1   [ RunTime:0.0010s ]
SQL: SHOW COLUMNS FROM `message` [ RunTime:0.0010s ]
SQL: UPDATE `message` SET `upvote`=upvote-1 WHERE ( identifier = 'b0x87k3kxiwwwko8ko' ) [ RunTime:0.0624s ]

[ 2017-05-23T15:34:54+08:00 ] 127.0.0.1 /admin/message/upvote.html
INFO: [ app_init ] --START--
INFO: Run Behavior\BuildLiteBehavior [ RunTime:0.000000s ]
INFO: [ app_init ] --END-- [ RunTime:0.000000s ]
INFO: [ app_begin ] --START--
INFO: Run Behavior\ReadHtmlCacheBehavior [ RunTime:0.001000s ]
INFO: Run Behavior\CheckLangBehavior [ RunTime:0.001000s ]
INFO: [ app_begin ] --END-- [ RunTime:0.002000s ]
SQL: SHOW COLUMNS FROM `admin` [ RunTime:0.0000s ]
SQL: SELECT * FROM `admin` WHERE ( adminuser='admin' ) LIMIT 1   [ RunTime:0.0000s ]
SQL: SHOW COLUMNS FROM `message` [ RunTime:0.0000s ]
SQL: UPDATE `message` SET `upvote`=upvote+1 WHERE ( identifier = 'b0x87k3kxiwwwko8ko' ) [ RunTime:0.0724s ]

[ 2017-05-23T15:34:57+08:00 ] 127.0.0.1 /admin/message/upvote.html
INFO: [ app_init ] --START--
INFO: Run Behavior\BuildLiteBehavior [ RunTime:0.000000s ]
INFO: [ app_init ] --END-- [ RunTime:0.001000s ]
INFO: [ app_begin ] --START--
INFO: Run Behavior\ReadHtmlCacheBehavior [ RunTime:0.001000s ]
INFO: Run Behavior\CheckLangBehavior [ RunTime:0.000000s ]
INFO: [ app_begin ] --END-- [ RunTime:0.001000s ]
SQL: SHOW COLUMNS FROM `admin` [ RunTime:0.0166s ]
SQL: SELECT * FROM `admin` WHERE ( adminuser='admin' ) LIMIT 1   [ RunTime:0.0010s ]
SQL: SHOW COLUMNS FROM `message` [ RunTime:0.0000s ]
SQL: UPDATE `message` SET `upvote`=upvote-1 WHERE ( identifier = 'b0x87k3kxiwwwko8ko' ) [ RunTime:0.0830s ]

