[ 2017-05-19T09:18:11+08:00 ] 127.0.0.1 /admin
INFO: [ app_init ] --START--
INFO: Run Behavior\BuildLiteBehavior [ RunTime:0.000000s ]
INFO: [ app_init ] --END-- [ RunTime:0.000000s ]
INFO: [ app_begin ] --START--
INFO: Run Behavior\ReadHtmlCacheBehavior [ RunTime:0.000000s ]
INFO: Run Behavior\CheckLangBehavior [ RunTime:0.000977s ]
INFO: [ app_begin ] --END-- [ RunTime:0.002930s ]
SQL: SHOW COLUMNS FROM `admin` [ RunTime:0.0615s ]
SQL: SELECT * FROM `admin` WHERE ( adminuser='admin' ) LIMIT 1   [ RunTime:0.0010s ]
SQL: SELECT COUNT(*) AS tp_count FROM `admin` LIMIT 1   [ RunTime:0.0010s ]
SQL: SHOW COLUMNS FROM `article` [ RunTime:0.0332s ]
SQL: SELECT COUNT(*) AS tp_count FROM `article` LIMIT 1   [ RunTime:0.0010s ]
SQL: SHOW COLUMNS FROM `diary` [ RunTime:0.0293s ]
SQL: SELECT COUNT(*) AS tp_count FROM `diary` LIMIT 1   [ RunTime:0.0020s ]
INFO: [ view_parse ] --START--
NOTIC: [2] file_get_contents(./app/Admin/View/default/Base/loading.html): failed to open stream: No such file or directory C:\Program\www\thinkphp\system\Library\Think\Template.class.php 第 696 行.
INFO: [ template_filter ] --START--
INFO: Run Behavior\ContentReplaceBehavior [ RunTime:0.000976s ]
INFO: [ template_filter ] --END-- [ RunTime:0.000976s ]
INFO: Run Behavior\ParseTemplateBehavior [ RunTime:0.070313s ]
INFO: [ view_parse ] --END-- [ RunTime:0.070313s ]
INFO: [ view_filter ] --START--
INFO: Run Behavior\WriteHtmlCacheBehavior [ RunTime:0.000976s ]
INFO: [ view_filter ] --END-- [ RunTime:0.000976s ]
INFO: [ app_end ] --START--
INFO: Run Behavior\ShowPageTraceBehavior [ RunTime:0.000000s ]
INFO: [ app_end ] --END-- [ RunTime:0.000977s ]

[ 2017-05-19T09:18:13+08:00 ] 127.0.0.1 /admin/article/index.html
INFO: [ app_init ] --START--
INFO: Run Behavior\BuildLiteBehavior [ RunTime:0.000000s ]
INFO: [ app_init ] --END-- [ RunTime:0.000977s ]
INFO: [ app_begin ] --START--
INFO: Run Behavior\ReadHtmlCacheBehavior [ RunTime:0.000976s ]
INFO: Run Behavior\CheckLangBehavior [ RunTime:0.000977s ]
INFO: [ app_begin ] --END-- [ RunTime:0.001953s ]
SQL: SHOW COLUMNS FROM `admin` [ RunTime:0.0039s ]
SQL: SELECT * FROM `admin` WHERE ( adminuser='admin' ) LIMIT 1   [ RunTime:0.0020s ]
SQL: SHOW COLUMNS FROM `article` [ RunTime:0.0049s ]
SQL: SELECT * FROM `article` WHERE ( admin_id='4' )  [ RunTime:0.0186s ]
INFO: [ view_parse ] --START--
NOTIC: [2] file_get_contents(./app/Admin/View/default/Base/loading.html): failed to open stream: No such file or directory C:\Program\www\thinkphp\system\Library\Think\Template.class.php 第 696 行.
INFO: [ template_filter ] --START--
INFO: Run Behavior\ContentReplaceBehavior [ RunTime:0.000000s ]
INFO: [ template_filter ] --END-- [ RunTime:0.000000s ]
INFO: Run Behavior\ParseTemplateBehavior [ RunTime:0.034180s ]
INFO: [ view_parse ] --END-- [ RunTime:0.034180s ]
INFO: [ view_filter ] --START--
INFO: Run Behavior\WriteHtmlCacheBehavior [ RunTime:0.000000s ]
INFO: [ view_filter ] --END-- [ RunTime:0.000977s ]
INFO: [ app_end ] --START--
INFO: Run Behavior\ShowPageTraceBehavior [ RunTime:0.001953s ]
INFO: [ app_end ] --END-- [ RunTime:0.001953s ]

[ 2017-05-19T09:18:14+08:00 ] 127.0.0.1 /admin/diary/index.html
INFO: [ app_init ] --START--
INFO: Run Behavior\BuildLiteBehavior [ RunTime:0.000000s ]
INFO: [ app_init ] --END-- [ RunTime:0.000976s ]
INFO: [ app_begin ] --START--
INFO: Run Behavior\ReadHtmlCacheBehavior [ RunTime:0.000976s ]
INFO: Run Behavior\CheckLangBehavior [ RunTime:0.000977s ]
INFO: [ app_begin ] --END-- [ RunTime:0.002929s ]
SQL: SHOW COLUMNS FROM `admin` [ RunTime:0.0029s ]
SQL: SELECT * FROM `admin` WHERE ( adminuser='admin' ) LIMIT 1   [ RunTime:0.0000s ]
SQL: SHOW COLUMNS FROM `diary` [ RunTime:0.0049s ]
SQL: SELECT * FROM `diary` WHERE ( admin_id='4' )  [ RunTime:0.0010s ]
INFO: [ view_parse ] --START--
NOTIC: [2] file_get_contents(./app/Admin/View/default/Base/loading.html): failed to open stream: No such file or directory C:\Program\www\thinkphp\system\Library\Think\Template.class.php 第 696 行.
INFO: [ template_filter ] --START--
INFO: Run Behavior\ContentReplaceBehavior [ RunTime:0.000000s ]
INFO: [ template_filter ] --END-- [ RunTime:0.000000s ]
INFO: Run Behavior\ParseTemplateBehavior [ RunTime:0.039062s ]
INFO: [ view_parse ] --END-- [ RunTime:0.039062s ]
INFO: [ view_filter ] --START--
INFO: Run Behavior\WriteHtmlCacheBehavior [ RunTime:0.000000s ]
INFO: [ view_filter ] --END-- [ RunTime:0.000000s ]
INFO: [ app_end ] --START--
INFO: Run Behavior\ShowPageTraceBehavior [ RunTime:0.005859s ]
INFO: [ app_end ] --END-- [ RunTime:0.005859s ]

[ 2017-05-19T09:18:15+08:00 ] 127.0.0.1 /admin/reply_review/index.html
INFO: [ app_init ] --START--
INFO: Run Behavior\BuildLiteBehavior [ RunTime:0.000000s ]
INFO: [ app_init ] --END-- [ RunTime:0.000976s ]
INFO: [ app_begin ] --START--
INFO: Run Behavior\ReadHtmlCacheBehavior [ RunTime:0.000976s ]
INFO: Run Behavior\CheckLangBehavior [ RunTime:0.000000s ]
INFO: [ app_begin ] --END-- [ RunTime:0.000976s ]
SQL: SHOW COLUMNS FROM `admin` [ RunTime:0.0029s ]
SQL: SELECT * FROM `admin` WHERE ( adminuser='admin' ) LIMIT 1   [ RunTime:0.0010s ]
SQL: SHOW COLUMNS FROM `reply_review` [ RunTime:0.0293s ]
SQL: SELECT * FROM `reply_review`  [ RunTime:0.0010s ]
INFO: [ view_parse ] --START--
NOTIC: [2] file_get_contents(./app/Admin/View/default/Base/loading.html): failed to open stream: No such file or directory C:\Program\www\thinkphp\system\Library\Think\Template.class.php 第 696 行.
INFO: [ template_filter ] --START--
INFO: Run Behavior\ContentReplaceBehavior [ RunTime:0.000000s ]
INFO: [ template_filter ] --END-- [ RunTime:0.000000s ]
INFO: Run Behavior\ParseTemplateBehavior [ RunTime:0.035156s ]
INFO: [ view_parse ] --END-- [ RunTime:0.035156s ]
INFO: [ view_filter ] --START--
INFO: Run Behavior\WriteHtmlCacheBehavior [ RunTime:0.000000s ]
INFO: [ view_filter ] --END-- [ RunTime:0.000000s ]
INFO: [ app_end ] --START--
INFO: Run Behavior\ShowPageTraceBehavior [ RunTime:0.000000s ]
INFO: [ app_end ] --END-- [ RunTime:0.000977s ]

[ 2017-05-19T09:18:16+08:00 ] 127.0.0.1 /admin/message/index.html
INFO: [ app_init ] --START--
INFO: Run Behavior\BuildLiteBehavior [ RunTime:0.000000s ]
INFO: [ app_init ] --END-- [ RunTime:0.000000s ]
INFO: [ app_begin ] --START--
INFO: Run Behavior\ReadHtmlCacheBehavior [ RunTime:0.000977s ]
INFO: Run Behavior\CheckLangBehavior [ RunTime:0.000976s ]
INFO: [ app_begin ] --END-- [ RunTime:0.001953s ]
SQL: SHOW COLUMNS FROM `admin` [ RunTime:0.0029s ]
SQL: SELECT * FROM `admin` WHERE ( adminuser='admin' ) LIMIT 1   [ RunTime:0.0010s ]
SQL: SHOW COLUMNS FROM `message` [ RunTime:0.0430s ]
SQL: SELECT * FROM `message`  [ RunTime:0.0010s ]
INFO: [ view_parse ] --START--
NOTIC: [2] file_get_contents(./app/Admin/View/default/Base/loading.html): failed to open stream: No such file or directory C:\Program\www\thinkphp\system\Library\Think\Template.class.php 第 696 行.
INFO: [ template_filter ] --START--
INFO: Run Behavior\ContentReplaceBehavior [ RunTime:0.000976s ]
INFO: [ template_filter ] --END-- [ RunTime:0.000976s ]
INFO: Run Behavior\ParseTemplateBehavior [ RunTime:0.021484s ]
INFO: [ view_parse ] --END-- [ RunTime:0.021484s ]
INFO: [ view_filter ] --START--
INFO: Run Behavior\WriteHtmlCacheBehavior [ RunTime:0.000977s ]
INFO: [ view_filter ] --END-- [ RunTime:0.000977s ]
INFO: [ app_end ] --START--
INFO: Run Behavior\ShowPageTraceBehavior [ RunTime:0.000976s ]
INFO: [ app_end ] --END-- [ RunTime:0.000976s ]

[ 2017-05-19T09:18:17+08:00 ] 127.0.0.1 /admin/reply_message/index.html
INFO: [ app_init ] --START--
INFO: Run Behavior\BuildLiteBehavior [ RunTime:0.000000s ]
INFO: [ app_init ] --END-- [ RunTime:0.000976s ]
INFO: [ app_begin ] --START--
INFO: Run Behavior\ReadHtmlCacheBehavior [ RunTime:0.000000s ]
INFO: Run Behavior\CheckLangBehavior [ RunTime:0.000000s ]
INFO: [ app_begin ] --END-- [ RunTime:0.000976s ]
SQL: SHOW COLUMNS FROM `admin` [ RunTime:0.0059s ]
SQL: SELECT * FROM `admin` WHERE ( adminuser='admin' ) LIMIT 1   [ RunTime:0.0000s ]
SQL: SHOW COLUMNS FROM `reply_message` [ RunTime:0.0059s ]
SQL: SELECT * FROM `reply_message`  [ RunTime:0.0000s ]
INFO: [ view_parse ] --START--
NOTIC: [2] file_get_contents(./app/Admin/View/default/Base/loading.html): failed to open stream: No such file or directory C:\Program\www\thinkphp\system\Library\Think\Template.class.php 第 696 行.
INFO: [ template_filter ] --START--
INFO: Run Behavior\ContentReplaceBehavior [ RunTime:0.000976s ]
INFO: [ template_filter ] --END-- [ RunTime:0.000976s ]
INFO: Run Behavior\ParseTemplateBehavior [ RunTime:0.022461s ]
INFO: [ view_parse ] --END-- [ RunTime:0.022461s ]
INFO: [ view_filter ] --START--
INFO: Run Behavior\WriteHtmlCacheBehavior [ RunTime:0.000976s ]
INFO: [ view_filter ] --END-- [ RunTime:0.000976s ]
INFO: [ app_end ] --START--
INFO: Run Behavior\ShowPageTraceBehavior [ RunTime:0.000977s ]
INFO: [ app_end ] --END-- [ RunTime:0.000977s ]

[ 2017-05-19T10:07:25+08:00 ] 127.0.0.1 /admin
INFO: [ app_init ] --START--
INFO: Run Behavior\BuildLiteBehavior [ RunTime:0.000000s ]
INFO: [ app_init ] --END-- [ RunTime:0.000976s ]
INFO: [ app_begin ] --START--
INFO: Run Behavior\ReadHtmlCacheBehavior [ RunTime:0.000977s ]
INFO: Run Behavior\CheckLangBehavior [ RunTime:0.000977s ]
INFO: [ app_begin ] --END-- [ RunTime:0.001954s ]
SQL: SHOW COLUMNS FROM `admin` [ RunTime:0.0049s ]
SQL: SELECT * FROM `admin` WHERE ( adminuser='admin' ) LIMIT 1   [ RunTime:0.0000s ]
SQL: SELECT COUNT(*) AS tp_count FROM `admin` LIMIT 1   [ RunTime:0.0000s ]
SQL: SHOW COLUMNS FROM `article` [ RunTime:0.0049s ]
SQL: SELECT COUNT(*) AS tp_count FROM `article` LIMIT 1   [ RunTime:0.0010s ]
SQL: SHOW COLUMNS FROM `diary` [ RunTime:0.0039s ]
SQL: SELECT COUNT(*) AS tp_count FROM `diary` LIMIT 1   [ RunTime:0.0010s ]
INFO: [ view_parse ] --START--
NOTIC: [2] file_get_contents(./app/Admin/View/default/Base/loading.html): failed to open stream: No such file or directory C:\Program\www\thinkphp\system\Library\Think\Template.class.php 第 696 行.
INFO: [ template_filter ] --START--
INFO: Run Behavior\ContentReplaceBehavior [ RunTime:0.000976s ]
INFO: [ template_filter ] --END-- [ RunTime:0.000976s ]
INFO: Run Behavior\ParseTemplateBehavior [ RunTime:0.022461s ]
INFO: [ view_parse ] --END-- [ RunTime:0.022461s ]
INFO: [ view_filter ] --START--
INFO: Run Behavior\WriteHtmlCacheBehavior [ RunTime:0.000977s ]
INFO: [ view_filter ] --END-- [ RunTime:0.000977s ]
INFO: [ app_end ] --START--
INFO: Run Behavior\ShowPageTraceBehavior [ RunTime:0.000976s ]
INFO: [ app_end ] --END-- [ RunTime:0.000976s ]

[ 2017-05-19T10:07:27+08:00 ] 127.0.0.1 /admin/review/index.html
INFO: [ app_init ] --START--
INFO: Run Behavior\BuildLiteBehavior [ RunTime:0.000977s ]
INFO: [ app_init ] --END-- [ RunTime:0.000977s ]
INFO: [ app_begin ] --START--
INFO: Run Behavior\ReadHtmlCacheBehavior [ RunTime:0.000976s ]
INFO: Run Behavior\CheckLangBehavior [ RunTime:0.000977s ]
INFO: [ app_begin ] --END-- [ RunTime:0.001953s ]
SQL: SHOW COLUMNS FROM `admin` [ RunTime:0.0049s ]
SQL: SELECT * FROM `admin` WHERE ( adminuser='admin' ) LIMIT 1   [ RunTime:0.0000s ]
SQL: SHOW COLUMNS FROM `review` [ RunTime:0.0039s ]
SQL: SELECT * FROM `review`  [ RunTime:0.0010s ]
INFO: [ view_parse ] --START--
NOTIC: [2] file_get_contents(./app/Admin/View/default/Base/loading.html): failed to open stream: No such file or directory C:\Program\www\thinkphp\system\Library\Think\Template.class.php 第 696 行.
INFO: [ template_filter ] --START--
INFO: Run Behavior\ContentReplaceBehavior [ RunTime:0.000977s ]
INFO: [ template_filter ] --END-- [ RunTime:0.000977s ]
INFO: Run Behavior\ParseTemplateBehavior [ RunTime:0.030274s ]
INFO: [ view_parse ] --END-- [ RunTime:0.031250s ]
INFO: [ view_filter ] --START--
INFO: Run Behavior\WriteHtmlCacheBehavior [ RunTime:0.000977s ]
INFO: [ view_filter ] --END-- [ RunTime:0.000977s ]
INFO: [ app_end ] --START--
INFO: Run Behavior\ShowPageTraceBehavior [ RunTime:0.001953s ]
INFO: [ app_end ] --END-- [ RunTime:0.001953s ]

[ 2017-05-19T10:07:27+08:00 ] 127.0.0.1 /admin/reply_review/index.html
INFO: [ app_init ] --START--
INFO: Run Behavior\BuildLiteBehavior [ RunTime:0.000000s ]
INFO: [ app_init ] --END-- [ RunTime:0.000977s ]
INFO: [ app_begin ] --START--
INFO: Run Behavior\ReadHtmlCacheBehavior [ RunTime:0.000976s ]
INFO: Run Behavior\CheckLangBehavior [ RunTime:0.000977s ]
INFO: [ app_begin ] --END-- [ RunTime:0.001953s ]
SQL: SHOW COLUMNS FROM `admin` [ RunTime:0.0029s ]
SQL: SELECT * FROM `admin` WHERE ( adminuser='admin' ) LIMIT 1   [ RunTime:0.0000s ]
SQL: SHOW COLUMNS FROM `reply_review` [ RunTime:0.0039s ]
SQL: SELECT * FROM `reply_review`  [ RunTime:0.0010s ]
INFO: [ view_parse ] --START--
NOTIC: [2] file_get_contents(./app/Admin/View/default/Base/loading.html): failed to open stream: No such file or directory C:\Program\www\thinkphp\system\Library\Think\Template.class.php 第 696 行.
INFO: [ template_filter ] --START--
INFO: Run Behavior\ContentReplaceBehavior [ RunTime:0.000000s ]
INFO: [ template_filter ] --END-- [ RunTime:0.000977s ]
INFO: Run Behavior\ParseTemplateBehavior [ RunTime:0.021484s ]
INFO: [ view_parse ] --END-- [ RunTime:0.021484s ]
INFO: [ view_filter ] --START--
INFO: Run Behavior\WriteHtmlCacheBehavior [ RunTime:0.000976s ]
INFO: [ view_filter ] --END-- [ RunTime:0.000976s ]
INFO: [ app_end ] --START--
INFO: Run Behavior\ShowPageTraceBehavior [ RunTime:0.000000s ]
INFO: [ app_end ] --END-- [ RunTime:0.001954s ]

[ 2017-05-19T10:07:28+08:00 ] 127.0.0.1 /admin/message/index.html
INFO: [ app_init ] --START--
INFO: Run Behavior\BuildLiteBehavior [ RunTime:0.000000s ]
INFO: [ app_init ] --END-- [ RunTime:0.000976s ]
INFO: [ app_begin ] --START--
INFO: Run Behavior\ReadHtmlCacheBehavior [ RunTime:0.000976s ]
INFO: Run Behavior\CheckLangBehavior [ RunTime:0.000977s ]
INFO: [ app_begin ] --END-- [ RunTime:0.001953s ]
SQL: SHOW COLUMNS FROM `admin` [ RunTime:0.0049s ]
SQL: SELECT * FROM `admin` WHERE ( adminuser='admin' ) LIMIT 1   [ RunTime:0.0010s ]
SQL: SHOW COLUMNS FROM `message` [ RunTime:0.0039s ]
SQL: SELECT * FROM `message`  [ RunTime:0.0010s ]
INFO: [ view_parse ] --START--
NOTIC: [2] file_get_contents(./app/Admin/View/default/Base/loading.html): failed to open stream: No such file or directory C:\Program\www\thinkphp\system\Library\Think\Template.class.php 第 696 行.
INFO: [ template_filter ] --START--
INFO: Run Behavior\ContentReplaceBehavior [ RunTime:0.000000s ]
INFO: [ template_filter ] --END-- [ RunTime:0.000000s ]
INFO: Run Behavior\ParseTemplateBehavior [ RunTime:0.023438s ]
INFO: [ view_parse ] --END-- [ RunTime:0.023438s ]
INFO: [ view_filter ] --START--
INFO: Run Behavior\WriteHtmlCacheBehavior [ RunTime:0.000976s ]
INFO: [ view_filter ] --END-- [ RunTime:0.000976s ]
INFO: [ app_end ] --START--
INFO: Run Behavior\ShowPageTraceBehavior [ RunTime:0.000977s ]
INFO: [ app_end ] --END-- [ RunTime:0.001954s ]

[ 2017-05-19T10:07:29+08:00 ] 127.0.0.1 /admin/reply_message/index.html
INFO: [ app_init ] --START--
INFO: Run Behavior\BuildLiteBehavior [ RunTime:0.000000s ]
INFO: [ app_init ] --END-- [ RunTime:0.000977s ]
INFO: [ app_begin ] --START--
INFO: Run Behavior\ReadHtmlCacheBehavior [ RunTime:0.000000s ]
INFO: Run Behavior\CheckLangBehavior [ RunTime:0.001954s ]
INFO: [ app_begin ] --END-- [ RunTime:0.001954s ]
SQL: SHOW COLUMNS FROM `admin` [ RunTime:0.0029s ]
SQL: SELECT * FROM `admin` WHERE ( adminuser='admin' ) LIMIT 1   [ RunTime:0.0000s ]
SQL: SHOW COLUMNS FROM `reply_message` [ RunTime:0.0039s ]
SQL: SELECT * FROM `reply_message`  [ RunTime:0.0010s ]
INFO: [ view_parse ] --START--
NOTIC: [2] file_get_contents(./app/Admin/View/default/Base/loading.html): failed to open stream: No such file or directory C:\Program\www\thinkphp\system\Library\Think\Template.class.php 第 696 行.
INFO: [ template_filter ] --START--
INFO: Run Behavior\ContentReplaceBehavior [ RunTime:0.000000s ]
INFO: [ template_filter ] --END-- [ RunTime:0.000977s ]
INFO: Run Behavior\ParseTemplateBehavior [ RunTime:0.022461s ]
INFO: [ view_parse ] --END-- [ RunTime:0.022461s ]
INFO: [ view_filter ] --START--
INFO: Run Behavior\WriteHtmlCacheBehavior [ RunTime:0.000976s ]
INFO: [ view_filter ] --END-- [ RunTime:0.000976s ]
INFO: [ app_end ] --START--
INFO: Run Behavior\ShowPageTraceBehavior [ RunTime:0.000000s ]
INFO: [ app_end ] --END-- [ RunTime:0.000000s ]

[ 2017-05-19T10:07:35+08:00 ] 127.0.0.1 /admin/message/index.html
INFO: [ app_init ] --START--
INFO: Run Behavior\BuildLiteBehavior [ RunTime:0.000000s ]
INFO: [ app_init ] --END-- [ RunTime:0.000977s ]
INFO: [ app_begin ] --START--
INFO: Run Behavior\ReadHtmlCacheBehavior [ RunTime:0.000977s ]
INFO: Run Behavior\CheckLangBehavior [ RunTime:0.000000s ]
INFO: [ app_begin ] --END-- [ RunTime:0.000977s ]
SQL: SHOW COLUMNS FROM `admin` [ RunTime:0.0039s ]
SQL: SELECT * FROM `admin` WHERE ( adminuser='admin' ) LIMIT 1   [ RunTime:0.0000s ]
SQL: SHOW COLUMNS FROM `message` [ RunTime:0.0049s ]
SQL: SELECT * FROM `message`  [ RunTime:0.0010s ]
INFO: [ view_parse ] --START--
NOTIC: [2] file_get_contents(./app/Admin/View/default/Base/loading.html): failed to open stream: No such file or directory C:\Program\www\thinkphp\system\Library\Think\Template.class.php 第 696 行.
INFO: [ template_filter ] --START--
INFO: Run Behavior\ContentReplaceBehavior [ RunTime:0.000977s ]
INFO: [ template_filter ] --END-- [ RunTime:0.000977s ]
INFO: Run Behavior\ParseTemplateBehavior [ RunTime:0.023437s ]
INFO: [ view_parse ] --END-- [ RunTime:0.023437s ]
INFO: [ view_filter ] --START--
INFO: Run Behavior\WriteHtmlCacheBehavior [ RunTime:0.000977s ]
INFO: [ view_filter ] --END-- [ RunTime:0.000977s ]
INFO: [ app_end ] --START--
INFO: Run Behavior\ShowPageTraceBehavior [ RunTime:0.000977s ]
INFO: [ app_end ] --END-- [ RunTime:0.000977s ]

[ 2017-05-19T10:42:13+08:00 ] 127.0.0.1 /admin/reply_message/index.html
INFO: [ app_init ] --START--
INFO: Run Behavior\BuildLiteBehavior [ RunTime:0.000000s ]
INFO: [ app_init ] --END-- [ RunTime:0.000977s ]
INFO: [ app_begin ] --START--
INFO: Run Behavior\ReadHtmlCacheBehavior [ RunTime:0.000977s ]
INFO: Run Behavior\CheckLangBehavior [ RunTime:0.000976s ]
INFO: [ app_begin ] --END-- [ RunTime:0.001953s ]
SQL: SHOW COLUMNS FROM `admin` [ RunTime:0.0039s ]
SQL: SELECT * FROM `admin` WHERE ( adminuser='admin' ) LIMIT 1   [ RunTime:0.0010s ]
SQL: SHOW COLUMNS FROM `reply_message` [ RunTime:0.0039s ]
SQL: SELECT * FROM `reply_message`  [ RunTime:0.0010s ]
INFO: [ view_parse ] --START--
NOTIC: [2] file_get_contents(./app/Admin/View/default/Base/loading.html): failed to open stream: No such file or directory C:\Program\www\thinkphp\system\Library\Think\Template.class.php 第 696 行.
INFO: [ template_filter ] --START--
INFO: Run Behavior\ContentReplaceBehavior [ RunTime:0.000000s ]
INFO: [ template_filter ] --END-- [ RunTime:0.000977s ]
INFO: Run Behavior\ParseTemplateBehavior [ RunTime:0.023437s ]
INFO: [ view_parse ] --END-- [ RunTime:0.023437s ]
INFO: [ view_filter ] --START--
INFO: Run Behavior\WriteHtmlCacheBehavior [ RunTime:0.000977s ]
INFO: [ view_filter ] --END-- [ RunTime:0.000977s ]
INFO: [ app_end ] --START--
INFO: Run Behavior\ShowPageTraceBehavior [ RunTime:0.000976s ]
INFO: [ app_end ] --END-- [ RunTime:0.000976s ]

[ 2017-05-19T14:10:50+08:00 ] 127.0.0.1 /admin/message/index.html
INFO: [ app_init ] --START--
INFO: Run Behavior\BuildLiteBehavior [ RunTime:0.000000s ]
INFO: [ app_init ] --END-- [ RunTime:0.000977s ]
INFO: [ app_begin ] --START--
INFO: Run Behavior\ReadHtmlCacheBehavior [ RunTime:0.002930s ]
INFO: Run Behavior\CheckLangBehavior [ RunTime:0.003906s ]
INFO: [ app_begin ] --END-- [ RunTime:0.006836s ]
SQL: SHOW COLUMNS FROM `admin` [ RunTime:0.0117s ]
SQL: SELECT * FROM `admin` WHERE ( adminuser='admin' ) LIMIT 1   [ RunTime:0.0000s ]
SQL: SHOW COLUMNS FROM `message` [ RunTime:0.0098s ]
SQL: SELECT * FROM `message`  [ RunTime:0.0000s ]
INFO: [ view_parse ] --START--
NOTIC: [2] file_get_contents(./app/Admin/View/default/Base/loading.html): failed to open stream: No such file or directory C:\Program\www\thinkphp\system\Library\Think\Template.class.php 第 696 行.
INFO: [ template_filter ] --START--
INFO: Run Behavior\ContentReplaceBehavior [ RunTime:0.000000s ]
INFO: [ template_filter ] --END-- [ RunTime:0.000000s ]
INFO: Run Behavior\ParseTemplateBehavior [ RunTime:0.032226s ]
INFO: [ view_parse ] --END-- [ RunTime:0.032226s ]
INFO: [ view_filter ] --START--
INFO: Run Behavior\WriteHtmlCacheBehavior [ RunTime:0.000977s ]
INFO: [ view_filter ] --END-- [ RunTime:0.000977s ]
INFO: [ app_end ] --START--
INFO: Run Behavior\ShowPageTraceBehavior [ RunTime:0.002929s ]
INFO: [ app_end ] --END-- [ RunTime:0.002929s ]

[ 2017-05-19T14:16:29+08:00 ] 127.0.0.1 /admin/message/upvote.html
INFO: [ app_init ] --START--
INFO: Run Behavior\BuildLiteBehavior [ RunTime:0.000000s ]
INFO: [ app_init ] --END-- [ RunTime:0.000977s ]
INFO: [ app_begin ] --START--
INFO: Run Behavior\ReadHtmlCacheBehavior [ RunTime:0.002929s ]
INFO: Run Behavior\CheckLangBehavior [ RunTime:0.001954s ]
INFO: [ app_begin ] --END-- [ RunTime:0.005859s ]
SQL: SHOW COLUMNS FROM `admin` [ RunTime:0.0107s ]
SQL: SELECT * FROM `admin` WHERE ( adminuser='admin' ) LIMIT 1   [ RunTime:0.0000s ]

[ 2017-05-19T14:16:54+08:00 ] 127.0.0.1 /admin/message/upvote.html
INFO: [ app_init ] --START--
INFO: Run Behavior\BuildLiteBehavior [ RunTime:0.000000s ]
INFO: [ app_init ] --END-- [ RunTime:0.000976s ]
INFO: [ app_begin ] --START--
INFO: Run Behavior\ReadHtmlCacheBehavior [ RunTime:0.000000s ]
INFO: Run Behavior\CheckLangBehavior [ RunTime:0.001954s ]
INFO: [ app_begin ] --END-- [ RunTime:0.002930s ]
SQL: SHOW COLUMNS FROM `admin` [ RunTime:0.0146s ]
SQL: SELECT * FROM `admin` WHERE ( adminuser='admin' ) LIMIT 1   [ RunTime:0.0010s ]
SQL: SHOW COLUMNS FROM `message` [ RunTime:0.0078s ]
SQL: UPDATE `message` SET `upvote`=upvote+1 WHERE ( identifier = '7vfa5bj5ti80ocg0k0k' ) [ RunTime:0.0410s ]

[ 2017-05-19T14:19:42+08:00 ] 127.0.0.1 /admin/message/upvote.html
INFO: [ app_init ] --START--
INFO: Run Behavior\BuildLiteBehavior [ RunTime:0.000000s ]
INFO: [ app_init ] --END-- [ RunTime:0.000977s ]
INFO: [ app_begin ] --START--
INFO: Run Behavior\ReadHtmlCacheBehavior [ RunTime:0.002930s ]
INFO: Run Behavior\CheckLangBehavior [ RunTime:0.001953s ]
INFO: [ app_begin ] --END-- [ RunTime:0.006836s ]
SQL: SHOW COLUMNS FROM `admin` [ RunTime:0.0059s ]
SQL: SELECT * FROM `admin` WHERE ( adminuser='admin' ) LIMIT 1   [ RunTime:0.0010s ]
SQL: SHOW COLUMNS FROM `message` [ RunTime:0.0049s ]
SQL: UPDATE `message` SET `upvote`=upvote+1 WHERE ( identifier = '7vfa5bj5ti80ocg0k0k' ) [ RunTime:0.0049s ]

[ 2017-05-19T14:20:50+08:00 ] 127.0.0.1 /admin/message/upvote.html
INFO: [ app_init ] --START--
INFO: Run Behavior\BuildLiteBehavior [ RunTime:0.000000s ]
INFO: [ app_init ] --END-- [ RunTime:0.000000s ]
INFO: [ app_begin ] --START--
INFO: Run Behavior\ReadHtmlCacheBehavior [ RunTime:0.000977s ]
INFO: Run Behavior\CheckLangBehavior [ RunTime:0.000000s ]
INFO: [ app_begin ] --END-- [ RunTime:0.001953s ]
SQL: SHOW COLUMNS FROM `admin` [ RunTime:0.0068s ]
SQL: SELECT * FROM `admin` WHERE ( adminuser='admin' ) LIMIT 1   [ RunTime:0.0000s ]
SQL: SHOW COLUMNS FROM `message` [ RunTime:0.0098s ]
SQL: UPDATE `message` SET `upvote`=upvote+1 WHERE ( identifier = '58utagn9noo4cogkowg' ) [ RunTime:0.0166s ]

[ 2017-05-19T14:21:52+08:00 ] 127.0.0.1 /admin/message/upvote.html
INFO: [ app_init ] --START--
INFO: Run Behavior\BuildLiteBehavior [ RunTime:0.000000s ]
INFO: [ app_init ] --END-- [ RunTime:0.001954s ]
INFO: [ app_begin ] --START--
INFO: Run Behavior\ReadHtmlCacheBehavior [ RunTime:0.001953s ]
INFO: Run Behavior\CheckLangBehavior [ RunTime:0.000977s ]
INFO: [ app_begin ] --END-- [ RunTime:0.004882s ]
SQL: SHOW COLUMNS FROM `admin` [ RunTime:0.0049s ]
SQL: SELECT * FROM `admin` WHERE ( adminuser='admin' ) LIMIT 1   [ RunTime:0.0010s ]
SQL: SHOW COLUMNS FROM `message` [ RunTime:0.0049s ]
SQL: UPDATE `message` SET `upvote`=upvote+1 WHERE ( identifier = '58utagn9noo4cogkowg' ) [ RunTime:0.0244s ]

[ 2017-05-19T14:23:26+08:00 ] 127.0.0.1 /admin/message/upvote.html
INFO: [ app_init ] --START--
INFO: Run Behavior\BuildLiteBehavior [ RunTime:0.000000s ]
INFO: [ app_init ] --END-- [ RunTime:0.000977s ]
INFO: [ app_begin ] --START--
INFO: Run Behavior\ReadHtmlCacheBehavior [ RunTime:0.002930s ]
INFO: Run Behavior\CheckLangBehavior [ RunTime:0.003906s ]
INFO: [ app_begin ] --END-- [ RunTime:0.006836s ]
SQL: SHOW COLUMNS FROM `admin` [ RunTime:0.0000s ]
SQL: SELECT * FROM `admin` WHERE ( adminuser='admin' ) LIMIT 1   [ RunTime:0.0000s ]
SQL: SHOW COLUMNS FROM `message` [ RunTime:0.0000s ]
SQL: UPDATE `message` SET `upvote`=upvote+1 WHERE ( identifier = '58utagn9noo4cogkowg' ) [ RunTime:0.0078s ]

[ 2017-05-19T14:23:37+08:00 ] 127.0.0.1 /admin/message/upvote.html
INFO: [ app_init ] --START--
INFO: Run Behavior\BuildLiteBehavior [ RunTime:0.000000s ]
INFO: [ app_init ] --END-- [ RunTime:0.000977s ]
INFO: [ app_begin ] --START--
INFO: Run Behavior\ReadHtmlCacheBehavior [ RunTime:0.000977s ]
INFO: Run Behavior\CheckLangBehavior [ RunTime:0.001953s ]
INFO: [ app_begin ] --END-- [ RunTime:0.002930s ]
SQL: SHOW COLUMNS FROM `admin` [ RunTime:0.0059s ]
SQL: SELECT * FROM `admin` WHERE ( adminuser='admin' ) LIMIT 1   [ RunTime:0.0020s ]
SQL: SHOW COLUMNS FROM `message` [ RunTime:0.0059s ]
SQL: UPDATE `message` SET `upvote`=upvote-1 WHERE ( identifier = '58utagn9noo4cogkowg' ) [ RunTime:0.0576s ]

[ 2017-05-19T14:24:39+08:00 ] 127.0.0.1 /admin/message/upvote.html
INFO: [ app_init ] --START--
INFO: Run Behavior\BuildLiteBehavior [ RunTime:0.000000s ]
INFO: [ app_init ] --END-- [ RunTime:0.000976s ]
INFO: [ app_begin ] --START--
INFO: Run Behavior\ReadHtmlCacheBehavior [ RunTime:0.000000s ]
INFO: Run Behavior\CheckLangBehavior [ RunTime:0.000977s ]
INFO: [ app_begin ] --END-- [ RunTime:0.001953s ]
SQL: SHOW COLUMNS FROM `admin` [ RunTime:0.0029s ]
SQL: SELECT * FROM `admin` WHERE ( adminuser='admin' ) LIMIT 1   [ RunTime:0.0010s ]
SQL: SHOW COLUMNS FROM `message` [ RunTime:0.0039s ]
SQL: UPDATE `message` SET `upvote`=upvote+1 WHERE ( identifier = '7vfa5bj5ti80ocg0k0k' ) [ RunTime:0.1211s ]

[ 2017-05-19T14:24:41+08:00 ] 127.0.0.1 /admin/message/upvote.html
INFO: [ app_init ] --START--
INFO: Run Behavior\BuildLiteBehavior [ RunTime:0.000000s ]
INFO: [ app_init ] --END-- [ RunTime:0.000977s ]
INFO: [ app_begin ] --START--
INFO: Run Behavior\ReadHtmlCacheBehavior [ RunTime:0.001953s ]
INFO: Run Behavior\CheckLangBehavior [ RunTime:0.000977s ]
INFO: [ app_begin ] --END-- [ RunTime:0.003907s ]
SQL: SHOW COLUMNS FROM `admin` [ RunTime:0.0039s ]
SQL: SELECT * FROM `admin` WHERE ( adminuser='admin' ) LIMIT 1   [ RunTime:0.0000s ]
SQL: SHOW COLUMNS FROM `message` [ RunTime:0.0059s ]
SQL: UPDATE `message` SET `upvote`=upvote-1 WHERE ( identifier = '7vfa5bj5ti80ocg0k0k' ) [ RunTime:0.0029s ]

[ 2017-05-19T14:24:44+08:00 ] 127.0.0.1 /admin/message/upvote.html
INFO: [ app_init ] --START--
INFO: Run Behavior\BuildLiteBehavior [ RunTime:0.000000s ]
INFO: [ app_init ] --END-- [ RunTime:0.007813s ]
INFO: [ app_begin ] --START--
INFO: Run Behavior\ReadHtmlCacheBehavior [ RunTime:0.000000s ]
INFO: Run Behavior\CheckLangBehavior [ RunTime:0.007813s ]
INFO: [ app_begin ] --END-- [ RunTime:0.007813s ]
SQL: SHOW COLUMNS FROM `admin` [ RunTime:0.0059s ]
SQL: SELECT * FROM `admin` WHERE ( adminuser='admin' ) LIMIT 1   [ RunTime:0.0000s ]
SQL: SHOW COLUMNS FROM `message` [ RunTime:0.0059s ]
SQL: UPDATE `message` SET `upvote`=upvote+1 WHERE ( identifier = '58utagn9noo4cogkowg' ) [ RunTime:0.0029s ]

[ 2017-05-19T14:24:45+08:00 ] 127.0.0.1 /admin/message/upvote.html
INFO: [ app_init ] --START--
INFO: Run Behavior\BuildLiteBehavior [ RunTime:0.000000s ]
INFO: [ app_init ] --END-- [ RunTime:0.000000s ]
INFO: [ app_begin ] --START--
INFO: Run Behavior\ReadHtmlCacheBehavior [ RunTime:0.000977s ]
INFO: Run Behavior\CheckLangBehavior [ RunTime:0.000976s ]
INFO: [ app_begin ] --END-- [ RunTime:0.001953s ]
SQL: SHOW COLUMNS FROM `admin` [ RunTime:0.0049s ]
SQL: SELECT * FROM `admin` WHERE ( adminuser='admin' ) LIMIT 1   [ RunTime:0.0010s ]
SQL: SHOW COLUMNS FROM `message` [ RunTime:0.0059s ]
SQL: UPDATE `message` SET `upvote`=upvote-1 WHERE ( identifier = '58utagn9noo4cogkowg' ) [ RunTime:0.0176s ]

[ 2017-05-19T14:24:58+08:00 ] 127.0.0.1 /admin/message/upvote.html
INFO: [ app_init ] --START--
INFO: Run Behavior\BuildLiteBehavior [ RunTime:0.000000s ]
INFO: [ app_init ] --END-- [ RunTime:0.001954s ]
INFO: [ app_begin ] --START--
INFO: Run Behavior\ReadHtmlCacheBehavior [ RunTime:0.001953s ]
INFO: Run Behavior\CheckLangBehavior [ RunTime:0.001953s ]
INFO: [ app_begin ] --END-- [ RunTime:0.003906s ]
SQL: SHOW COLUMNS FROM `admin` [ RunTime:0.0078s ]
SQL: SELECT * FROM `admin` WHERE ( adminuser='admin' ) LIMIT 1   [ RunTime:0.0010s ]
SQL: SHOW COLUMNS FROM `message` [ RunTime:0.0078s ]
SQL: UPDATE `message` SET `upvote`=upvote+1 WHERE ( identifier = '7vfa5bj5ti80ocg0k0k' ) [ RunTime:0.0059s ]

[ 2017-05-19T14:34:56+08:00 ] 127.0.0.1 /admin/message/upvote.html
INFO: [ app_init ] --START--
INFO: Run Behavior\BuildLiteBehavior [ RunTime:0.000000s ]
INFO: [ app_init ] --END-- [ RunTime:0.002930s ]
INFO: [ app_begin ] --START--
INFO: Run Behavior\ReadHtmlCacheBehavior [ RunTime:0.003906s ]
INFO: Run Behavior\CheckLangBehavior [ RunTime:0.001953s ]
INFO: [ app_begin ] --END-- [ RunTime:0.005859s ]
SQL: SHOW COLUMNS FROM `admin` [ RunTime:0.0088s ]
SQL: SELECT * FROM `admin` WHERE ( adminuser='admin' ) LIMIT 1   [ RunTime:0.0000s ]
SQL: SHOW COLUMNS FROM `message` [ RunTime:0.0078s ]
SQL: UPDATE `message` SET `upvote`=upvote+1 WHERE ( identifier = '58utagn9noo4cogkowg' ) [ RunTime:0.0078s ]

[ 2017-05-19T14:34:58+08:00 ] 127.0.0.1 /admin/message/upvote.html
INFO: [ app_init ] --START--
INFO: Run Behavior\BuildLiteBehavior [ RunTime:0.000000s ]
INFO: [ app_init ] --END-- [ RunTime:0.000976s ]
INFO: [ app_begin ] --START--
INFO: Run Behavior\ReadHtmlCacheBehavior [ RunTime:0.000977s ]
INFO: Run Behavior\CheckLangBehavior [ RunTime:0.000976s ]
INFO: [ app_begin ] --END-- [ RunTime:0.001953s ]
SQL: SHOW COLUMNS FROM `admin` [ RunTime:0.0059s ]
SQL: SELECT * FROM `admin` WHERE ( adminuser='admin' ) LIMIT 1   [ RunTime:0.0010s ]
SQL: SHOW COLUMNS FROM `message` [ RunTime:0.0088s ]
SQL: UPDATE `message` SET `upvote`=upvote-1 WHERE ( identifier = '58utagn9noo4cogkowg' ) [ RunTime:0.0029s ]

[ 2017-05-19T14:35:28+08:00 ] 127.0.0.1 /admin/message/upvote.html
INFO: [ app_init ] --START--
INFO: Run Behavior\BuildLiteBehavior [ RunTime:0.000000s ]
INFO: [ app_init ] --END-- [ RunTime:0.000000s ]
INFO: [ app_begin ] --START--
INFO: Run Behavior\ReadHtmlCacheBehavior [ RunTime:0.000000s ]
INFO: Run Behavior\CheckLangBehavior [ RunTime:0.000000s ]
INFO: [ app_begin ] --END-- [ RunTime:0.000000s ]
SQL: SHOW COLUMNS FROM `admin` [ RunTime:0.0078s ]
SQL: SELECT * FROM `admin` WHERE ( adminuser='admin' ) LIMIT 1   [ RunTime:0.0000s ]
SQL: SHOW COLUMNS FROM `message` [ RunTime:0.0078s ]
SQL: UPDATE `message` SET `upvote`=upvote+1 WHERE ( identifier = '58utagn9noo4cogkowg' ) [ RunTime:0.0078s ]

[ 2017-05-19T14:35:29+08:00 ] 127.0.0.1 /admin/message/upvote.html
INFO: [ app_init ] --START--
INFO: Run Behavior\BuildLiteBehavior [ RunTime:0.000000s ]
INFO: [ app_init ] --END-- [ RunTime:0.000976s ]
INFO: [ app_begin ] --START--
INFO: Run Behavior\ReadHtmlCacheBehavior [ RunTime:0.000000s ]
INFO: Run Behavior\CheckLangBehavior [ RunTime:0.000976s ]
INFO: [ app_begin ] --END-- [ RunTime:0.000976s ]
SQL: SHOW COLUMNS FROM `admin` [ RunTime:0.0039s ]
SQL: SELECT * FROM `admin` WHERE ( adminuser='admin' ) LIMIT 1   [ RunTime:0.0010s ]
SQL: SHOW COLUMNS FROM `message` [ RunTime:0.0059s ]
SQL: UPDATE `message` SET `upvote`=upvote-1 WHERE ( identifier = '58utagn9noo4cogkowg' ) [ RunTime:0.0459s ]

[ 2017-05-19T15:42:03+08:00 ] 127.0.0.1 /admin/message/index.html
INFO: [ app_init ] --START--
INFO: Run Behavior\BuildLiteBehavior [ RunTime:0.000000s ]
INFO: [ app_init ] --END-- [ RunTime:0.000976s ]
INFO: [ app_begin ] --START--
INFO: Run Behavior\ReadHtmlCacheBehavior [ RunTime:0.001953s ]
INFO: Run Behavior\CheckLangBehavior [ RunTime:0.000977s ]
INFO: [ app_begin ] --END-- [ RunTime:0.003907s ]
SQL: SHOW COLUMNS FROM `admin` [ RunTime:0.0078s ]
SQL: SELECT * FROM `admin` WHERE ( adminuser='admin' ) LIMIT 1   [ RunTime:0.0010s ]
SQL: SHOW COLUMNS FROM `message` [ RunTime:0.0049s ]
SQL: SELECT * FROM `message`  [ RunTime:0.0000s ]
INFO: [ view_parse ] --START--
NOTIC: [2] file_get_contents(./app/Admin/View/default/Base/loading.html): failed to open stream: No such file or directory C:\Program\www\thinkphp\system\Library\Think\Template.class.php 第 696 行.
INFO: [ template_filter ] --START--
INFO: Run Behavior\ContentReplaceBehavior [ RunTime:0.000000s ]
INFO: [ template_filter ] --END-- [ RunTime:0.000977s ]
INFO: Run Behavior\ParseTemplateBehavior [ RunTime:0.028321s ]
INFO: [ view_parse ] --END-- [ RunTime:0.029297s ]
INFO: [ view_filter ] --START--
INFO: Run Behavior\WriteHtmlCacheBehavior [ RunTime:0.000977s ]
INFO: [ view_filter ] --END-- [ RunTime:0.000977s ]
INFO: [ app_end ] --START--
INFO: Run Behavior\ShowPageTraceBehavior [ RunTime:0.000976s ]
INFO: [ app_end ] --END-- [ RunTime:0.001953s ]

[ 2017-05-19T15:49:03+08:00 ] 127.0.0.1 /admin/review/upvote.html
INFO: [ app_init ] --START--
INFO: Run Behavior\BuildLiteBehavior [ RunTime:0.000976s ]
INFO: [ app_init ] --END-- [ RunTime:0.000976s ]
INFO: [ app_begin ] --START--
INFO: Run Behavior\ReadHtmlCacheBehavior [ RunTime:0.000000s ]
INFO: Run Behavior\CheckLangBehavior [ RunTime:0.000000s ]
INFO: [ app_begin ] --END-- [ RunTime:0.001953s ]
SQL: SHOW COLUMNS FROM `admin` [ RunTime:0.0049s ]
SQL: SELECT * FROM `admin` WHERE ( adminuser='admin' ) LIMIT 1   [ RunTime:0.0000s ]
SQL: SHOW COLUMNS FROM `review` [ RunTime:0.0049s ]
SQL: UPDATE `review` SET `upvote`=upvote+1 WHERE ( identifier = '9wjq5rhw57soo00c80' ) [ RunTime:0.0039s ]

[ 2017-05-19T15:49:30+08:00 ] 127.0.0.1 /admin/review/upvote.html
INFO: [ app_init ] --START--
INFO: Run Behavior\BuildLiteBehavior [ RunTime:0.000000s ]
INFO: [ app_init ] --END-- [ RunTime:0.000977s ]
INFO: [ app_begin ] --START--
INFO: Run Behavior\ReadHtmlCacheBehavior [ RunTime:0.000976s ]
INFO: Run Behavior\CheckLangBehavior [ RunTime:0.001953s ]
INFO: [ app_begin ] --END-- [ RunTime:0.002929s ]
SQL: SHOW COLUMNS FROM `admin` [ RunTime:0.0049s ]
SQL: SELECT * FROM `admin` WHERE ( adminuser='admin' ) LIMIT 1   [ RunTime:0.0000s ]
SQL: SHOW COLUMNS FROM `review` [ RunTime:0.0049s ]
SQL: UPDATE `review` SET `upvote`=upvote-1 WHERE ( identifier = '9wjq5rhw57soo00c80' ) [ RunTime:0.0029s ]

[ 2017-05-19T15:50:29+08:00 ] 127.0.0.1 /admin/review/index.html
INFO: [ app_init ] --START--
INFO: Run Behavior\BuildLiteBehavior [ RunTime:0.000000s ]
INFO: [ app_init ] --END-- [ RunTime:0.000000s ]
INFO: [ app_begin ] --START--
INFO: Run Behavior\ReadHtmlCacheBehavior [ RunTime:0.000000s ]
INFO: Run Behavior\CheckLangBehavior [ RunTime:0.000976s ]
INFO: [ app_begin ] --END-- [ RunTime:0.000976s ]
SQL: SHOW COLUMNS FROM `admin` [ RunTime:0.0039s ]
SQL: SELECT * FROM `admin` WHERE ( adminuser='admin' ) LIMIT 1   [ RunTime:0.0010s ]
SQL: SHOW COLUMNS FROM `review` [ RunTime:0.0049s ]
SQL: SELECT * FROM `review`  [ RunTime:0.0000s ]
INFO: [ view_parse ] --START--
NOTIC: [2] file_get_contents(./app/Admin/View/default/Base/loading.html): failed to open stream: No such file or directory C:\Program\www\thinkphp\system\Library\Think\Template.class.php 第 696 行.
INFO: [ template_filter ] --START--
INFO: Run Behavior\ContentReplaceBehavior [ RunTime:0.000000s ]
INFO: [ template_filter ] --END-- [ RunTime:0.000000s ]
INFO: Run Behavior\ParseTemplateBehavior [ RunTime:0.031250s ]
INFO: [ view_parse ] --END-- [ RunTime:0.031250s ]
INFO: [ view_filter ] --START--
INFO: Run Behavior\WriteHtmlCacheBehavior [ RunTime:0.001953s ]
INFO: [ view_filter ] --END-- [ RunTime:0.001953s ]
INFO: [ app_end ] --START--
INFO: Run Behavior\ShowPageTraceBehavior [ RunTime:0.002930s ]
INFO: [ app_end ] --END-- [ RunTime:0.003907s ]

[ 2017-05-19T15:50:33+08:00 ] 127.0.0.1 /admin/message/index.html
INFO: [ app_init ] --START--
INFO: Run Behavior\BuildLiteBehavior [ RunTime:0.000000s ]
INFO: [ app_init ] --END-- [ RunTime:0.000976s ]
INFO: [ app_begin ] --START--
INFO: Run Behavior\ReadHtmlCacheBehavior [ RunTime:0.001954s ]
INFO: Run Behavior\CheckLangBehavior [ RunTime:0.000976s ]
INFO: [ app_begin ] --END-- [ RunTime:0.002930s ]
SQL: SHOW COLUMNS FROM `admin` [ RunTime:0.0049s ]
SQL: SELECT * FROM `admin` WHERE ( adminuser='admin' ) LIMIT 1   [ RunTime:0.0000s ]
SQL: SHOW COLUMNS FROM `message` [ RunTime:0.0049s ]
SQL: SELECT * FROM `message`  [ RunTime:0.0010s ]
INFO: [ view_parse ] --START--
NOTIC: [2] file_get_contents(./app/Admin/View/default/Base/loading.html): failed to open stream: No such file or directory C:\Program\www\thinkphp\system\Library\Think\Template.class.php 第 696 行.
INFO: [ template_filter ] --START--
INFO: Run Behavior\ContentReplaceBehavior [ RunTime:0.000000s ]
INFO: [ template_filter ] --END-- [ RunTime:0.000000s ]
INFO: Run Behavior\ParseTemplateBehavior [ RunTime:0.025391s ]
INFO: [ view_parse ] --END-- [ RunTime:0.025391s ]
INFO: [ view_filter ] --START--
INFO: Run Behavior\WriteHtmlCacheBehavior [ RunTime:0.000976s ]
INFO: [ view_filter ] --END-- [ RunTime:0.000976s ]
INFO: [ app_end ] --START--
INFO: Run Behavior\ShowPageTraceBehavior [ RunTime:0.001953s ]
INFO: [ app_end ] --END-- [ RunTime:0.001953s ]

[ 2017-05-19T15:50:36+08:00 ] 127.0.0.1 /admin/review/index.html
INFO: [ app_init ] --START--
INFO: Run Behavior\BuildLiteBehavior [ RunTime:0.000000s ]
INFO: [ app_init ] --END-- [ RunTime:0.000977s ]
INFO: [ app_begin ] --START--
INFO: Run Behavior\ReadHtmlCacheBehavior [ RunTime:0.000977s ]
INFO: Run Behavior\CheckLangBehavior [ RunTime:0.000000s ]
INFO: [ app_begin ] --END-- [ RunTime:0.001953s ]
SQL: SHOW COLUMNS FROM `admin` [ RunTime:0.0068s ]
SQL: SELECT * FROM `admin` WHERE ( adminuser='admin' ) LIMIT 1   [ RunTime:0.0000s ]
SQL: SHOW COLUMNS FROM `review` [ RunTime:0.0059s ]
SQL: SELECT * FROM `review`  [ RunTime:0.0000s ]
INFO: [ view_parse ] --START--
NOTIC: [2] file_get_contents(./app/Admin/View/default/Base/loading.html): failed to open stream: No such file or directory C:\Program\www\thinkphp\system\Library\Think\Template.class.php 第 696 行.
INFO: [ template_filter ] --START--
INFO: Run Behavior\ContentReplaceBehavior [ RunTime:0.000000s ]
INFO: [ template_filter ] --END-- [ RunTime:0.000976s ]
INFO: Run Behavior\ParseTemplateBehavior [ RunTime:0.030273s ]
INFO: [ view_parse ] --END-- [ RunTime:0.030273s ]
INFO: [ view_filter ] --START--
INFO: Run Behavior\WriteHtmlCacheBehavior [ RunTime:0.000977s ]
INFO: [ view_filter ] --END-- [ RunTime:0.000977s ]
INFO: [ app_end ] --START--
INFO: Run Behavior\ShowPageTraceBehavior [ RunTime:0.002930s ]
INFO: [ app_end ] --END-- [ RunTime:0.003907s ]

[ 2017-05-19T15:50:44+08:00 ] 127.0.0.1 /admin/review/upvote.html
INFO: [ app_init ] --START--
INFO: Run Behavior\BuildLiteBehavior [ RunTime:0.000000s ]
INFO: [ app_init ] --END-- [ RunTime:0.000000s ]
INFO: [ app_begin ] --START--
INFO: Run Behavior\ReadHtmlCacheBehavior [ RunTime:0.001953s ]
INFO: Run Behavior\CheckLangBehavior [ RunTime:0.000976s ]
INFO: [ app_begin ] --END-- [ RunTime:0.002929s ]
SQL: SHOW COLUMNS FROM `admin` [ RunTime:0.0039s ]
SQL: SELECT * FROM `admin` WHERE ( adminuser='admin' ) LIMIT 1   [ RunTime:0.0000s ]
SQL: SHOW COLUMNS FROM `review` [ RunTime:0.0088s ]
SQL: UPDATE `review` SET `upvote`=upvote+1 WHERE ( identifier = '45q6qxemld0kgo8440w' ) [ RunTime:0.0195s ]

[ 2017-05-19T16:00:13+08:00 ] 127.0.0.1 /admin/review/index.html
INFO: [ app_init ] --START--
INFO: Run Behavior\BuildLiteBehavior [ RunTime:0.000000s ]
INFO: [ app_init ] --END-- [ RunTime:0.000976s ]
INFO: [ app_begin ] --START--
INFO: Run Behavior\ReadHtmlCacheBehavior [ RunTime:0.000977s ]
INFO: Run Behavior\CheckLangBehavior [ RunTime:0.000976s ]
INFO: [ app_begin ] --END-- [ RunTime:0.001953s ]
SQL: SHOW COLUMNS FROM `admin` [ RunTime:0.0059s ]
SQL: SELECT * FROM `admin` WHERE ( adminuser='admin' ) LIMIT 1   [ RunTime:0.0000s ]
SQL: SHOW COLUMNS FROM `review` [ RunTime:0.0068s ]
SQL: SELECT * FROM `review`  [ RunTime:0.0000s ]
INFO: [ view_parse ] --START--
NOTIC: [2] file_get_contents(./app/Admin/View/default/Base/loading.html): failed to open stream: No such file or directory C:\Program\www\thinkphp\system\Library\Think\Template.class.php 第 696 行.
INFO: [ template_filter ] --START--
INFO: Run Behavior\ContentReplaceBehavior [ RunTime:0.000976s ]
INFO: [ template_filter ] --END-- [ RunTime:0.000976s ]
INFO: Run Behavior\ParseTemplateBehavior [ RunTime:0.025391s ]
INFO: [ view_parse ] --END-- [ RunTime:0.025391s ]
INFO: [ view_filter ] --START--
INFO: Run Behavior\WriteHtmlCacheBehavior [ RunTime:0.000977s ]
INFO: [ view_filter ] --END-- [ RunTime:0.000977s ]
INFO: [ app_end ] --START--
INFO: Run Behavior\ShowPageTraceBehavior [ RunTime:0.000976s ]
INFO: [ app_end ] --END-- [ RunTime:0.000976s ]

[ 2017-05-19T16:00:20+08:00 ] 127.0.0.1 /admin/review/upvote.html
INFO: [ app_init ] --START--
INFO: Run Behavior\BuildLiteBehavior [ RunTime:0.000000s ]
INFO: [ app_init ] --END-- [ RunTime:0.000977s ]
INFO: [ app_begin ] --START--
INFO: Run Behavior\ReadHtmlCacheBehavior [ RunTime:0.000000s ]
INFO: Run Behavior\CheckLangBehavior [ RunTime:0.000000s ]
INFO: [ app_begin ] --END-- [ RunTime:0.002930s ]
SQL: SHOW COLUMNS FROM `admin` [ RunTime:0.0059s ]
SQL: SELECT * FROM `admin` WHERE ( adminuser='admin' ) LIMIT 1   [ RunTime:0.0010s ]
SQL: SHOW COLUMNS FROM `review` [ RunTime:0.0049s ]
SQL: UPDATE `review` SET `upvote`=upvote+1 WHERE ( identifier = '9wjq5rhw57soo00c80' ) [ RunTime:0.0020s ]

[ 2017-05-19T16:00:24+08:00 ] 127.0.0.1 /admin/review/index.html
INFO: [ app_init ] --START--
INFO: Run Behavior\BuildLiteBehavior [ RunTime:0.000977s ]
INFO: [ app_init ] --END-- [ RunTime:0.001953s ]
INFO: [ app_begin ] --START--
INFO: Run Behavior\ReadHtmlCacheBehavior [ RunTime:0.000976s ]
INFO: Run Behavior\CheckLangBehavior [ RunTime:0.000977s ]
INFO: [ app_begin ] --END-- [ RunTime:0.001953s ]
SQL: SHOW COLUMNS FROM `admin` [ RunTime:0.0039s ]
SQL: SELECT * FROM `admin` WHERE ( adminuser='admin' ) LIMIT 1   [ RunTime:0.0010s ]
SQL: SHOW COLUMNS FROM `review` [ RunTime:0.0049s ]
SQL: SELECT * FROM `review`  [ RunTime:0.0000s ]
INFO: [ view_parse ] --START--
NOTIC: [2] file_get_contents(./app/Admin/View/default/Base/loading.html): failed to open stream: No such file or directory C:\Program\www\thinkphp\system\Library\Think\Template.class.php 第 696 行.
INFO: [ template_filter ] --START--
INFO: Run Behavior\ContentReplaceBehavior [ RunTime:0.000976s ]
INFO: [ template_filter ] --END-- [ RunTime:0.000976s ]
INFO: Run Behavior\ParseTemplateBehavior [ RunTime:0.024414s ]
INFO: [ view_parse ] --END-- [ RunTime:0.024414s ]
INFO: [ view_filter ] --START--
INFO: Run Behavior\WriteHtmlCacheBehavior [ RunTime:0.000976s ]
INFO: [ view_filter ] --END-- [ RunTime:0.000976s ]
INFO: [ app_end ] --START--
INFO: Run Behavior\ShowPageTraceBehavior [ RunTime:0.002930s ]
INFO: [ app_end ] --END-- [ RunTime:0.002930s ]

[ 2017-05-19T16:00:38+08:00 ] 127.0.0.1 /admin/review/upvote.html
INFO: [ app_init ] --START--
INFO: Run Behavior\BuildLiteBehavior [ RunTime:0.000000s ]
INFO: [ app_init ] --END-- [ RunTime:0.000000s ]
INFO: [ app_begin ] --START--
INFO: Run Behavior\ReadHtmlCacheBehavior [ RunTime:0.000977s ]
INFO: Run Behavior\CheckLangBehavior [ RunTime:0.000000s ]
INFO: [ app_begin ] --END-- [ RunTime:0.000977s ]
SQL: SHOW COLUMNS FROM `admin` [ RunTime:0.0059s ]
SQL: SELECT * FROM `admin` WHERE ( adminuser='admin' ) LIMIT 1   [ RunTime:0.0010s ]
SQL: SHOW COLUMNS FROM `review` [ RunTime:0.0059s ]
SQL: UPDATE `review` SET `upvote`=upvote+1 WHERE ( identifier = 'a6u441s8nwg0sg00kc' ) [ RunTime:0.0957s ]

[ 2017-05-19T16:00:41+08:00 ] 127.0.0.1 /admin/review/index.html
INFO: [ app_init ] --START--
INFO: Run Behavior\BuildLiteBehavior [ RunTime:0.000976s ]
INFO: [ app_init ] --END-- [ RunTime:0.000976s ]
INFO: [ app_begin ] --START--
INFO: Run Behavior\ReadHtmlCacheBehavior [ RunTime:0.000977s ]
INFO: Run Behavior\CheckLangBehavior [ RunTime:0.000977s ]
INFO: [ app_begin ] --END-- [ RunTime:0.003906s ]
SQL: SHOW COLUMNS FROM `admin` [ RunTime:0.0117s ]
SQL: SELECT * FROM `admin` WHERE ( adminuser='admin' ) LIMIT 1   [ RunTime:0.0010s ]
SQL: SHOW COLUMNS FROM `review` [ RunTime:0.0068s ]
SQL: SELECT * FROM `review`  [ RunTime:0.0010s ]
INFO: [ view_parse ] --START--
NOTIC: [2] file_get_contents(./app/Admin/View/default/Base/loading.html): failed to open stream: No such file or directory C:\Program\www\thinkphp\system\Library\Think\Template.class.php 第 696 行.
INFO: [ template_filter ] --START--
INFO: Run Behavior\ContentReplaceBehavior [ RunTime:0.000000s ]
INFO: [ template_filter ] --END-- [ RunTime:0.000000s ]
INFO: Run Behavior\ParseTemplateBehavior [ RunTime:0.028320s ]
INFO: [ view_parse ] --END-- [ RunTime:0.028320s ]
INFO: [ view_filter ] --START--
INFO: Run Behavior\WriteHtmlCacheBehavior [ RunTime:0.000977s ]
INFO: [ view_filter ] --END-- [ RunTime:0.000977s ]
INFO: [ app_end ] --START--
INFO: Run Behavior\ShowPageTraceBehavior [ RunTime:0.001953s ]
INFO: [ app_end ] --END-- [ RunTime:0.001953s ]

[ 2017-05-19T16:06:45+08:00 ] 127.0.0.1 /admin/review/upvote.html
INFO: [ app_init ] --START--
INFO: Run Behavior\BuildLiteBehavior [ RunTime:0.000000s ]
INFO: [ app_init ] --END-- [ RunTime:0.000977s ]
INFO: [ app_begin ] --START--
INFO: Run Behavior\ReadHtmlCacheBehavior [ RunTime:0.000976s ]
INFO: Run Behavior\CheckLangBehavior [ RunTime:0.000977s ]
INFO: [ app_begin ] --END-- [ RunTime:0.002930s ]
SQL: SHOW COLUMNS FROM `admin` [ RunTime:0.0078s ]
SQL: SELECT * FROM `admin` WHERE ( adminuser='admin' ) LIMIT 1   [ RunTime:0.0000s ]
SQL: SHOW COLUMNS FROM `review` [ RunTime:0.0068s ]
SQL: UPDATE `review` SET `upvote`=upvote-1 WHERE ( identifier = 'a6u441s8nwg0sg00kc' ) [ RunTime:0.0000s ]

[ 2017-05-19T16:06:47+08:00 ] 127.0.0.1 /admin/review/upvote.html
INFO: [ app_init ] --START--
INFO: Run Behavior\BuildLiteBehavior [ RunTime:0.000000s ]
INFO: [ app_init ] --END-- [ RunTime:0.000976s ]
INFO: [ app_begin ] --START--
INFO: Run Behavior\ReadHtmlCacheBehavior [ RunTime:0.001953s ]
INFO: Run Behavior\CheckLangBehavior [ RunTime:0.000977s ]
INFO: [ app_begin ] --END-- [ RunTime:0.002930s ]
SQL: SHOW COLUMNS FROM `admin` [ RunTime:0.0088s ]
SQL: SELECT * FROM `admin` WHERE ( adminuser='admin' ) LIMIT 1   [ RunTime:0.0010s ]
SQL: SHOW COLUMNS FROM `review` [ RunTime:0.0068s ]
SQL: UPDATE `review` SET `upvote`=upvote+1 WHERE ( identifier = 'a6u441s8nwg0sg00kc' ) [ RunTime:0.0039s ]

[ 2017-05-19T16:06:50+08:00 ] 127.0.0.1 /admin/review/upvote.html
INFO: [ app_init ] --START--
INFO: Run Behavior\BuildLiteBehavior [ RunTime:0.000976s ]
INFO: [ app_init ] --END-- [ RunTime:0.000976s ]
INFO: [ app_begin ] --START--
INFO: Run Behavior\ReadHtmlCacheBehavior [ RunTime:0.000000s ]
INFO: Run Behavior\CheckLangBehavior [ RunTime:0.000977s ]
INFO: [ app_begin ] --END-- [ RunTime:0.002930s ]
SQL: SHOW COLUMNS FROM `admin` [ RunTime:0.0049s ]
SQL: SELECT * FROM `admin` WHERE ( adminuser='admin' ) LIMIT 1   [ RunTime:0.0010s ]
SQL: SHOW COLUMNS FROM `review` [ RunTime:0.0049s ]
SQL: UPDATE `review` SET `upvote`=upvote-1 WHERE ( identifier = 'a6u441s8nwg0sg00kc' ) [ RunTime:0.0020s ]

[ 2017-05-19T16:06:58+08:00 ] 127.0.0.1 /admin/review/upvote.html
INFO: [ app_init ] --START--
INFO: Run Behavior\BuildLiteBehavior [ RunTime:0.000000s ]
INFO: [ app_init ] --END-- [ RunTime:0.000977s ]
INFO: [ app_begin ] --START--
INFO: Run Behavior\ReadHtmlCacheBehavior [ RunTime:0.000977s ]
INFO: Run Behavior\CheckLangBehavior [ RunTime:0.000976s ]
INFO: [ app_begin ] --END-- [ RunTime:0.001953s ]
SQL: SHOW COLUMNS FROM `admin` [ RunTime:0.0049s ]
SQL: SELECT * FROM `admin` WHERE ( adminuser='admin' ) LIMIT 1   [ RunTime:0.0000s ]
SQL: SHOW COLUMNS FROM `review` [ RunTime:0.0049s ]
SQL: UPDATE `review` SET `upvote`=upvote+1 WHERE ( identifier = 'a6u441s8nwg0sg00kc' ) [ RunTime:0.0029s ]

[ 2017-05-19T16:09:57+08:00 ] 127.0.0.1 /admin/review/upvote.html
INFO: [ app_init ] --START--
INFO: Run Behavior\BuildLiteBehavior [ RunTime:0.000000s ]
INFO: [ app_init ] --END-- [ RunTime:0.000000s ]
INFO: [ app_begin ] --START--
INFO: Run Behavior\ReadHtmlCacheBehavior [ RunTime:0.000976s ]
INFO: Run Behavior\CheckLangBehavior [ RunTime:0.001953s ]
INFO: [ app_begin ] --END-- [ RunTime:0.002929s ]
SQL: SHOW COLUMNS FROM `admin` [ RunTime:0.0049s ]
SQL: SELECT * FROM `admin` WHERE ( adminuser='admin' ) LIMIT 1   [ RunTime:0.0000s ]
SQL: SHOW COLUMNS FROM `review` [ RunTime:0.0049s ]
SQL: UPDATE `review` SET `upvote`=upvote-1 WHERE ( identifier = '9wjq5rhw57soo00c80' ) [ RunTime:0.0020s ]

[ 2017-05-19T16:09:58+08:00 ] 127.0.0.1 /admin/review/upvote.html
INFO: [ app_init ] --START--
INFO: Run Behavior\BuildLiteBehavior [ RunTime:0.000000s ]
INFO: [ app_init ] --END-- [ RunTime:0.000977s ]
INFO: [ app_begin ] --START--
INFO: Run Behavior\ReadHtmlCacheBehavior [ RunTime:0.000977s ]
INFO: Run Behavior\CheckLangBehavior [ RunTime:0.000976s ]
INFO: [ app_begin ] --END-- [ RunTime:0.001953s ]
SQL: SHOW COLUMNS FROM `admin` [ RunTime:0.0059s ]
SQL: SELECT * FROM `admin` WHERE ( adminuser='admin' ) LIMIT 1   [ RunTime:0.0010s ]
SQL: SHOW COLUMNS FROM `review` [ RunTime:0.0049s ]
SQL: UPDATE `review` SET `upvote`=upvote+1 WHERE ( identifier = '9wjq5rhw57soo00c80' ) [ RunTime:0.0039s ]

[ 2017-05-19T16:10:01+08:00 ] 127.0.0.1 /admin/review/index.html
INFO: [ app_init ] --START--
INFO: Run Behavior\BuildLiteBehavior [ RunTime:0.000000s ]
INFO: [ app_init ] --END-- [ RunTime:0.000976s ]
INFO: [ app_begin ] --START--
INFO: Run Behavior\ReadHtmlCacheBehavior [ RunTime:0.000977s ]
INFO: Run Behavior\CheckLangBehavior [ RunTime:0.000976s ]
INFO: [ app_begin ] --END-- [ RunTime:0.002930s ]
SQL: SHOW COLUMNS FROM `admin` [ RunTime:0.0059s ]
SQL: SELECT * FROM `admin` WHERE ( adminuser='admin' ) LIMIT 1   [ RunTime:0.0010s ]
SQL: SHOW COLUMNS FROM `review` [ RunTime:0.0059s ]
SQL: SELECT * FROM `review`  [ RunTime:0.0020s ]
INFO: [ view_parse ] --START--
NOTIC: [2] file_get_contents(./app/Admin/View/default/Base/loading.html): failed to open stream: No such file or directory C:\Program\www\thinkphp\system\Library\Think\Template.class.php 第 696 行.
INFO: [ template_filter ] --START--
INFO: Run Behavior\ContentReplaceBehavior [ RunTime:0.000000s ]
INFO: [ template_filter ] --END-- [ RunTime:0.000000s ]
INFO: Run Behavior\ParseTemplateBehavior [ RunTime:0.028320s ]
INFO: [ view_parse ] --END-- [ RunTime:0.028320s ]
INFO: [ view_filter ] --START--
INFO: Run Behavior\WriteHtmlCacheBehavior [ RunTime:0.000977s ]
INFO: [ view_filter ] --END-- [ RunTime:0.001953s ]
INFO: [ app_end ] --START--
INFO: Run Behavior\ShowPageTraceBehavior [ RunTime:0.001954s ]
INFO: [ app_end ] --END-- [ RunTime:0.001954s ]

[ 2017-05-19T16:10:05+08:00 ] 127.0.0.1 /admin/review/upvote.html
INFO: [ app_init ] --START--
INFO: Run Behavior\BuildLiteBehavior [ RunTime:0.000000s ]
INFO: [ app_init ] --END-- [ RunTime:0.000976s ]
INFO: [ app_begin ] --START--
INFO: Run Behavior\ReadHtmlCacheBehavior [ RunTime:0.000977s ]
INFO: Run Behavior\CheckLangBehavior [ RunTime:0.000000s ]
INFO: [ app_begin ] --END-- [ RunTime:0.002930s ]
SQL: SHOW COLUMNS FROM `admin` [ RunTime:0.0059s ]
SQL: SELECT * FROM `admin` WHERE ( adminuser='admin' ) LIMIT 1   [ RunTime:0.0010s ]
SQL: SHOW COLUMNS FROM `review` [ RunTime:0.0049s ]
SQL: UPDATE `review` SET `upvote`=upvote+1 WHERE ( identifier = '45q6qxemld0kgo8440w' ) [ RunTime:0.0156s ]

[ 2017-05-19T16:35:07+08:00 ] 127.0.0.1 /admin/review/upvote.html
INFO: [ app_init ] --START--
INFO: Run Behavior\BuildLiteBehavior [ RunTime:0.000000s ]
INFO: [ app_init ] --END-- [ RunTime:0.000000s ]
INFO: [ app_begin ] --START--
INFO: Run Behavior\ReadHtmlCacheBehavior [ RunTime:0.000977s ]
INFO: Run Behavior\CheckLangBehavior [ RunTime:0.000976s ]
INFO: [ app_begin ] --END-- [ RunTime:0.001953s ]
SQL: SHOW COLUMNS FROM `admin` [ RunTime:0.0059s ]
SQL: SELECT * FROM `admin` WHERE ( adminuser='admin' ) LIMIT 1   [ RunTime:0.0010s ]
SQL: SHOW COLUMNS FROM `review` [ RunTime:0.0049s ]
SQL: UPDATE `review` SET `upvote`=upvote+1 WHERE ( identifier = 'dnhqygte8f4g04og04' ) [ RunTime:0.0020s ]

[ 2017-05-19T16:35:08+08:00 ] 127.0.0.1 /admin/review/upvote.html
INFO: [ app_init ] --START--
INFO: Run Behavior\BuildLiteBehavior [ RunTime:0.000000s ]
INFO: [ app_init ] --END-- [ RunTime:0.000000s ]
INFO: [ app_begin ] --START--
INFO: Run Behavior\ReadHtmlCacheBehavior [ RunTime:0.000977s ]
INFO: Run Behavior\CheckLangBehavior [ RunTime:0.000000s ]
INFO: [ app_begin ] --END-- [ RunTime:0.001953s ]
SQL: SHOW COLUMNS FROM `admin` [ RunTime:0.0049s ]
SQL: SELECT * FROM `admin` WHERE ( adminuser='admin' ) LIMIT 1   [ RunTime:0.0000s ]
SQL: SHOW COLUMNS FROM `review` [ RunTime:0.0059s ]
SQL: UPDATE `review` SET `upvote`=upvote-1 WHERE ( identifier = 'dnhqygte8f4g04og04' ) [ RunTime:0.0293s ]

[ 2017-05-19T19:27:19+08:00 ] 127.0.0.1 /admin
INFO: [ app_init ] --START--
INFO: Run Behavior\BuildLiteBehavior [ RunTime:0.000000s ]
INFO: [ app_init ] --END-- [ RunTime:0.001000s ]
INFO: [ app_begin ] --START--
INFO: Run Behavior\ReadHtmlCacheBehavior [ RunTime:0.003000s ]
INFO: Run Behavior\CheckLangBehavior [ RunTime:0.002000s ]
INFO: [ app_begin ] --END-- [ RunTime:0.006000s ]
SQL: SHOW COLUMNS FROM `admin` [ RunTime:0.0030s ]
SQL: SELECT * FROM `admin` WHERE ( adminuser='admin' ) LIMIT 1   [ RunTime:0.0010s ]
SQL: SELECT COUNT(*) AS tp_count FROM `admin` LIMIT 1   [ RunTime:0.0010s ]
SQL: SHOW COLUMNS FROM `article` [ RunTime:0.0040s ]
SQL: SELECT COUNT(*) AS tp_count FROM `article` LIMIT 1   [ RunTime:0.0010s ]
SQL: SHOW COLUMNS FROM `diary` [ RunTime:0.0030s ]
SQL: SELECT COUNT(*) AS tp_count FROM `diary` LIMIT 1   [ RunTime:0.0000s ]
INFO: [ view_parse ] --START--
NOTIC: [2] file_get_contents(./app/Admin/View/default/Base/loading.html): failed to open stream: No such file or directory E:\xampp\htdocs\think\system\Library\Think\Template.class.php 第 696 行.
INFO: [ template_filter ] --START--
INFO: Run Behavior\ContentReplaceBehavior [ RunTime:0.000000s ]
INFO: [ template_filter ] --END-- [ RunTime:0.000000s ]
INFO: Run Behavior\ParseTemplateBehavior [ RunTime:0.021001s ]
INFO: [ view_parse ] --END-- [ RunTime:0.021001s ]
INFO: [ view_filter ] --START--
INFO: Run Behavior\WriteHtmlCacheBehavior [ RunTime:0.001000s ]
INFO: [ view_filter ] --END-- [ RunTime:0.002000s ]
INFO: [ app_end ] --START--
INFO: Run Behavior\ShowPageTraceBehavior [ RunTime:0.002000s ]
INFO: [ app_end ] --END-- [ RunTime:0.002000s ]

[ 2017-05-19T19:27:23+08:00 ] 127.0.0.1 /admin/review/index.html
INFO: [ app_init ] --START--
INFO: Run Behavior\BuildLiteBehavior [ RunTime:0.000000s ]
INFO: [ app_init ] --END-- [ RunTime:0.001000s ]
INFO: [ app_begin ] --START--
INFO: Run Behavior\ReadHtmlCacheBehavior [ RunTime:0.001000s ]
INFO: Run Behavior\CheckLangBehavior [ RunTime:0.002000s ]
INFO: [ app_begin ] --END-- [ RunTime:0.003000s ]
SQL: SHOW COLUMNS FROM `admin` [ RunTime:0.0040s ]
SQL: SELECT * FROM `admin` WHERE ( adminuser='admin' ) LIMIT 1   [ RunTime:0.0010s ]
SQL: SHOW COLUMNS FROM `review` [ RunTime:0.0030s ]
SQL: SELECT * FROM `review`  [ RunTime:0.0010s ]
INFO: [ view_parse ] --START--
NOTIC: [2] file_get_contents(./app/Admin/View/default/Base/loading.html): failed to open stream: No such file or directory E:\xampp\htdocs\think\system\Library\Think\Template.class.php 第 696 行.
INFO: [ template_filter ] --START--
INFO: Run Behavior\ContentReplaceBehavior [ RunTime:0.000000s ]
INFO: [ template_filter ] --END-- [ RunTime:0.000000s ]
INFO: Run Behavior\ParseTemplateBehavior [ RunTime:0.022001s ]
INFO: [ view_parse ] --END-- [ RunTime:0.022001s ]
INFO: [ view_filter ] --START--
INFO: Run Behavior\WriteHtmlCacheBehavior [ RunTime:0.002000s ]
INFO: [ view_filter ] --END-- [ RunTime:0.002000s ]
INFO: [ app_end ] --START--
INFO: Run Behavior\ShowPageTraceBehavior [ RunTime:0.003000s ]
INFO: [ app_end ] --END-- [ RunTime:0.003000s ]

[ 2017-05-19T19:27:25+08:00 ] 127.0.0.1 /admin/message/index.html
INFO: [ app_init ] --START--
INFO: Run Behavior\BuildLiteBehavior [ RunTime:0.000000s ]
INFO: [ app_init ] --END-- [ RunTime:0.002000s ]
INFO: [ app_begin ] --START--
INFO: Run Behavior\ReadHtmlCacheBehavior [ RunTime:0.003000s ]
INFO: Run Behavior\CheckLangBehavior [ RunTime:0.001000s ]
INFO: [ app_begin ] --END-- [ RunTime:0.004000s ]
SQL: SHOW COLUMNS FROM `admin` [ RunTime:0.0040s ]
SQL: SELECT * FROM `admin` WHERE ( adminuser='admin' ) LIMIT 1   [ RunTime:0.0000s ]
SQL: SHOW COLUMNS FROM `message` [ RunTime:0.0040s ]
SQL: SELECT * FROM `message`  [ RunTime:0.0000s ]
INFO: [ view_parse ] --START--
NOTIC: [2] file_get_contents(./app/Admin/View/default/Base/loading.html): failed to open stream: No such file or directory E:\xampp\htdocs\think\system\Library\Think\Template.class.php 第 696 行.
INFO: [ template_filter ] --START--
INFO: Run Behavior\ContentReplaceBehavior [ RunTime:0.000000s ]
INFO: [ template_filter ] --END-- [ RunTime:0.000000s ]
INFO: Run Behavior\ParseTemplateBehavior [ RunTime:0.026002s ]
INFO: [ view_parse ] --END-- [ RunTime:0.026002s ]
INFO: [ view_filter ] --START--
INFO: Run Behavior\WriteHtmlCacheBehavior [ RunTime:0.002000s ]
INFO: [ view_filter ] --END-- [ RunTime:0.002000s ]
INFO: [ app_end ] --START--
INFO: Run Behavior\ShowPageTraceBehavior [ RunTime:0.002000s ]
INFO: [ app_end ] --END-- [ RunTime:0.002000s ]

[ 2017-05-19T19:27:37+08:00 ] 127.0.0.1 /admin/message/upvote.html
INFO: [ app_init ] --START--
INFO: Run Behavior\BuildLiteBehavior [ RunTime:0.000000s ]
INFO: [ app_init ] --END-- [ RunTime:0.001000s ]
INFO: [ app_begin ] --START--
INFO: Run Behavior\ReadHtmlCacheBehavior [ RunTime:0.002000s ]
INFO: Run Behavior\CheckLangBehavior [ RunTime:0.001000s ]
INFO: [ app_begin ] --END-- [ RunTime:0.003000s ]
SQL: SHOW COLUMNS FROM `admin` [ RunTime:0.0030s ]
SQL: SELECT * FROM `admin` WHERE ( adminuser='admin' ) LIMIT 1   [ RunTime:0.0000s ]
SQL: SHOW COLUMNS FROM `message` [ RunTime:0.0030s ]
SQL: UPDATE `message` SET `upvote`=upvote+1 WHERE ( identifier = '23eyjdav547488ww4g0' ) [ RunTime:0.2080s ]

[ 2017-05-19T19:27:39+08:00 ] 127.0.0.1 /admin/message/index.html
INFO: [ app_init ] --START--
INFO: Run Behavior\BuildLiteBehavior [ RunTime:0.000000s ]
INFO: [ app_init ] --END-- [ RunTime:0.001000s ]
INFO: [ app_begin ] --START--
INFO: Run Behavior\ReadHtmlCacheBehavior [ RunTime:0.002000s ]
INFO: Run Behavior\CheckLangBehavior [ RunTime:0.002001s ]
INFO: [ app_begin ] --END-- [ RunTime:0.004001s ]
SQL: SHOW COLUMNS FROM `admin` [ RunTime:0.0030s ]
SQL: SELECT * FROM `admin` WHERE ( adminuser='admin' ) LIMIT 1   [ RunTime:0.0010s ]
SQL: SHOW COLUMNS FROM `message` [ RunTime:0.0050s ]
SQL: SELECT * FROM `message`  [ RunTime:0.0000s ]
INFO: [ view_parse ] --START--
NOTIC: [2] file_get_contents(./app/Admin/View/default/Base/loading.html): failed to open stream: No such file or directory E:\xampp\htdocs\think\system\Library\Think\Template.class.php 第 696 行.
INFO: [ template_filter ] --START--
INFO: Run Behavior\ContentReplaceBehavior [ RunTime:0.001000s ]
INFO: [ template_filter ] --END-- [ RunTime:0.001000s ]
INFO: Run Behavior\ParseTemplateBehavior [ RunTime:0.023001s ]
INFO: [ view_parse ] --END-- [ RunTime:0.024001s ]
INFO: [ view_filter ] --START--
INFO: Run Behavior\WriteHtmlCacheBehavior [ RunTime:0.002000s ]
INFO: [ view_filter ] --END-- [ RunTime:0.002000s ]
INFO: [ app_end ] --START--
INFO: Run Behavior\ShowPageTraceBehavior [ RunTime:0.002000s ]
INFO: [ app_end ] --END-- [ RunTime:0.002000s ]

[ 2017-05-19T19:27:46+08:00 ] 127.0.0.1 /admin/message/upvote.html
INFO: [ app_init ] --START--
INFO: Run Behavior\BuildLiteBehavior [ RunTime:0.000000s ]
INFO: [ app_init ] --END-- [ RunTime:0.000000s ]
INFO: [ app_begin ] --START--
INFO: Run Behavior\ReadHtmlCacheBehavior [ RunTime:0.001000s ]
INFO: Run Behavior\CheckLangBehavior [ RunTime:0.001000s ]
INFO: [ app_begin ] --END-- [ RunTime:0.002000s ]
SQL: SHOW COLUMNS FROM `admin` [ RunTime:0.0040s ]
SQL: SELECT * FROM `admin` WHERE ( adminuser='admin' ) LIMIT 1   [ RunTime:0.0000s ]
SQL: SHOW COLUMNS FROM `message` [ RunTime:0.0040s ]
SQL: UPDATE `message` SET `upvote`=upvote-1 WHERE ( identifier = '23eyjdav547488ww4g0' ) [ RunTime:0.0670s ]

[ 2017-05-19T19:27:48+08:00 ] 127.0.0.1 /admin/message/upvote.html
INFO: [ app_init ] --START--
INFO: Run Behavior\BuildLiteBehavior [ RunTime:0.000000s ]
INFO: [ app_init ] --END-- [ RunTime:0.000000s ]
INFO: [ app_begin ] --START--
INFO: Run Behavior\ReadHtmlCacheBehavior [ RunTime:0.001000s ]
INFO: Run Behavior\CheckLangBehavior [ RunTime:0.001000s ]
INFO: [ app_begin ] --END-- [ RunTime:0.002000s ]
SQL: SHOW COLUMNS FROM `admin` [ RunTime:0.0030s ]
SQL: SELECT * FROM `admin` WHERE ( adminuser='admin' ) LIMIT 1   [ RunTime:0.0000s ]
SQL: SHOW COLUMNS FROM `message` [ RunTime:0.0030s ]
SQL: UPDATE `message` SET `upvote`=upvote+1 WHERE ( identifier = '23eyjdav547488ww4g0' ) [ RunTime:0.0590s ]

[ 2017-05-19T19:27:50+08:00 ] 127.0.0.1 /admin/message/upvote.html
INFO: [ app_init ] --START--
INFO: Run Behavior\BuildLiteBehavior [ RunTime:0.000000s ]
INFO: [ app_init ] --END-- [ RunTime:0.001001s ]
INFO: [ app_begin ] --START--
INFO: Run Behavior\ReadHtmlCacheBehavior [ RunTime:0.001000s ]
INFO: Run Behavior\CheckLangBehavior [ RunTime:0.001000s ]
INFO: [ app_begin ] --END-- [ RunTime:0.002000s ]
SQL: SHOW COLUMNS FROM `admin` [ RunTime:0.0030s ]
SQL: SELECT * FROM `admin` WHERE ( adminuser='admin' ) LIMIT 1   [ RunTime:0.0010s ]
SQL: SHOW COLUMNS FROM `message` [ RunTime:0.0050s ]
SQL: UPDATE `message` SET `upvote`=upvote-1 WHERE ( identifier = '23eyjdav547488ww4g0' ) [ RunTime:0.0650s ]

[ 2017-05-19T19:27:53+08:00 ] 127.0.0.1 /admin/message/upvote.html
INFO: [ app_init ] --START--
INFO: Run Behavior\BuildLiteBehavior [ RunTime:0.001000s ]
INFO: [ app_init ] --END-- [ RunTime:0.001000s ]
INFO: [ app_begin ] --START--
INFO: Run Behavior\ReadHtmlCacheBehavior [ RunTime:0.001000s ]
INFO: Run Behavior\CheckLangBehavior [ RunTime:0.001000s ]
INFO: [ app_begin ] --END-- [ RunTime:0.002000s ]
SQL: SHOW COLUMNS FROM `admin` [ RunTime:0.0030s ]
SQL: SELECT * FROM `admin` WHERE ( adminuser='admin' ) LIMIT 1   [ RunTime:0.0010s ]
SQL: SHOW COLUMNS FROM `message` [ RunTime:0.0030s ]
SQL: UPDATE `message` SET `upvote`=upvote+1 WHERE ( identifier = '23eyjdav547488ww4g0' ) [ RunTime:0.0500s ]

[ 2017-05-19T19:27:54+08:00 ] 127.0.0.1 /admin/message/upvote.html
INFO: [ app_init ] --START--
INFO: Run Behavior\BuildLiteBehavior [ RunTime:0.000000s ]
INFO: [ app_init ] --END-- [ RunTime:0.000000s ]
INFO: [ app_begin ] --START--
INFO: Run Behavior\ReadHtmlCacheBehavior [ RunTime:0.001000s ]
INFO: Run Behavior\CheckLangBehavior [ RunTime:0.001000s ]
INFO: [ app_begin ] --END-- [ RunTime:0.002000s ]
SQL: SHOW COLUMNS FROM `admin` [ RunTime:0.0040s ]
SQL: SELECT * FROM `admin` WHERE ( adminuser='admin' ) LIMIT 1   [ RunTime:0.0010s ]
SQL: SHOW COLUMNS FROM `message` [ RunTime:0.0030s ]
SQL: UPDATE `message` SET `upvote`=upvote-1 WHERE ( identifier = '23eyjdav547488ww4g0' ) [ RunTime:0.0610s ]

[ 2017-05-19T19:55:18+08:00 ] 127.0.0.1 /admin/review/upvote.html
INFO: [ app_init ] --START--
INFO: Run Behavior\BuildLiteBehavior [ RunTime:0.000000s ]
INFO: [ app_init ] --END-- [ RunTime:0.000000s ]
INFO: [ app_begin ] --START--
INFO: Run Behavior\ReadHtmlCacheBehavior [ RunTime:0.001000s ]
INFO: Run Behavior\CheckLangBehavior [ RunTime:0.000000s ]
INFO: [ app_begin ] --END-- [ RunTime:0.001000s ]
SQL: SHOW COLUMNS FROM `admin` [ RunTime:0.0030s ]
SQL: SELECT * FROM `admin` WHERE ( adminuser='admin' ) LIMIT 1   [ RunTime:0.0000s ]
SQL: SHOW COLUMNS FROM `review` [ RunTime:0.0030s ]
SQL: UPDATE `review` SET `upvote`=upvote+1 WHERE ( identifier = '3fp3q1jjwf0gg44w4w8' ) [ RunTime:0.0690s ]

[ 2017-05-19T19:55:21+08:00 ] 127.0.0.1 /admin/review/upvote.html
INFO: [ app_init ] --START--
INFO: Run Behavior\BuildLiteBehavior [ RunTime:0.000000s ]
INFO: [ app_init ] --END-- [ RunTime:0.000000s ]
INFO: [ app_begin ] --START--
INFO: Run Behavior\ReadHtmlCacheBehavior [ RunTime:0.001000s ]
INFO: Run Behavior\CheckLangBehavior [ RunTime:0.001000s ]
INFO: [ app_begin ] --END-- [ RunTime:0.002000s ]
SQL: SHOW COLUMNS FROM `admin` [ RunTime:0.0030s ]
SQL: SELECT * FROM `admin` WHERE ( adminuser='admin' ) LIMIT 1   [ RunTime:0.0010s ]
SQL: SHOW COLUMNS FROM `review` [ RunTime:0.0030s ]
SQL: UPDATE `review` SET `upvote`=upvote+1 WHERE ( identifier = 'nrb2sa793k04ws0gow' ) [ RunTime:0.0510s ]

[ 2017-05-19T19:55:24+08:00 ] 127.0.0.1 /admin/review/index.html
INFO: [ app_init ] --START--
INFO: Run Behavior\BuildLiteBehavior [ RunTime:0.000000s ]
INFO: [ app_init ] --END-- [ RunTime:0.001000s ]
INFO: [ app_begin ] --START--
INFO: Run Behavior\ReadHtmlCacheBehavior [ RunTime:0.001000s ]
INFO: Run Behavior\CheckLangBehavior [ RunTime:0.001000s ]
INFO: [ app_begin ] --END-- [ RunTime:0.002000s ]
SQL: SHOW COLUMNS FROM `admin` [ RunTime:0.0030s ]
SQL: SELECT * FROM `admin` WHERE ( adminuser='admin' ) LIMIT 1   [ RunTime:0.0010s ]
SQL: SHOW COLUMNS FROM `review` [ RunTime:0.0040s ]
SQL: SELECT * FROM `review`  [ RunTime:0.0010s ]
INFO: [ view_parse ] --START--
NOTIC: [2] file_get_contents(./app/Admin/View/default/Base/loading.html): failed to open stream: No such file or directory E:\xampp\htdocs\think\system\Library\Think\Template.class.php 第 696 行.
INFO: [ template_filter ] --START--
INFO: Run Behavior\ContentReplaceBehavior [ RunTime:0.000000s ]
INFO: [ template_filter ] --END-- [ RunTime:0.000000s ]
INFO: Run Behavior\ParseTemplateBehavior [ RunTime:0.018001s ]
INFO: [ view_parse ] --END-- [ RunTime:0.018001s ]
INFO: [ view_filter ] --START--
INFO: Run Behavior\WriteHtmlCacheBehavior [ RunTime:0.001000s ]
INFO: [ view_filter ] --END-- [ RunTime:0.001000s ]
INFO: [ app_end ] --START--
INFO: Run Behavior\ShowPageTraceBehavior [ RunTime:0.001000s ]
INFO: [ app_end ] --END-- [ RunTime:0.001000s ]

[ 2017-05-19T19:55:26+08:00 ] 127.0.0.1 /admin/message/index.html
INFO: [ app_init ] --START--
INFO: Run Behavior\BuildLiteBehavior [ RunTime:0.000000s ]
INFO: [ app_init ] --END-- [ RunTime:0.000000s ]
INFO: [ app_begin ] --START--
INFO: Run Behavior\ReadHtmlCacheBehavior [ RunTime:0.001000s ]
INFO: Run Behavior\CheckLangBehavior [ RunTime:0.000000s ]
INFO: [ app_begin ] --END-- [ RunTime:0.001000s ]
SQL: SHOW COLUMNS FROM `admin` [ RunTime:0.0030s ]
SQL: SELECT * FROM `admin` WHERE ( adminuser='admin' ) LIMIT 1   [ RunTime:0.0010s ]
SQL: SHOW COLUMNS FROM `message` [ RunTime:0.0030s ]
SQL: SELECT * FROM `message`  [ RunTime:0.0000s ]
INFO: [ view_parse ] --START--
NOTIC: [2] file_get_contents(./app/Admin/View/default/Base/loading.html): failed to open stream: No such file or directory E:\xampp\htdocs\think\system\Library\Think\Template.class.php 第 696 行.
INFO: [ template_filter ] --START--
INFO: Run Behavior\ContentReplaceBehavior [ RunTime:0.000000s ]
INFO: [ template_filter ] --END-- [ RunTime:0.000000s ]
INFO: Run Behavior\ParseTemplateBehavior [ RunTime:0.018001s ]
INFO: [ view_parse ] --END-- [ RunTime:0.018001s ]
INFO: [ view_filter ] --START--
INFO: Run Behavior\WriteHtmlCacheBehavior [ RunTime:0.001000s ]
INFO: [ view_filter ] --END-- [ RunTime:0.001000s ]
INFO: [ app_end ] --START--
INFO: Run Behavior\ShowPageTraceBehavior [ RunTime:0.001000s ]
INFO: [ app_end ] --END-- [ RunTime:0.001000s ]

[ 2017-05-19T19:55:36+08:00 ] 127.0.0.1 /admin/review/upvote.html
INFO: [ app_init ] --START--
INFO: Run Behavior\BuildLiteBehavior [ RunTime:0.000000s ]
INFO: [ app_init ] --END-- [ RunTime:0.000000s ]
INFO: [ app_begin ] --START--
INFO: Run Behavior\ReadHtmlCacheBehavior [ RunTime:0.001000s ]
INFO: Run Behavior\CheckLangBehavior [ RunTime:0.001000s ]
INFO: [ app_begin ] --END-- [ RunTime:0.002000s ]
SQL: SHOW COLUMNS FROM `admin` [ RunTime:0.0030s ]
SQL: SELECT * FROM `admin` WHERE ( adminuser='admin' ) LIMIT 1   [ RunTime:0.0000s ]
SQL: SHOW COLUMNS FROM `review` [ RunTime:0.0030s ]
SQL: UPDATE `review` SET `upvote`=upvote+1 WHERE ( identifier = '3fp3q1jjwf0gg44w4w8' ) [ RunTime:0.0840s ]

[ 2017-05-19T19:55:38+08:00 ] 127.0.0.1 /admin/review/upvote.html
INFO: [ app_init ] --START--
INFO: Run Behavior\BuildLiteBehavior [ RunTime:0.000000s ]
INFO: [ app_init ] --END-- [ RunTime:0.001000s ]
INFO: [ app_begin ] --START--
INFO: Run Behavior\ReadHtmlCacheBehavior [ RunTime:0.001000s ]
INFO: Run Behavior\CheckLangBehavior [ RunTime:0.001001s ]
INFO: [ app_begin ] --END-- [ RunTime:0.002001s ]
SQL: SHOW COLUMNS FROM `admin` [ RunTime:0.0030s ]
SQL: SELECT * FROM `admin` WHERE ( adminuser='admin' ) LIMIT 1   [ RunTime:0.0000s ]
SQL: SHOW COLUMNS FROM `review` [ RunTime:0.0030s ]
SQL: UPDATE `review` SET `upvote`=upvote-1 WHERE ( identifier = '3fp3q1jjwf0gg44w4w8' ) [ RunTime:0.0770s ]

[ 2017-05-19T19:55:43+08:00 ] 127.0.0.1 /admin/message/index.html
INFO: [ app_init ] --START--
INFO: Run Behavior\BuildLiteBehavior [ RunTime:0.000000s ]
INFO: [ app_init ] --END-- [ RunTime:0.001000s ]
INFO: [ app_begin ] --START--
INFO: Run Behavior\ReadHtmlCacheBehavior [ RunTime:0.001000s ]
INFO: Run Behavior\CheckLangBehavior [ RunTime:0.001000s ]
INFO: [ app_begin ] --END-- [ RunTime:0.002000s ]
SQL: SHOW COLUMNS FROM `admin` [ RunTime:0.0040s ]
SQL: SELECT * FROM `admin` WHERE ( adminuser='admin' ) LIMIT 1   [ RunTime:0.0010s ]
SQL: SHOW COLUMNS FROM `message` [ RunTime:0.0030s ]
SQL: SELECT * FROM `message`  [ RunTime:0.0000s ]
INFO: [ view_parse ] --START--
NOTIC: [2] file_get_contents(./app/Admin/View/default/Base/loading.html): failed to open stream: No such file or directory E:\xampp\htdocs\think\system\Library\Think\Template.class.php 第 696 行.
INFO: [ template_filter ] --START--
INFO: Run Behavior\ContentReplaceBehavior [ RunTime:0.001000s ]
INFO: [ template_filter ] --END-- [ RunTime:0.001000s ]
INFO: Run Behavior\ParseTemplateBehavior [ RunTime:0.020001s ]
INFO: [ view_parse ] --END-- [ RunTime:0.020001s ]
INFO: [ view_filter ] --START--
INFO: Run Behavior\WriteHtmlCacheBehavior [ RunTime:0.001000s ]
INFO: [ view_filter ] --END-- [ RunTime:0.001000s ]
INFO: [ app_end ] --START--
INFO: Run Behavior\ShowPageTraceBehavior [ RunTime:0.002001s ]
INFO: [ app_end ] --END-- [ RunTime:0.002001s ]

[ 2017-05-19T19:55:45+08:00 ] 127.0.0.1 /admin/reply_message/index.html
INFO: [ app_init ] --START--
INFO: Run Behavior\BuildLiteBehavior [ RunTime:0.000000s ]
INFO: [ app_init ] --END-- [ RunTime:0.000000s ]
INFO: [ app_begin ] --START--
INFO: Run Behavior\ReadHtmlCacheBehavior [ RunTime:0.001000s ]
INFO: Run Behavior\CheckLangBehavior [ RunTime:0.001000s ]
INFO: [ app_begin ] --END-- [ RunTime:0.002000s ]
SQL: SHOW COLUMNS FROM `admin` [ RunTime:0.0040s ]
SQL: SELECT * FROM `admin` WHERE ( adminuser='admin' ) LIMIT 1   [ RunTime:0.0010s ]
SQL: SHOW COLUMNS FROM `reply_message` [ RunTime:0.0040s ]
SQL: SELECT * FROM `reply_message`  [ RunTime:0.0020s ]
INFO: [ view_parse ] --START--
NOTIC: [2] file_get_contents(./app/Admin/View/default/Base/loading.html): failed to open stream: No such file or directory E:\xampp\htdocs\think\system\Library\Think\Template.class.php 第 696 行.
INFO: [ template_filter ] --START--
INFO: Run Behavior\ContentReplaceBehavior [ RunTime:0.000000s ]
INFO: [ template_filter ] --END-- [ RunTime:0.000000s ]
INFO: Run Behavior\ParseTemplateBehavior [ RunTime:0.018001s ]
INFO: [ view_parse ] --END-- [ RunTime:0.018001s ]
INFO: [ view_filter ] --START--
INFO: Run Behavior\WriteHtmlCacheBehavior [ RunTime:0.000000s ]
INFO: [ view_filter ] --END-- [ RunTime:0.000000s ]
INFO: [ app_end ] --START--
INFO: Run Behavior\ShowPageTraceBehavior [ RunTime:0.001000s ]
INFO: [ app_end ] --END-- [ RunTime:0.001000s ]

[ 2017-05-19T19:55:52+08:00 ] 127.0.0.1 /admin/message/upvote.html
INFO: [ app_init ] --START--
INFO: Run Behavior\BuildLiteBehavior [ RunTime:0.000000s ]
INFO: [ app_init ] --END-- [ RunTime:0.000000s ]
INFO: [ app_begin ] --START--
INFO: Run Behavior\ReadHtmlCacheBehavior [ RunTime:0.001000s ]
INFO: Run Behavior\CheckLangBehavior [ RunTime:0.001000s ]
INFO: [ app_begin ] --END-- [ RunTime:0.002000s ]
SQL: SHOW COLUMNS FROM `admin` [ RunTime:0.0030s ]
SQL: SELECT * FROM `admin` WHERE ( adminuser='admin' ) LIMIT 1   [ RunTime:0.0010s ]
SQL: SHOW COLUMNS FROM `message` [ RunTime:0.0030s ]
SQL: UPDATE `message` SET `upvote`=upvote+1 WHERE ( identifier = '23eyjdav547488ww4g0' ) [ RunTime:0.0670s ]

[ 2017-05-19T19:55:58+08:00 ] 127.0.0.1 /admin/reply_message/index.html
INFO: [ app_init ] --START--
INFO: Run Behavior\BuildLiteBehavior [ RunTime:0.000000s ]
INFO: [ app_init ] --END-- [ RunTime:0.001000s ]
INFO: [ app_begin ] --START--
INFO: Run Behavior\ReadHtmlCacheBehavior [ RunTime:0.001000s ]
INFO: Run Behavior\CheckLangBehavior [ RunTime:0.000000s ]
INFO: [ app_begin ] --END-- [ RunTime:0.001000s ]
SQL: SHOW COLUMNS FROM `admin` [ RunTime:0.0050s ]
SQL: SELECT * FROM `admin` WHERE ( adminuser='admin' ) LIMIT 1   [ RunTime:0.0000s ]
SQL: SHOW COLUMNS FROM `reply_message` [ RunTime:0.0030s ]
SQL: SELECT * FROM `reply_message`  [ RunTime:0.0000s ]
INFO: [ view_parse ] --START--
NOTIC: [2] file_get_contents(./app/Admin/View/default/Base/loading.html): failed to open stream: No such file or directory E:\xampp\htdocs\think\system\Library\Think\Template.class.php 第 696 行.
INFO: [ template_filter ] --START--
INFO: Run Behavior\ContentReplaceBehavior [ RunTime:0.000000s ]
INFO: [ template_filter ] --END-- [ RunTime:0.000000s ]
INFO: Run Behavior\ParseTemplateBehavior [ RunTime:0.018001s ]
INFO: [ view_parse ] --END-- [ RunTime:0.018001s ]
INFO: [ view_filter ] --START--
INFO: Run Behavior\WriteHtmlCacheBehavior [ RunTime:0.000000s ]
INFO: [ view_filter ] --END-- [ RunTime:0.000000s ]
INFO: [ app_end ] --START--
INFO: Run Behavior\ShowPageTraceBehavior [ RunTime:0.001000s ]
INFO: [ app_end ] --END-- [ RunTime:0.001000s ]

[ 2017-05-19T19:56:01+08:00 ] 127.0.0.1 /admin/message/index.html
INFO: [ app_init ] --START--
INFO: Run Behavior\BuildLiteBehavior [ RunTime:0.000000s ]
INFO: [ app_init ] --END-- [ RunTime:0.000000s ]
INFO: [ app_begin ] --START--
INFO: Run Behavior\ReadHtmlCacheBehavior [ RunTime:0.001000s ]
INFO: Run Behavior\CheckLangBehavior [ RunTime:0.001000s ]
INFO: [ app_begin ] --END-- [ RunTime:0.002000s ]
SQL: SHOW COLUMNS FROM `admin` [ RunTime:0.0040s ]
SQL: SELECT * FROM `admin` WHERE ( adminuser='admin' ) LIMIT 1   [ RunTime:0.0000s ]
SQL: SHOW COLUMNS FROM `message` [ RunTime:0.0040s ]
SQL: SELECT * FROM `message`  [ RunTime:0.0020s ]
INFO: [ view_parse ] --START--
NOTIC: [2] file_get_contents(./app/Admin/View/default/Base/loading.html): failed to open stream: No such file or directory E:\xampp\htdocs\think\system\Library\Think\Template.class.php 第 696 行.
INFO: [ template_filter ] --START--
INFO: Run Behavior\ContentReplaceBehavior [ RunTime:0.000000s ]
INFO: [ template_filter ] --END-- [ RunTime:0.000000s ]
INFO: Run Behavior\ParseTemplateBehavior [ RunTime:0.017001s ]
INFO: [ view_parse ] --END-- [ RunTime:0.018001s ]
INFO: [ view_filter ] --START--
INFO: Run Behavior\WriteHtmlCacheBehavior [ RunTime:0.000000s ]
INFO: [ view_filter ] --END-- [ RunTime:0.000000s ]
INFO: [ app_end ] --START--
INFO: Run Behavior\ShowPageTraceBehavior [ RunTime:0.001000s ]
INFO: [ app_end ] --END-- [ RunTime:0.001000s ]

[ 2017-05-19T19:56:05+08:00 ] 127.0.0.1 /admin/message/editmessage.html
INFO: [ app_init ] --START--
INFO: Run Behavior\BuildLiteBehavior [ RunTime:0.000000s ]
INFO: [ app_init ] --END-- [ RunTime:0.001000s ]
INFO: [ app_begin ] --START--
INFO: Run Behavior\ReadHtmlCacheBehavior [ RunTime:0.001000s ]
INFO: Run Behavior\CheckLangBehavior [ RunTime:0.002000s ]
INFO: [ app_begin ] --END-- [ RunTime:0.003000s ]
SQL: SHOW COLUMNS FROM `admin` [ RunTime:0.0040s ]
SQL: SELECT * FROM `admin` WHERE ( adminuser='admin' ) LIMIT 1   [ RunTime:0.0010s ]
SQL: SHOW COLUMNS FROM `message` [ RunTime:0.0030s ]
SQL: UPDATE `message` SET `auditing`='0' WHERE `id` = 1 [ RunTime:0.0510s ]

[ 2017-05-19T19:56:06+08:00 ] 127.0.0.1 /admin/message/editmessage.html
INFO: [ app_init ] --START--
INFO: Run Behavior\BuildLiteBehavior [ RunTime:0.000000s ]
INFO: [ app_init ] --END-- [ RunTime:0.001000s ]
INFO: [ app_begin ] --START--
INFO: Run Behavior\ReadHtmlCacheBehavior [ RunTime:0.001000s ]
INFO: Run Behavior\CheckLangBehavior [ RunTime:0.000000s ]
INFO: [ app_begin ] --END-- [ RunTime:0.001000s ]
SQL: SHOW COLUMNS FROM `admin` [ RunTime:0.0040s ]
SQL: SELECT * FROM `admin` WHERE ( adminuser='admin' ) LIMIT 1   [ RunTime:0.0010s ]
SQL: SHOW COLUMNS FROM `message` [ RunTime:0.0040s ]
SQL: UPDATE `message` SET `auditing`='1' WHERE `id` = 1 [ RunTime:0.0710s ]

[ 2017-05-19T20:01:56+08:00 ] 127.0.0.1 /admin/reply_review/addreplyreview.html
INFO: [ app_init ] --START--
INFO: Run Behavior\BuildLiteBehavior [ RunTime:0.000000s ]
INFO: [ app_init ] --END-- [ RunTime:0.001000s ]
INFO: [ app_begin ] --START--
INFO: Run Behavior\ReadHtmlCacheBehavior [ RunTime:0.001001s ]
INFO: Run Behavior\CheckLangBehavior [ RunTime:0.000000s ]
INFO: [ app_begin ] --END-- [ RunTime:0.001001s ]
SQL: SHOW COLUMNS FROM `admin` [ RunTime:0.0030s ]
SQL: SELECT * FROM `admin` WHERE ( adminuser='admin' ) LIMIT 1   [ RunTime:0.0010s ]
SQL: SHOW COLUMNS FROM `reply_review` [ RunTime:0.0030s ]
SQL: INSERT INTO `reply_review` (`reply_reviewer`,`reply_master`,`article_id`,`content`,`identifier`,`addtime`) VALUES ('我','我','3','窝窝','3fp3q1jjwf0gg44w4w8','1495195316') [ RunTime:0.0640s ]
SQL: SHOW COLUMNS FROM `review` [ RunTime:0.0030s ]
SQL: UPDATE `review` SET `count`=count+1 WHERE ( identifier = '3fp3q1jjwf0gg44w4w8' ) [ RunTime:0.0520s ]

[ 2017-05-19T20:02:18+08:00 ] 127.0.0.1 /admin/reply_review/index.html
INFO: [ app_init ] --START--
INFO: Run Behavior\BuildLiteBehavior [ RunTime:0.000000s ]
INFO: [ app_init ] --END-- [ RunTime:0.000000s ]
INFO: [ app_begin ] --START--
INFO: Run Behavior\ReadHtmlCacheBehavior [ RunTime:0.001000s ]
INFO: Run Behavior\CheckLangBehavior [ RunTime:0.001000s ]
INFO: [ app_begin ] --END-- [ RunTime:0.002000s ]
SQL: SHOW COLUMNS FROM `admin` [ RunTime:0.0030s ]
SQL: SELECT * FROM `admin` WHERE ( adminuser='admin' ) LIMIT 1   [ RunTime:0.0020s ]
SQL: SHOW COLUMNS FROM `reply_review` [ RunTime:0.0040s ]
SQL: SELECT * FROM `reply_review`  [ RunTime:0.0010s ]
INFO: [ view_parse ] --START--
NOTIC: [2] file_get_contents(./app/Admin/View/default/Base/loading.html): failed to open stream: No such file or directory E:\xampp\htdocs\think\system\Library\Think\Template.class.php 第 696 行.
INFO: [ template_filter ] --START--
INFO: Run Behavior\ContentReplaceBehavior [ RunTime:0.000000s ]
INFO: [ template_filter ] --END-- [ RunTime:0.000000s ]
INFO: Run Behavior\ParseTemplateBehavior [ RunTime:0.018001s ]
INFO: [ view_parse ] --END-- [ RunTime:0.018001s ]
INFO: [ view_filter ] --START--
INFO: Run Behavior\WriteHtmlCacheBehavior [ RunTime:0.000000s ]
INFO: [ view_filter ] --END-- [ RunTime:0.001000s ]
INFO: [ app_end ] --START--
INFO: Run Behavior\ShowPageTraceBehavior [ RunTime:0.001000s ]
INFO: [ app_end ] --END-- [ RunTime:0.001000s ]

[ 2017-05-19T20:02:24+08:00 ] 127.0.0.1 /admin/message/index.html
INFO: [ app_init ] --START--
INFO: Run Behavior\BuildLiteBehavior [ RunTime:0.000000s ]
INFO: [ app_init ] --END-- [ RunTime:0.001000s ]
INFO: [ app_begin ] --START--
INFO: Run Behavior\ReadHtmlCacheBehavior [ RunTime:0.001000s ]
INFO: Run Behavior\CheckLangBehavior [ RunTime:0.001000s ]
INFO: [ app_begin ] --END-- [ RunTime:0.002000s ]
SQL: SHOW COLUMNS FROM `admin` [ RunTime:0.0040s ]
SQL: SELECT * FROM `admin` WHERE ( adminuser='admin' ) LIMIT 1   [ RunTime:0.0010s ]
SQL: SHOW COLUMNS FROM `message` [ RunTime:0.0040s ]
SQL: SELECT * FROM `message`  [ RunTime:0.0020s ]
INFO: [ view_parse ] --START--
NOTIC: [2] file_get_contents(./app/Admin/View/default/Base/loading.html): failed to open stream: No such file or directory E:\xampp\htdocs\think\system\Library\Think\Template.class.php 第 696 行.
INFO: [ template_filter ] --START--
INFO: Run Behavior\ContentReplaceBehavior [ RunTime:0.000000s ]
INFO: [ template_filter ] --END-- [ RunTime:0.000000s ]
INFO: Run Behavior\ParseTemplateBehavior [ RunTime:0.018001s ]
INFO: [ view_parse ] --END-- [ RunTime:0.018001s ]
INFO: [ view_filter ] --START--
INFO: Run Behavior\WriteHtmlCacheBehavior [ RunTime:0.001000s ]
INFO: [ view_filter ] --END-- [ RunTime:0.001000s ]
INFO: [ app_end ] --START--
INFO: Run Behavior\ShowPageTraceBehavior [ RunTime:0.001000s ]
INFO: [ app_end ] --END-- [ RunTime:0.001000s ]

[ 2017-05-19T20:02:29+08:00 ] 127.0.0.1 /admin/article/index.html
INFO: [ app_init ] --START--
INFO: Run Behavior\BuildLiteBehavior [ RunTime:0.000000s ]
INFO: [ app_init ] --END-- [ RunTime:0.001000s ]
INFO: [ app_begin ] --START--
INFO: Run Behavior\ReadHtmlCacheBehavior [ RunTime:0.000000s ]
INFO: Run Behavior\CheckLangBehavior [ RunTime:0.000000s ]
INFO: [ app_begin ] --END-- [ RunTime:0.001000s ]
SQL: SHOW COLUMNS FROM `admin` [ RunTime:0.0030s ]
SQL: SELECT * FROM `admin` WHERE ( adminuser='admin' ) LIMIT 1   [ RunTime:0.0000s ]
SQL: SHOW COLUMNS FROM `article` [ RunTime:0.0030s ]
SQL: SELECT * FROM `article` WHERE ( admin_id='1' )  [ RunTime:0.0010s ]
INFO: [ view_parse ] --START--
NOTIC: [2] file_get_contents(./app/Admin/View/default/Base/loading.html): failed to open stream: No such file or directory E:\xampp\htdocs\think\system\Library\Think\Template.class.php 第 696 行.
INFO: [ template_filter ] --START--
INFO: Run Behavior\ContentReplaceBehavior [ RunTime:0.000000s ]
INFO: [ template_filter ] --END-- [ RunTime:0.000000s ]
INFO: Run Behavior\ParseTemplateBehavior [ RunTime:0.020001s ]
INFO: [ view_parse ] --END-- [ RunTime:0.020001s ]
INFO: [ view_filter ] --START--
INFO: Run Behavior\WriteHtmlCacheBehavior [ RunTime:0.000000s ]
INFO: [ view_filter ] --END-- [ RunTime:0.000000s ]
INFO: [ app_end ] --START--
INFO: Run Behavior\ShowPageTraceBehavior [ RunTime:0.003001s ]
INFO: [ app_end ] --END-- [ RunTime:0.003001s ]

[ 2017-05-19T20:03:19+08:00 ] 127.0.0.1 /admin/article/index.html
INFO: [ app_init ] --START--
INFO: Run Behavior\BuildLiteBehavior [ RunTime:0.000000s ]
INFO: [ app_init ] --END-- [ RunTime:0.000000s ]
INFO: [ app_begin ] --START--
INFO: Run Behavior\ReadHtmlCacheBehavior [ RunTime:0.001000s ]
INFO: Run Behavior\CheckLangBehavior [ RunTime:0.001000s ]
INFO: [ app_begin ] --END-- [ RunTime:0.002000s ]
SQL: SHOW COLUMNS FROM `admin` [ RunTime:0.0030s ]
SQL: SELECT * FROM `admin` WHERE ( adminuser='admin' ) LIMIT 1   [ RunTime:0.0000s ]
SQL: SHOW COLUMNS FROM `article` [ RunTime:0.0060s ]
SQL: SELECT * FROM `article` WHERE ( admin_id='1' )  [ RunTime:0.0030s ]
INFO: [ view_parse ] --START--
NOTIC: [2] file_get_contents(./app/Admin/View/default/Base/loading.html): failed to open stream: No such file or directory E:\xampp\htdocs\think\system\Library\Think\Template.class.php 第 696 行.
INFO: [ template_filter ] --START--
INFO: Run Behavior\ContentReplaceBehavior [ RunTime:0.000000s ]
INFO: [ template_filter ] --END-- [ RunTime:0.000000s ]
INFO: Run Behavior\ParseTemplateBehavior [ RunTime:0.023002s ]
INFO: [ view_parse ] --END-- [ RunTime:0.023002s ]
INFO: [ view_filter ] --START--
INFO: Run Behavior\WriteHtmlCacheBehavior [ RunTime:0.000000s ]
INFO: [ view_filter ] --END-- [ RunTime:0.000000s ]
INFO: [ app_end ] --START--
INFO: Run Behavior\ShowPageTraceBehavior [ RunTime:0.001000s ]
INFO: [ app_end ] --END-- [ RunTime:0.001000s ]

[ 2017-05-19T20:03:48+08:00 ] 127.0.0.1 /admin/article/index.html
INFO: [ app_init ] --START--
INFO: Run Behavior\BuildLiteBehavior [ RunTime:0.000000s ]
INFO: [ app_init ] --END-- [ RunTime:0.002000s ]
INFO: [ app_begin ] --START--
INFO: Run Behavior\ReadHtmlCacheBehavior [ RunTime:0.002000s ]
INFO: Run Behavior\CheckLangBehavior [ RunTime:0.000000s ]
INFO: [ app_begin ] --END-- [ RunTime:0.002000s ]
SQL: SHOW COLUMNS FROM `admin` [ RunTime:0.0040s ]
SQL: SELECT * FROM `admin` WHERE ( adminuser='admin' ) LIMIT 1   [ RunTime:0.0010s ]
SQL: SHOW COLUMNS FROM `article` [ RunTime:0.0030s ]
SQL: SELECT * FROM `article` WHERE ( admin_id='1' )  [ RunTime:0.0020s ]
INFO: [ view_parse ] --START--
NOTIC: [2] file_get_contents(./app/Admin/View/default/Base/loading.html): failed to open stream: No such file or directory E:\xampp\htdocs\think\system\Library\Think\Template.class.php 第 696 行.
INFO: [ template_filter ] --START--
INFO: Run Behavior\ContentReplaceBehavior [ RunTime:0.000000s ]
INFO: [ template_filter ] --END-- [ RunTime:0.000000s ]
INFO: Run Behavior\ParseTemplateBehavior [ RunTime:0.026001s ]
INFO: [ view_parse ] --END-- [ RunTime:0.026001s ]
INFO: [ view_filter ] --START--
INFO: Run Behavior\WriteHtmlCacheBehavior [ RunTime:0.001000s ]
INFO: [ view_filter ] --END-- [ RunTime:0.001000s ]
INFO: [ app_end ] --START--
INFO: Run Behavior\ShowPageTraceBehavior [ RunTime:0.002000s ]
INFO: [ app_end ] --END-- [ RunTime:0.002000s ]

[ 2017-05-19T20:03:53+08:00 ] 127.0.0.1 /admin/index/index.html
INFO: [ app_init ] --START--
INFO: Run Behavior\BuildLiteBehavior [ RunTime:0.000000s ]
INFO: [ app_init ] --END-- [ RunTime:0.001000s ]
INFO: [ app_begin ] --START--
INFO: Run Behavior\ReadHtmlCacheBehavior [ RunTime:0.001000s ]
INFO: Run Behavior\CheckLangBehavior [ RunTime:0.001000s ]
INFO: [ app_begin ] --END-- [ RunTime:0.002000s ]
SQL: SHOW COLUMNS FROM `admin` [ RunTime:0.0030s ]
SQL: SELECT * FROM `admin` WHERE ( adminuser='admin' ) LIMIT 1   [ RunTime:0.0010s ]
SQL: SELECT COUNT(*) AS tp_count FROM `admin` LIMIT 1   [ RunTime:0.0000s ]
SQL: SHOW COLUMNS FROM `article` [ RunTime:0.0020s ]
SQL: SELECT COUNT(*) AS tp_count FROM `article` LIMIT 1   [ RunTime:0.0000s ]
SQL: SHOW COLUMNS FROM `diary` [ RunTime:0.0030s ]
SQL: SELECT COUNT(*) AS tp_count FROM `diary` LIMIT 1   [ RunTime:0.0000s ]
INFO: [ view_parse ] --START--
NOTIC: [2] file_get_contents(./app/Admin/View/default/Base/loading.html): failed to open stream: No such file or directory E:\xampp\htdocs\think\system\Library\Think\Template.class.php 第 696 行.
INFO: [ template_filter ] --START--
INFO: Run Behavior\ContentReplaceBehavior [ RunTime:0.000000s ]
INFO: [ template_filter ] --END-- [ RunTime:0.000000s ]
INFO: Run Behavior\ParseTemplateBehavior [ RunTime:0.018001s ]
INFO: [ view_parse ] --END-- [ RunTime:0.018001s ]
INFO: [ view_filter ] --START--
INFO: Run Behavior\WriteHtmlCacheBehavior [ RunTime:0.002000s ]
INFO: [ view_filter ] --END-- [ RunTime:0.002000s ]
INFO: [ app_end ] --START--
INFO: Run Behavior\ShowPageTraceBehavior [ RunTime:0.001000s ]
INFO: [ app_end ] --END-- [ RunTime:0.001000s ]

[ 2017-05-19T20:03:55+08:00 ] 127.0.0.1 /admin/admin/index.html
INFO: [ app_init ] --START--
INFO: Run Behavior\BuildLiteBehavior [ RunTime:0.000000s ]
INFO: [ app_init ] --END-- [ RunTime:0.000000s ]
INFO: [ app_begin ] --START--
INFO: Run Behavior\ReadHtmlCacheBehavior [ RunTime:0.001000s ]
INFO: Run Behavior\CheckLangBehavior [ RunTime:0.001000s ]
INFO: [ app_begin ] --END-- [ RunTime:0.003000s ]
SQL: SHOW COLUMNS FROM `admin` [ RunTime:0.0030s ]
SQL: SELECT * FROM `admin` WHERE ( adminuser='admin' ) LIMIT 1   [ RunTime:0.0010s ]
SQL: SELECT * FROM `admin`  [ RunTime:0.0010s ]
INFO: [ view_parse ] --START--
NOTIC: [2] file_get_contents(./app/Admin/View/default/Base/loading.html): failed to open stream: No such file or directory E:\xampp\htdocs\think\system\Library\Think\Template.class.php 第 696 行.
INFO: [ template_filter ] --START--
INFO: Run Behavior\ContentReplaceBehavior [ RunTime:0.000000s ]
INFO: [ template_filter ] --END-- [ RunTime:0.000000s ]
INFO: Run Behavior\ParseTemplateBehavior [ RunTime:0.022001s ]
INFO: [ view_parse ] --END-- [ RunTime:0.022001s ]
INFO: [ view_filter ] --START--
INFO: Run Behavior\WriteHtmlCacheBehavior [ RunTime:0.001001s ]
INFO: [ view_filter ] --END-- [ RunTime:0.001001s ]
INFO: [ app_end ] --START--
INFO: Run Behavior\ShowPageTraceBehavior [ RunTime:0.002000s ]
INFO: [ app_end ] --END-- [ RunTime:0.002000s ]

[ 2017-05-19T20:04:00+08:00 ] 127.0.0.1 /admin/admin/roleuser.html
INFO: [ app_init ] --START--
INFO: Run Behavior\BuildLiteBehavior [ RunTime:0.000000s ]
INFO: [ app_init ] --END-- [ RunTime:0.001000s ]
INFO: [ app_begin ] --START--
INFO: Run Behavior\ReadHtmlCacheBehavior [ RunTime:0.002000s ]
INFO: Run Behavior\CheckLangBehavior [ RunTime:0.001000s ]
INFO: [ app_begin ] --END-- [ RunTime:0.003000s ]
SQL: SHOW COLUMNS FROM `admin` [ RunTime:0.0040s ]
SQL: SELECT * FROM `admin` WHERE ( adminuser='admin' ) LIMIT 1   [ RunTime:0.0010s ]
SQL: UPDATE `admin` SET `role_id`='1' WHERE `id` = 2 [ RunTime:0.0720s ]

[ 2017-05-19T20:04:01+08:00 ] 127.0.0.1 /admin/account/verify.html
INFO: [ app_init ] --START--
INFO: Run Behavior\BuildLiteBehavior [ RunTime:0.000000s ]
INFO: [ app_init ] --END-- [ RunTime:0.001000s ]
INFO: [ app_begin ] --START--
INFO: Run Behavior\ReadHtmlCacheBehavior [ RunTime:0.001000s ]
INFO: Run Behavior\CheckLangBehavior [ RunTime:0.001000s ]
INFO: [ app_begin ] --END-- [ RunTime:0.002000s ]
INFO: [ app_end ] --START--
INFO: Run Behavior\ShowPageTraceBehavior [ RunTime:0.002000s ]
INFO: [ app_end ] --END-- [ RunTime:0.002000s ]

[ 2017-05-19T20:04:06+08:00 ] 127.0.0.1 /admin/account/verify.html
INFO: [ app_init ] --START--
INFO: Run Behavior\BuildLiteBehavior [ RunTime:0.000000s ]
INFO: [ app_init ] --END-- [ RunTime:0.001000s ]
INFO: [ app_begin ] --START--
INFO: Run Behavior\ReadHtmlCacheBehavior [ RunTime:0.001000s ]
INFO: Run Behavior\CheckLangBehavior [ RunTime:0.001000s ]
INFO: [ app_begin ] --END-- [ RunTime:0.002000s ]
INFO: [ app_end ] --START--
INFO: Run Behavior\ShowPageTraceBehavior [ RunTime:0.001000s ]
INFO: [ app_end ] --END-- [ RunTime:0.002000s ]

[ 2017-05-19T20:04:07+08:00 ] 127.0.0.1 /admin/account/verify.html
INFO: [ app_init ] --START--
INFO: Run Behavior\BuildLiteBehavior [ RunTime:0.001000s ]
INFO: [ app_init ] --END-- [ RunTime:0.001000s ]
INFO: [ app_begin ] --START--
INFO: Run Behavior\ReadHtmlCacheBehavior [ RunTime:0.001000s ]
INFO: Run Behavior\CheckLangBehavior [ RunTime:0.001000s ]
INFO: [ app_begin ] --END-- [ RunTime:0.002000s ]
INFO: [ app_end ] --START--
INFO: Run Behavior\ShowPageTraceBehavior [ RunTime:0.001001s ]
INFO: [ app_end ] --END-- [ RunTime:0.001001s ]

[ 2017-05-19T20:04:17+08:00 ] 127.0.0.1 /admin/review/upvote.html
INFO: [ app_init ] --START--
INFO: Run Behavior\BuildLiteBehavior [ RunTime:0.000000s ]
INFO: [ app_init ] --END-- [ RunTime:0.001000s ]
INFO: [ app_begin ] --START--
INFO: Run Behavior\ReadHtmlCacheBehavior [ RunTime:0.001000s ]
INFO: Run Behavior\CheckLangBehavior [ RunTime:0.001000s ]
INFO: [ app_begin ] --END-- [ RunTime:0.003000s ]
SQL: SHOW COLUMNS FROM `admin` [ RunTime:0.0030s ]
SQL: SELECT * FROM `admin` WHERE ( adminuser='admin' ) LIMIT 1   [ RunTime:0.0010s ]
SQL: SHOW COLUMNS FROM `review` [ RunTime:0.0030s ]
SQL: UPDATE `review` SET `upvote`=upvote+1 WHERE ( identifier = '3fp3q1jjwf0gg44w4w8' ) [ RunTime:0.0670s ]

[ 2017-05-19T20:04:19+08:00 ] 127.0.0.1 /admin/review/upvote.html
INFO: [ app_init ] --START--
INFO: Run Behavior\BuildLiteBehavior [ RunTime:0.000000s ]
INFO: [ app_init ] --END-- [ RunTime:0.001000s ]
INFO: [ app_begin ] --START--
INFO: Run Behavior\ReadHtmlCacheBehavior [ RunTime:0.001000s ]
INFO: Run Behavior\CheckLangBehavior [ RunTime:0.001000s ]
INFO: [ app_begin ] --END-- [ RunTime:0.002000s ]
SQL: SHOW COLUMNS FROM `admin` [ RunTime:0.0030s ]
SQL: SELECT * FROM `admin` WHERE ( adminuser='admin' ) LIMIT 1   [ RunTime:0.0000s ]
SQL: SHOW COLUMNS FROM `review` [ RunTime:0.0030s ]
SQL: UPDATE `review` SET `upvote`=upvote-1 WHERE ( identifier = '3fp3q1jjwf0gg44w4w8' ) [ RunTime:0.0560s ]

[ 2017-05-19T20:04:20+08:00 ] 127.0.0.1 /admin/review/upvote.html
INFO: [ app_init ] --START--
INFO: Run Behavior\BuildLiteBehavior [ RunTime:0.000000s ]
INFO: [ app_init ] --END-- [ RunTime:0.001000s ]
INFO: [ app_begin ] --START--
INFO: Run Behavior\ReadHtmlCacheBehavior [ RunTime:0.001000s ]
INFO: Run Behavior\CheckLangBehavior [ RunTime:0.002000s ]
INFO: [ app_begin ] --END-- [ RunTime:0.003000s ]
SQL: SHOW COLUMNS FROM `admin` [ RunTime:0.0050s ]
SQL: SELECT * FROM `admin` WHERE ( adminuser='admin' ) LIMIT 1   [ RunTime:0.0010s ]
SQL: SHOW COLUMNS FROM `review` [ RunTime:0.0030s ]
SQL: UPDATE `review` SET `upvote`=upvote+1 WHERE ( identifier = '3fp3q1jjwf0gg44w4w8' ) [ RunTime:0.0610s ]

[ 2017-05-19T20:04:33+08:00 ] 127.0.0.1 /admin/review/upvote.html
INFO: [ app_init ] --START--
INFO: Run Behavior\BuildLiteBehavior [ RunTime:0.000000s ]
INFO: [ app_init ] --END-- [ RunTime:0.001000s ]
INFO: [ app_begin ] --START--
INFO: Run Behavior\ReadHtmlCacheBehavior [ RunTime:0.001000s ]
INFO: Run Behavior\CheckLangBehavior [ RunTime:0.001000s ]
INFO: [ app_begin ] --END-- [ RunTime:0.002000s ]
SQL: SHOW COLUMNS FROM `admin` [ RunTime:0.0030s ]
SQL: SELECT * FROM `admin` WHERE ( adminuser='admin' ) LIMIT 1   [ RunTime:0.0050s ]
SQL: SHOW COLUMNS FROM `review` [ RunTime:0.0030s ]
SQL: UPDATE `review` SET `upvote`=upvote+1 WHERE ( identifier = 'nrb2sa793k04ws0gow' ) [ RunTime:0.0490s ]

[ 2017-05-19T20:04:35+08:00 ] 127.0.0.1 /admin/review/upvote.html
INFO: [ app_init ] --START--
INFO: Run Behavior\BuildLiteBehavior [ RunTime:0.000000s ]
INFO: [ app_init ] --END-- [ RunTime:0.000000s ]
INFO: [ app_begin ] --START--
INFO: Run Behavior\ReadHtmlCacheBehavior [ RunTime:0.001000s ]
INFO: Run Behavior\CheckLangBehavior [ RunTime:0.001000s ]
INFO: [ app_begin ] --END-- [ RunTime:0.002000s ]
SQL: SHOW COLUMNS FROM `admin` [ RunTime:0.0040s ]
SQL: SELECT * FROM `admin` WHERE ( adminuser='admin' ) LIMIT 1   [ RunTime:0.0010s ]
SQL: SHOW COLUMNS FROM `review` [ RunTime:0.0040s ]
SQL: UPDATE `review` SET `upvote`=upvote-1 WHERE ( identifier = 'nrb2sa793k04ws0gow' ) [ RunTime:0.0650s ]

[ 2017-05-19T20:05:21+08:00 ] 127.0.0.1 /admin/review/upvote.html
INFO: [ app_init ] --START--
INFO: Run Behavior\BuildLiteBehavior [ RunTime:0.000000s ]
INFO: [ app_init ] --END-- [ RunTime:0.000000s ]
INFO: [ app_begin ] --START--
INFO: Run Behavior\ReadHtmlCacheBehavior [ RunTime:0.002000s ]
INFO: Run Behavior\CheckLangBehavior [ RunTime:0.001000s ]
INFO: [ app_begin ] --END-- [ RunTime:0.003000s ]
SQL: SHOW COLUMNS FROM `admin` [ RunTime:0.0030s ]
SQL: SELECT * FROM `admin` WHERE ( adminuser='admin' ) LIMIT 1   [ RunTime:0.0000s ]
SQL: SHOW COLUMNS FROM `review` [ RunTime:0.0030s ]
SQL: UPDATE `review` SET `upvote`=upvote+1 WHERE ( identifier = 'nrb2sa793k04ws0gow' ) [ RunTime:0.0880s ]

[ 2017-05-19T20:05:25+08:00 ] 127.0.0.1 /admin/review/upvote.html
INFO: [ app_init ] --START--
INFO: Run Behavior\BuildLiteBehavior [ RunTime:0.000000s ]
INFO: [ app_init ] --END-- [ RunTime:0.001000s ]
INFO: [ app_begin ] --START--
INFO: Run Behavior\ReadHtmlCacheBehavior [ RunTime:0.001000s ]
INFO: Run Behavior\CheckLangBehavior [ RunTime:0.001000s ]
INFO: [ app_begin ] --END-- [ RunTime:0.002000s ]
SQL: SHOW COLUMNS FROM `admin` [ RunTime:0.0040s ]
SQL: SELECT * FROM `admin` WHERE ( adminuser='admin' ) LIMIT 1   [ RunTime:0.0000s ]
SQL: SHOW COLUMNS FROM `review` [ RunTime:0.0030s ]
SQL: UPDATE `review` SET `upvote`=upvote-1 WHERE ( identifier = 'nrb2sa793k04ws0gow' ) [ RunTime:0.0660s ]

[ 2017-05-19T20:05:42+08:00 ] 127.0.0.1 /admin/message/upvote.html
INFO: [ app_init ] --START--
INFO: Run Behavior\BuildLiteBehavior [ RunTime:0.000000s ]
INFO: [ app_init ] --END-- [ RunTime:0.001000s ]
INFO: [ app_begin ] --START--
INFO: Run Behavior\ReadHtmlCacheBehavior [ RunTime:0.001001s ]
INFO: Run Behavior\CheckLangBehavior [ RunTime:0.001000s ]
INFO: [ app_begin ] --END-- [ RunTime:0.002001s ]
SQL: SHOW COLUMNS FROM `admin` [ RunTime:0.0030s ]
SQL: SELECT * FROM `admin` WHERE ( adminuser='admin' ) LIMIT 1   [ RunTime:0.0000s ]
SQL: SHOW COLUMNS FROM `message` [ RunTime:0.0020s ]
SQL: UPDATE `message` SET `upvote`=upvote+1 WHERE ( identifier = '23eyjdav547488ww4g0' ) [ RunTime:0.0780s ]

